
 *******************************************************************************

   MSTor 2023 program

   Jingjing Zheng, Wenqi Chen, Steven L. Mielke, Junwei Lucas Bao,
   Rubén Meana-Pañeda, Kenneth L. Clarkson, Xuefei Xu, and Donald G. Truhlar

   Department of Chemistry and Supercomputing Institute
   University of Minnesota, Minneapolis, Minnesota, USA

   Copyright 2013 - 2023
   Donald G. Truhlar and Regents of the University of Minnesota

   Citations: 
   MS-T(U) method
     J. Zheng, T. Yu, E. Papajak, I. M. Alecu, S. L. Mielke, and D. G. Truhlar,
     Phys. Chem. Chem. Phys. 13, 10885-10907 (2011).
   MS-T(C) method
     J. Zheng and D. G. Truhlar, J. Chem. Theory Comput. 9, 1356-1367 (2013).
   Dual-level MS-T method
     J. L. Bao, L. Xing, and D. G. Truhlar, J. Chem. Theory Comput. 13, 2511-2522 (2017).
   MS-T(CD) method
     W. Chen, P. Zhang, D. G. Truhlar, J. Zheng and X. Xu, J. Chem. Theory Comput. 18,
     7671-7682 (2022).
   MSTor 2023 program
     J. Zheng, W. Chen, S. L. Mielke, J. L. Bao, R. Meana-Pañeda, K. L. Clarkson, X. Xu, and D. G. Truhlar,
     MSTor 2023, Tsinghua University, Beijing and University of Minnesota, Minneapolis, 2023
     W. Chen, J. Zheng, D. G. Truhlar, and X. Xu,
     Comp. Phys. Comm.  in preparation.
     J. Zheng, R. Meana-Pañeda, and D. G. Truhlar,
     Comp. Phys. Comm. 184, 2032-2033 (2013).
     J. Zheng, S. L. Mielke, K. L Clarkson, and D. G. Truhlar,
     Comp. Phys. Comm. 183, 1803-1812 (2012).

 *******************************************************************************

                    Naming conventions for the MS methods
   -----------------------------------------------------------------------------
   Common name        Original or other names
   -----------------------------------------------------------------------------
   MS-LH         =    MS-HO (ref. 1)   =   MS-AS-HO (ref. 2)
   MS-T          =    MS-AS (ref. 1)   =   MS-AS-T  (ref. 2)
   -----------------------------------------------------------------------------
   Ref. 1: J. Zheng, T. Yu, E. Papajak, I. M. Alecu, S. L. Mielke, and
           D. G. Truhlar, Phys. Chem. Chem. Phys. 13, 10885 (2011).
   Ref. 2: T. Yu, J. Zheng, and D. G. Truhlar, Chem. Sci. 2, 2199 (2011)

   Calculation run on 03/05/2024 at 16:53:46  

   -----------------------------------------------------------------------------
   User-defined non-redundant internal coordinates is used.
   Redundant internal coordinates auto-generated by the program are prefered whenever possible.
   -----------------------------------------------------------------------------
  
   Number of structures:             1
   Number of frames:                 8
   Number of torsions:               7
   Method:                           MS-T(C)
   Frequency scaling factor:         0.951
   Delta T for finite difference:    0.5 K

The framechain input is missing or incomplete.  We will calculate det(D) from
 det(inverse(G_tor)). If the torsional coordinates have not been chosen very carefully
 your results may be incorrect.
   Internal coordinates
     Bonds:         01-02  01-21  01-22  01-23  02-03  02-19  02-20  03-17  04-05
     Bonds:         04-15  04-16  05-06  05-13  05-14  06-07  06-08  07-09  09-10
     Bonds:         09-11  09-12  03-18  03-04
     Angles:        01-02-19  02-01-22  02-01-23  02-03-17  03-02-19  03-04-15
     Angles:        04-05-13  05-06-07  06-07-09  07-06-08  07-09-10  10-09-12
     Angles:        11-09-12  15-04-16  17-03-18  22-01-23  03-04-16  03-02-20
     Angles:        06-05-14  04-05-06  02-03-04
     Dihedrals:     02-04-18-03  02-21-22-01  03-05-15-04  03-05-16-04
     Dihedrals:     03-19-20-02  04-06-13-05  04-13-14-05  05-07-08-06
     Dihedrals:     07-10-11-09  10-11-12-09  02-17-18-03  02-21-23-01
     Dihedrals:     01-03-20-02  04-03-02-01  05-04-03-02  06-05-04-03
     Dihedrals:     07-06-05-04  09-07-06-05  03-02-01-21  06-07-09-10

   All moment output uses units of amu for masses and Angstroms for distances 

                           ==========================
                                Structure   1
                           ==========================

   Normal-mode Frequencies (cm-1) 
   (Overall translation and rotation projected out)
       0.0001i      0.0000i      0.0000i      0.0000       0.0000       0.0000 
      31.5488      61.6722      67.8279     127.7848     138.6248     154.0031 
     189.3893     211.4116     240.7251     286.0598     348.9101     379.9405 
     500.3700     573.8410     643.2048     712.7795     769.5411     845.0545 
     863.7529     907.9854     929.6169     988.8217    1031.2640    1046.3669 
    1065.2380    1100.2553    1116.3102    1148.3527    1174.9189    1186.8108 
    1213.1816    1240.0991    1256.4510    1281.3063    1293.6983    1332.8631 
    1372.1189    1377.3322    1382.5863    1414.6857    1434.2592    1440.2070 
    1443.9303    1444.0675    1451.7757    1454.9095    1457.7800    1463.1045 
    1799.8334    2940.7234    2951.4422    2958.1284    2966.5625    2976.9901 
    2984.0061    2987.4158    3000.9431    3017.9462    3027.6307    3034.3984 
    3040.6318    3070.5935    3103.4488 
   Torsion-projected frequencies/non-torsional frequencies (cm-1)
     169.9870     212.8561     284.2566     348.7211     379.8792     500.3208 
     571.5351     642.9582     711.1853     769.4295     845.0274     863.7165 
     907.9749     929.5678     988.8069    1031.2636    1046.3580    1065.2327 
    1100.2493    1116.3028    1148.0472    1174.9175    1186.8003    1213.1557 
    1240.0864    1256.4461    1281.2299    1293.6682    1332.8615    1372.1183 
    1377.3318    1382.5826    1414.6770    1434.2589    1440.2063    1443.8529 
    1444.0593    1451.7723    1454.9080    1457.7799    1463.1031    1799.8332 
    2940.7230    2951.4422    2958.1284    2966.5625    2976.9900    2984.0029 
    2987.4158    3000.9372    3017.9441    3027.6298    3034.3972    3040.6317 
    3070.5848    3103.4488 
   Product of consistently coupled torsional frequencies (in cm-1^ntor)  9.7312E+13
   Primitively coupled torsional frequencies (cm-1) (Not used in P.F. calculations)
      35.3241      68.1546      73.3291     133.7807     145.9474     180.3994 
     241.8322 
   Product of primitively coupled torsional frequencies (in cm-1^ntor)   1.5038E+14
   Effective coupled torsional barrier (kcal/mol)
        1.066        1.369        2.638        3.297        4.343        7.552 
        8.065 

   D matrix: 
   Columns are ordered to be consistent with the order of the torsion angles
   m-n        1             2             3             4             5
    1   1.936545E+01 -3.042738E+00  1.651624E+01  3.247194E+00  3.884587E+00
    2  -3.042738E+00  2.690405E+01 -6.897842E+00 -3.458885E+00 -2.540386E+00
    3   1.651624E+01 -6.897842E+00  3.703652E+01  7.240726E+00  8.757294E+00
    4   3.247194E+00 -3.458885E+00  7.240726E+00  4.963601E+01 -1.411577E+01
    5   3.884587E+00 -2.540386E+00  8.757294E+00 -1.411577E+01  1.896929E+01
    6   1.119067E+00  2.802538E+00  1.322144E+00  2.683116E-02  2.042152E-01
    7   5.189690E-01 -4.063283E-01  1.156803E+00  2.665170E+00  1.400749E+00
   m-n        6             7
    1   1.119067E+00  5.189690E-01
    2   2.802538E+00 -4.063283E-01
    3   1.322144E+00  1.156803E+00
    4   2.683116E-02  2.665170E+00
    5   2.042152E-01  1.400749E+00
    6   3.082146E+00  1.988878E-02
    7   1.988878E-02  3.138845E+00

   Eigenvalues of D matrix:
     5.8683E+01    4.9897E+01    2.4909E+01    1.1091E+01    8.4291E+00    2.5981E+00
     2.5254E+00
   Determinant of D matrix  2.216041E+034

          Uncoupled force constants (au), Pitzer moment of inertia (amu A^2),
   uncoupled torsional frequencies (cm-1), and uncoupled torsional barrier (kcal/mol)
   --------------------------------------------------------------------------------
   Torsion               1             2             3             4             5
   Force constant   2.10215E-02  1.99404E-02  3.84830E-02  1.03955E-02  4.33015E-02
   Moment          19.365       26.904       37.037       49.636       18.969
   Tor. Freq.        89.624       74.057       87.685       39.367      129.966
   Rot. barrier       3.854        3.656        7.056        1.906        7.939
   M_j,tau            2.616        2.616        2.616        2.616        2.616

   Torsion               6             7
   Force constant   2.02391E-02  7.85768E-03
   Moment           3.082        3.139
   Tor. Freq.       220.432      136.103
   Rot. barrier       2.822        1.096
   M_j,tau            3.000        3.000
   --------------------------------------------------------------------------------
   Potential Energy =   0.000 kcal/mol
   Weight =  2
   Overall rotational symmetry number =   1

       List of zero-point inclusive energy (kcal/mol) for each structure
      ------------------------------------------------------------------
        Structure            Energy (T = 0 K)
      ------------------------------------------------------------------
          1                    125.03
      ZPE of the system =      125.03


     Note: The following SS-HO and SS-T include the Rot. P.F. and Boltzmann factor,
           but are calculated with weight = 1 for each structure. Weights are
           counted in MS partition functions. Zero of energy is set to the potential
           energy of global minimum.

            Partition function of structure    1
     ================================================================
          T(K)      Rot.          SS-HO           SS-T     SS-T/SS-HO
        600.00    2.0981E+006   3.8963E-032   5.2809E-032    1.355
        700.00    2.6439E+006   2.6679E-024   3.6848E-024    1.381
        800.00    3.2302E+006   3.9433E-018   5.4622E-018    1.385
        900.00    3.8544E+006   4.3855E-013   6.0178E-013    1.372
       1000.00    4.5143E+006   7.7686E-009   1.0457E-008    1.346
       1100.00    5.2081E+006   3.5367E-005   4.6336E-005    1.310
       1200.00    5.9342E+006   5.6995E-002   7.2220E-002    1.267
       1300.00    6.6913E+006   4.0630E+001   4.9539E+001    1.219
       1400.00    7.4780E+006   1.5039E+004   1.7572E+004    1.168
       1500.00    8.2933E+006   3.2541E+006   3.6312E+006    1.116
       1600.00    9.1364E+006   4.5024E+008   4.7853E+008    1.063
       1700.00    1.0006E+007   4.2695E+010   4.3126E+010    1.010
       1800.00    1.0902E+007   2.9304E+012   2.8084E+012    0.958
       1900.00    1.1823E+007   1.5208E+014   1.3810E+014    0.908
       2000.00    1.2768E+007   6.1832E+015   5.3144E+015    0.859

     ================================================================
              Partition Functions Including All Structures
        -----------------------------------------------------------
        Zero of energy is set to potential energy of global minimum
        -----------------------------------------------------------
        T(K)    Elec.        Trans.              Con-rovib
                                            MS-LH    or     MS-T
        600.00  1.0000E+000  3.3954E+008  7.7927E-032  1.0562E-031
        700.00  1.0000E+000  4.9918E+008  5.3358E-024  7.3695E-024
        800.00  1.0000E+000  6.9701E+008  7.8865E-018  1.0924E-017
        900.00  1.0000E+000  9.3567E+008  8.7710E-013  1.2036E-012
       1000.00  1.0000E+000  1.2176E+009  1.5537E-008  2.0914E-008
       1100.00  1.0000E+000  1.5452E+009  7.0734E-005  9.2672E-005
       1200.00  1.0000E+000  1.9207E+009  1.1399E-001  1.4444E-001
       1300.00  1.0000E+000  2.3463E+009  8.1259E+001  9.9079E+001
       1400.00  1.0000E+000  2.8238E+009  3.0078E+004  3.5143E+004
       1500.00  1.0000E+000  3.3554E+009  6.5082E+006  7.2623E+006
       1600.00  1.0000E+000  3.9429E+009  9.0048E+008  9.5705E+008
       1700.00  1.0000E+000  4.5882E+009  8.5389E+010  8.6252E+010
       1800.00  1.0000E+000  5.2929E+009  5.8608E+012  5.6168E+012
       1900.00  1.0000E+000  6.0590E+009  3.0417E+014  2.7620E+014
       2000.00  1.0000E+000  6.8880E+009  1.2366E+016  1.0629E+016

             Total Partition Function (E + T + Con-rovib)
             ---------------------------------------------
                T(K)     E + T + MS-LH     E + T + MS-T
                600.00     2.6459E-023       3.5862E-023
                700.00     2.6636E-015       3.6788E-015
                800.00     5.4970E-009       7.6145E-009
                900.00     8.2067E-004       1.1261E-003
               1000.00     1.8919E+001       2.5466E+001
               1100.00     1.0930E+005       1.4320E+005
               1200.00     2.1895E+008       2.7743E+008
               1300.00     1.9065E+011       2.3246E+011
               1400.00     8.4935E+013       9.9238E+013
               1500.00     2.1838E+016       2.4368E+016
               1600.00     3.5505E+018       3.7736E+018
               1700.00     3.9178E+020       3.9574E+020
               1800.00     3.1021E+022       2.9729E+022
               1900.00     1.8429E+024       1.6735E+024
               2000.00     8.5179E+025       7.3211E+025

     ================================================================
              Partition Functions Including All Structures
        -----------------------------------------------------------
                    Zero of energy is set to ZPE
        -----------------------------------------------------------
        T(K)             Con-rovib                Total
                   MS-LH        MS-T       E+T+MS-LH    E+T+MS-T
        600.00  2.7001E+014  3.6596E+014  9.1681E+022  1.2426E+023
        700.00  5.7707E+015  7.9702E+015  2.8806E+024  3.9786E+024
        800.00  1.1263E+017  1.5602E+017  7.8506E+025  1.0875E+026
        900.00  2.0084E+018  2.7559E+018  1.8792E+027  2.5786E+027
       1000.00  3.2749E+019  4.4082E+019  3.9876E+028  5.3676E+028
       1100.00  4.8918E+020  6.4089E+020  7.5590E+029  9.9033E+029
       1200.00  6.7099E+021  8.5024E+021  1.2888E+031  1.6331E+031
       1300.00  8.4761E+022  1.0335E+023  1.9887E+032  2.4248E+032
       1400.00  9.8916E+023  1.1557E+024  2.7932E+033  3.2636E+033
       1500.00  1.0699E+025  1.1939E+025  3.5899E+034  4.0059E+034
       1600.00  1.0761E+026  1.1437E+026  4.2430E+035  4.5096E+035
       1700.00  1.0098E+027  1.0200E+027  4.6331E+036  4.6800E+036
       1800.00  8.8687E+027  8.4994E+027  4.6941E+037  4.4987E+037
       1900.00  7.3125E+028  6.6401E+028  4.4307E+038  4.0232E+038
       2000.00  5.6774E+029  4.8797E+029  3.9106E+039  3.3611E+039
     ================================================================

                     ==============================
                          Thermodynamic Functions
                      (Ideal gas at standard state)
                     ==============================
     T  - Temperature (Kelvin)        G  - Gibbs Free Energy (kcal/mol)
     E  - Thermal Energy (kcal/mol)   H  - Enthalpy (kcal/mol)
     S  - Entropy (cal/(mol-K))
     Cp - Heat Capacity at Constant Pressure (cal/(mol-K))
        -----------------------------------------------------------
        Zero of energy is set to potential energy of global minimum
        -----------------------------------------------------------

               Contribution from electronic P.F. 
     ================================================================
                  T          G          E          S
                600.00      -0.000      0.000      0.000
                700.00      -0.000      0.000      0.000
                800.00      -0.000      0.000      0.000
                900.00      -0.000      0.000      0.000
               1000.00      -0.000      0.000      0.000
               1100.00      -0.000      0.000      0.000
               1200.00      -0.000      0.000      0.000
               1300.00      -0.000      0.000      0.000
               1400.00      -0.000      0.000      0.000
               1500.00      -0.000      0.000      0.000
               1600.00      -0.000      0.000      0.000
               1700.00      -0.000      0.000      0.000
               1800.00      -0.000      0.000      0.000
               1900.00      -0.000      0.000      0.000
               2000.00      -0.000      0.000      0.000

               Contribution from translational P.F. 
     ================================================================
                  T          G          E          S
                600.00     -23.421      1.788     44.003
                700.00     -27.861      2.087     44.769
                800.00     -32.371      2.385     45.432
                900.00     -36.945      2.683     46.018
               1000.00     -41.573      2.981     46.541
               1100.00     -46.251      3.279     47.014
               1200.00     -50.974      3.577     47.447
               1300.00     -55.739      3.875     47.844
               1400.00     -60.542      4.173     48.213
               1500.00     -65.381      4.471     48.555
               1600.00     -70.253      4.769     48.876
               1700.00     -75.155      5.067     49.177
               1800.00     -80.087      5.365     49.461
               1900.00     -85.047      5.664     49.730
               2000.00     -90.033      5.962     49.985

        Contribution from conformational-rovibrational P.F. (MS-LH)
     ================================================================
                  T          G          E          S
                600.00      85.406    147.259    103.089
                700.00      74.543    154.401    114.082
                800.00      62.607    162.241    124.542
                900.00      49.652    170.676    134.471
               1000.00      35.730    179.622    143.892
               1100.00      20.890    189.006    152.833
               1200.00       5.179    198.768    161.324
               1300.00     -11.361    208.855    169.397
               1400.00     -28.688    219.225    177.081
               1500.00     -46.765    229.840    184.403
               1600.00     -65.557    240.667    191.390
               1700.00     -85.033    251.681    198.067
               1800.00    -105.161    262.857    204.455
               1900.00    -125.915    274.177    210.575
               2000.00    -147.268    285.623    216.445

        Contribution from conformational-rovibrational P.F. (MS-T)
     ================================================================
                  T          G          E          S
                600.00      85.043    147.462    104.031
                700.00      74.094    154.500    114.866
                800.00      62.089    162.193    125.130
                900.00      49.087    170.440    134.837
               1000.00      35.140    179.157    144.017
               1100.00      20.300    188.274    152.704
               1200.00       4.614    197.734    160.934
               1300.00     -11.873    207.488    168.739
               1400.00     -29.121    217.494    176.154
               1500.00     -47.092    227.718    183.207
               1600.00     -65.751    238.130    189.926
               1700.00     -85.067    248.706    196.337
               1800.00    -105.009    259.425    202.463
               1900.00    -125.550    270.268    208.326
               2000.00    -146.666    281.221    213.944

     Total (Translational + Electronic + conformational-rovib.(MS-LH))
     ======================================================================
              T          G          E          H          S          Cp
            600.00      61.985    149.048    150.240    147.092     72.482
            700.00      46.682    156.487    157.878    158.851     80.066
            800.00      30.236    164.625    166.215    169.974     86.503
            900.00      12.708    173.359    175.148    180.489     92.004
           1000.00      -5.843    182.603    184.590    190.433     96.726
           1100.00     -25.361    192.285    194.471    199.847    100.789
           1200.00     -45.796    202.345    204.729    208.771    104.294
           1300.00     -67.100    212.730    215.314    217.241    107.323
           1400.00     -89.230    223.398    226.180    225.293    109.948
           1500.00    -112.146    234.311    237.292    232.958    112.228
           1600.00    -135.810    245.437    248.616    240.266    114.216
           1700.00    -160.188    256.748    260.127    247.244    115.953
           1800.00    -185.249    268.223    271.800    253.916    117.478
           1900.00    -210.962    279.841    283.616    260.304    118.821
           2000.00    -237.301    291.585    295.559    266.430    120.008

     Total (Translational + Electronic + conformational-rovib.(MS-T))
     ======================================================================
              T          G          E          H          S          Cp
            600.00      61.623    149.250    150.443    148.034     71.679
            700.00      46.233    156.586    157.978    159.635     78.811
            800.00      29.718    164.578    166.168    170.562     84.820
            900.00      12.142    173.122    174.911    180.854     89.912
           1000.00      -6.433    182.137    184.125    190.558     94.246
           1100.00     -25.952    191.553    193.739    199.719     97.946
           1200.00     -46.360    201.311    203.696    208.380    101.113
           1300.00     -67.612    211.363    213.947    216.584    103.831
           1400.00     -89.663    221.668    224.450    224.366    106.171
           1500.00    -112.473    232.189    235.170    231.762    108.193
           1600.00    -136.004    242.900    246.079    238.802    109.946
           1700.00    -160.222    253.774    257.152    245.514    111.472
           1800.00    -185.097    264.790    268.367    251.924    112.805
           1900.00    -210.598    275.932    279.707    258.055    113.974
           2000.00    -236.699    287.183    291.157    263.928    115.005

                        --------------------------------
                         Zero of energy is set to ZPE
                        --------------------------------

     Total (Translational + Electronic + conformational-rovib.(MS-LH))
     ======================================================================
              T          G          E          H          S          Cp
            600.00     -63.042     24.021     25.214    147.092     72.482
            700.00     -78.344     31.461     32.852    158.851     80.066
            800.00     -94.791     39.599     41.189    169.974     86.503
            900.00    -112.319     48.333     50.121    180.489     92.004
           1000.00    -130.869     57.576     59.564    190.433     96.726
           1100.00    -150.387     67.258     69.444    199.847    100.789
           1200.00    -170.822     77.318     79.703    208.771    104.294
           1300.00    -192.127     87.704     90.287    217.241    107.323
           1400.00    -214.257     98.372    101.154    225.293    109.948
           1500.00    -237.172    109.285    112.265    232.958    112.228
           1600.00    -260.836    120.410    123.590    240.266    114.216
           1700.00    -285.215    131.722    135.100    247.244    115.953
           1800.00    -310.275    143.196    146.773    253.916    117.478
           1900.00    -335.988    154.814    158.590    260.304    118.821
           2000.00    -362.327    166.558    170.532    266.430    120.008

     Total (Translational + Electronic + conformational-rovib.(MS-T))
     ======================================================================
              T          G          E          H          S          Cp
            600.00     -63.404     24.224     25.416    148.034     71.679
            700.00     -78.793     31.560     32.951    159.635     78.811
            800.00     -95.309     39.551     41.141    170.562     84.820
            900.00    -112.884     48.096     49.884    180.854     89.912
           1000.00    -131.460     57.111     59.098    190.558     94.246
           1100.00    -150.978     66.527     68.712    199.719     97.946
           1200.00    -171.387     76.285     78.669    208.380    101.113
           1300.00    -192.639     86.337     88.920    216.584    103.831
           1400.00    -214.690     96.641     99.423    224.366    106.171
           1500.00    -237.499    107.163    110.144    231.762    108.193
           1600.00    -261.030    117.873    121.053    238.802    109.946
           1700.00    -285.249    128.747    132.125    245.514    111.472
           1800.00    -310.123    139.764    143.341    251.924    112.805
           1900.00    -335.625    150.905    154.681    258.055    113.974
           2000.00    -361.726    162.156    166.131    263.928    115.005
                   
 F factor (ratio of ro-vib partition functions):
     ================================================================
           T(K)    QMS-T/QSS-HO1   QMS-LH/QSS-HO1
             ---------------------------------------------
            600.00       2.711      2.000
            700.00       2.762      2.000
            800.00       2.770      2.000
            900.00       2.744      2.000
           1000.00       2.692      2.000
           1100.00       2.620      2.000
           1200.00       2.534      2.000
           1300.00       2.439      2.000
           1400.00       2.337      2.000
           1500.00       2.232      2.000
           1600.00       2.126      2.000
           1700.00       2.020      2.000
           1800.00       1.917      2.000
           1900.00       1.816      2.000
           2000.00       1.719      2.000

 ==============================End of MSTor output==============================
