
 *******************************************************************************

   MSTor 2023 program

   Jingjing Zheng, Wenqi Chen, Steven L. Mielke, Junwei Lucas Bao,
   Rubén Meana-Pañeda, Kenneth L. Clarkson, Xuefei Xu, and Donald G. Truhlar

   Department of Chemistry and Supercomputing Institute
   University of Minnesota, Minneapolis, Minnesota, USA

   Copyright 2013 - 2023
   Donald G. Truhlar and Regents of the University of Minnesota

   Citations: 
   MS-T(U) method
     J. Zheng, T. Yu, E. Papajak, I. M. Alecu, S. L. Mielke, and D. G. Truhlar,
     Phys. Chem. Chem. Phys. 13, 10885-10907 (2011).
   MS-T(C) method
     J. Zheng and D. G. Truhlar, J. Chem. Theory Comput. 9, 1356-1367 (2013).
   Dual-level MS-T method
     J. L. Bao, L. Xing, and D. G. Truhlar, J. Chem. Theory Comput. 13, 2511-2522 (2017).
   MS-T(CD) method
     W. Chen, P. Zhang, D. G. Truhlar, J. Zheng and X. Xu, J. Chem. Theory Comput. 18,
     7671-7682 (2022).
   MSTor 2023 program
     J. Zheng, W. Chen, S. L. Mielke, J. L. Bao, R. Meana-Pañeda, K. L. Clarkson, X. Xu, and D. G. Truhlar,
     MSTor 2023, Tsinghua University, Beijing and University of Minnesota, Minneapolis, 2023
     W. Chen, J. Zheng, D. G. Truhlar, and X. Xu,
     Comp. Phys. Comm.  in preparation.
     J. Zheng, R. Meana-Pañeda, and D. G. Truhlar,
     Comp. Phys. Comm. 184, 2032-2033 (2013).
     J. Zheng, S. L. Mielke, K. L Clarkson, and D. G. Truhlar,
     Comp. Phys. Comm. 183, 1803-1812 (2012).

 *******************************************************************************

                    Naming conventions for the MS methods
   -----------------------------------------------------------------------------
   Common name        Original or other names
   -----------------------------------------------------------------------------
   MS-LH         =    MS-HO (ref. 1)   =   MS-AS-HO (ref. 2)
   MS-T          =    MS-AS (ref. 1)   =   MS-AS-T  (ref. 2)
   -----------------------------------------------------------------------------
   Ref. 1: J. Zheng, T. Yu, E. Papajak, I. M. Alecu, S. L. Mielke, and
           D. G. Truhlar, Phys. Chem. Chem. Phys. 13, 10885 (2011).
   Ref. 2: T. Yu, J. Zheng, and D. G. Truhlar, Chem. Sci. 2, 2199 (2011)

   Calculation run on 03/13/2024 at 19:19:20  

   -----------------------------------------------------------------------------
   User-defined non-redundant internal coordinates is used.
   Redundant internal coordinates auto-generated by the program are prefered whenever possible.
   -----------------------------------------------------------------------------
  
   Number of structures:            10
   Number of frames:                 8
   Number of torsions:               7
   Method:                           MS-T(C)
   Frequency scaling factor:         0.951
   Delta T for finite difference:    0.5 K

The framechain input is missing or incomplete.  We will calculate det(D) from
 det(inverse(G_tor)). If the torsional coordinates have not been chosen very carefully
 your results may be incorrect.
   Internal coordinates
     Bonds:         01-02  01-21  01-22  01-23  02-03  02-19  02-20  03-17  04-05
     Bonds:         04-15  04-16  05-06  05-13  05-14  06-07  06-08  07-09  09-10
     Bonds:         09-11  09-12  03-18  03-04
     Angles:        01-02-19  02-01-22  02-01-23  02-03-17  03-02-19  03-04-15
     Angles:        04-05-13  05-06-07  06-07-09  07-06-08  07-09-10  10-09-12
     Angles:        11-09-12  15-04-16  17-03-18  22-01-23  03-04-16  03-02-20
     Angles:        06-05-14  04-05-06  02-03-04
     Dihedrals:     02-04-18-03  02-21-22-01  03-05-15-04  03-05-16-04
     Dihedrals:     03-19-20-02  04-06-13-05  04-13-14-05  05-07-08-06
     Dihedrals:     07-10-11-09  10-11-12-09  02-17-18-03  02-21-23-01
     Dihedrals:     01-03-20-02  04-03-02-01  05-04-03-02  06-05-04-03
     Dihedrals:     07-06-05-04  09-07-06-05  03-02-01-21  06-07-09-10

   All moment output uses units of amu for masses and Angstroms for distances 

                           ==========================
                                Structure   1
                           ==========================

   Normal-mode Frequencies (cm-1) 
   (Overall translation and rotation projected out)
       0.0001i      0.0000i      0.0000i      0.0000       0.0000       0.0000 
      31.5488      61.6722      67.8279     127.7848     138.6248     154.0031 
     189.3893     211.4116     240.7251     286.0598     348.9101     379.9405 
     500.3700     573.8410     643.2048     712.7795     769.5411     845.0545 
     863.7529     907.9854     929.6169     988.8217    1031.2640    1046.3669 
    1065.2380    1100.2553    1116.3102    1148.3527    1174.9189    1186.8108 
    1213.1816    1240.0991    1256.4510    1281.3063    1293.6983    1332.8631 
    1372.1189    1377.3322    1382.5863    1414.6857    1434.2592    1440.2070 
    1443.9303    1444.0675    1451.7757    1454.9095    1457.7800    1463.1045 
    1799.8334    2940.7234    2951.4422    2958.1284    2966.5625    2976.9901 
    2984.0061    2987.4158    3000.9431    3017.9462    3027.6307    3034.3984 
    3040.6318    3070.5935    3103.4488 
   Torsion-projected frequencies/non-torsional frequencies (cm-1)
     169.9870     212.8561     284.2566     348.7211     379.8792     500.3208 
     571.5351     642.9582     711.1853     769.4295     845.0274     863.7165 
     907.9749     929.5678     988.8069    1031.2636    1046.3580    1065.2327 
    1100.2493    1116.3028    1148.0472    1174.9175    1186.8003    1213.1557 
    1240.0864    1256.4461    1281.2299    1293.6682    1332.8615    1372.1183 
    1377.3318    1382.5826    1414.6770    1434.2589    1440.2063    1443.8529 
    1444.0593    1451.7723    1454.9080    1457.7799    1463.1031    1799.8332 
    2940.7230    2951.4422    2958.1284    2966.5625    2976.9900    2984.0029 
    2987.4158    3000.9372    3017.9441    3027.6298    3034.3972    3040.6317 
    3070.5848    3103.4488 
   Product of consistently coupled torsional frequencies (in cm-1^ntor)  9.7312E+13
   Primitively coupled torsional frequencies (cm-1) (Not used in P.F. calculations)
      35.3241      68.1546      73.3291     133.7807     145.9474     180.3994 
     241.8322 
   Product of primitively coupled torsional frequencies (in cm-1^ntor)   1.5038E+14
   Effective coupled torsional barrier (kcal/mol)
        1.066        1.369        2.638        3.297        4.343        7.552 
        8.065 

   D matrix: 
   Columns are ordered to be consistent with the order of the torsion angles
   m-n        1             2             3             4             5
    1   1.936545E+01 -3.042738E+00  1.651624E+01  3.247194E+00  3.884587E+00
    2  -3.042738E+00  2.690405E+01 -6.897842E+00 -3.458885E+00 -2.540386E+00
    3   1.651624E+01 -6.897842E+00  3.703652E+01  7.240726E+00  8.757294E+00
    4   3.247194E+00 -3.458885E+00  7.240726E+00  4.963601E+01 -1.411577E+01
    5   3.884587E+00 -2.540386E+00  8.757294E+00 -1.411577E+01  1.896929E+01
    6   1.119067E+00  2.802538E+00  1.322144E+00  2.683116E-02  2.042152E-01
    7   5.189690E-01 -4.063283E-01  1.156803E+00  2.665170E+00  1.400749E+00
   m-n        6             7
    1   1.119067E+00  5.189690E-01
    2   2.802538E+00 -4.063283E-01
    3   1.322144E+00  1.156803E+00
    4   2.683116E-02  2.665170E+00
    5   2.042152E-01  1.400749E+00
    6   3.082146E+00  1.988878E-02
    7   1.988878E-02  3.138845E+00

   Eigenvalues of D matrix:
     5.8683E+01    4.9897E+01    2.4909E+01    1.1091E+01    8.4291E+00    2.5981E+00
     2.5254E+00
   Determinant of D matrix  2.216041E+034

          Uncoupled force constants (au), Pitzer moment of inertia (amu A^2),
   uncoupled torsional frequencies (cm-1), and uncoupled torsional barrier (kcal/mol)
   --------------------------------------------------------------------------------
   Torsion               1             2             3             4             5
   Force constant   2.10215E-02  1.99404E-02  3.84830E-02  1.03955E-02  4.33015E-02
   Moment          19.365       26.904       37.037       49.636       18.969
   Tor. Freq.        89.624       74.057       87.685       39.367      129.966
   Rot. barrier       3.854        3.656        7.056        1.906        7.939
   M_j,tau            2.616        2.616        2.616        2.616        2.616

   Torsion               6             7
   Force constant   2.02391E-02  7.85768E-03
   Moment           3.082        3.139
   Tor. Freq.       220.432      136.103
   Rot. barrier       2.822        1.096
   M_j,tau            3.000        3.000
   --------------------------------------------------------------------------------
   Potential Energy =   0.000 kcal/mol
   Weight =  2
   Overall rotational symmetry number =   1

                           ==========================
                                Structure   2
                           ==========================

   Normal-mode Frequencies (cm-1) 
   (Overall translation and rotation projected out)
       0.0001i      0.0000i      0.0000       0.0000       0.0000       0.0001 
      27.3124      46.1355      78.6679     105.0788     121.3278     137.4192 
     177.4493     196.3160     238.9804     264.7609     319.1807     392.3356 
     484.7041     569.8052     690.4488     704.6894     737.6510     826.4233 
     877.7163     912.1595     941.6134    1003.8468    1034.9603    1057.5716 
    1063.4588    1099.6551    1117.6522    1148.4347    1174.3373    1186.0961 
    1199.8663    1249.1904    1249.2793    1284.1841    1290.8976    1313.8502 
    1366.3112    1377.8173    1392.2752    1416.1635    1439.1274    1442.2810 
    1443.7636    1445.4084    1455.0572    1455.4424    1458.2017    1464.4074 
    1802.1339    2936.5612    2955.0034    2958.1487    2969.8817    2970.2269 
    2977.4927    2986.9288    2995.9895    3007.5064    3028.0401    3033.9617 
    3041.3320    3069.8855    3102.6573 
   Torsion-projected frequencies/non-torsional frequencies (cm-1)
      78.6679     196.3160     264.7609     319.1807     392.3356     484.7041 
     566.8857     690.4488     703.2830     736.9715     826.3742     877.7163 
     912.1595     941.4592    1003.8468    1034.9603    1057.5716    1063.4588 
    1099.6287    1117.6522    1148.1390    1174.3373    1186.0751    1199.8663 
    1249.1511    1249.2793    1284.1764    1290.8489    1313.8502    1366.3112 
    1377.8173    1392.2752    1416.1635    1439.1274    1442.2810    1443.6802 
    1445.4084    1455.0549    1455.4424    1458.2017    1464.4074    1802.1339 
    2936.5612    2955.0034    2958.1487    2969.8811    2970.2269    2977.4927 
    2986.9288    2995.9887    3007.5024    3028.0393    3033.9603    3041.3320 
    3069.8767    3102.6573 
   Product of consistently coupled torsional frequencies (in cm-1^ntor)  9.4437E+13
   Primitively coupled torsional frequencies (cm-1) (Not used in P.F. calculations)
      31.9338      50.2055     109.6675     126.8275     139.7886     184.2731 
     242.9406 
   Product of primitively coupled torsional frequencies (in cm-1^ntor)   1.3955E+14
   Effective coupled torsional barrier (kcal/mol)
        0.654        1.067        2.327        2.630        3.108        3.815 
        6.731 

   D matrix: 
   Columns are ordered to be consistent with the order of the torsion angles
   m-n        1             2             3             4             5
    1   2.138596E+01 -5.482140E+00  1.873963E+01 -5.955103E-01  4.934871E+00
    2  -5.482140E+00  2.428024E+01 -9.968497E+00  1.761718E+01 -7.332075E+00
    3   1.873963E+01 -9.968497E+00  3.577866E+01 -6.089014E+00  1.257595E+01
    4  -5.955103E-01  1.761718E+01 -6.089014E+00  3.083951E+01 -1.294681E+01
    5   4.934871E+00 -7.332075E+00  1.257595E+01 -1.294681E+01  1.946530E+01
    6   9.471665E-01  2.351981E+00  8.619077E-01  1.708265E+00 -1.384602E-01
    7   3.178696E-01  7.618436E-01  4.408407E-01  1.384160E+00  1.524883E+00
   m-n        6             7
    1   9.471665E-01  3.178696E-01
    2   2.351981E+00  7.618436E-01
    3   8.619077E-01  4.408407E-01
    4   1.708265E+00  1.384160E+00
    5  -1.384602E-01  1.524883E+00
    6   3.004378E+00  1.139510E-01
    7   1.139510E-01  3.054741E+00

   Eigenvalues of D matrix:
     6.6942E+01    3.6861E+01    1.4656E+01    7.7064E+00    6.5972E+00    2.5816E+00
     2.4647E+00
   Determinant of D matrix  5.795243E+033

          Uncoupled force constants (au), Pitzer moment of inertia (amu A^2),
   uncoupled torsional frequencies (cm-1), and uncoupled torsional barrier (kcal/mol)
   --------------------------------------------------------------------------------
   Torsion               1             2             3             4             5
   Force constant   2.09237E-02  2.02816E-02  1.64415E-02  4.92248E-03  4.24208E-02
   Moment          21.386       24.280       35.779       30.840       19.465
   Tor. Freq.        85.086       78.619       58.313       34.367      126.988
   Rot. barrier       3.272        3.172        2.571        0.770        6.634
   M_j,tau            2.833        2.833        2.833        2.833        2.833

   Torsion               6             7
   Force constant   2.01945E-02  7.87149E-03
   Moment           3.004        3.055
   Tor. Freq.       223.020      138.085
   Rot. barrier       2.816        1.098
   M_j,tau            3.000        3.000
   --------------------------------------------------------------------------------
   Potential Energy =   0.131 kcal/mol
   Weight =  1
   Overall rotational symmetry number =   1

                           ==========================
                                Structure   3
                           ==========================

   Normal-mode Frequencies (cm-1) 
   (Overall translation and rotation projected out)
       0.0001i      0.0000i      0.0000i      0.0000       0.0000       0.0000 
      31.7209      41.1045      80.4038     125.2210     139.5172     170.1132 
     198.3233     218.4301     263.9520     277.3833     341.6369     405.1199 
     514.3742     571.7549     643.8385     720.8019     764.9032     834.6923 
     867.0364     898.0019     941.1620     965.7061    1016.6720    1046.4146 
    1073.2469    1094.1282    1112.4699    1148.4272    1174.3122    1183.9077 
    1209.5806    1240.0441    1259.6521    1290.6134    1300.4288    1338.8145 
    1372.9733    1375.3632    1381.6660    1414.4459    1433.4503    1439.9851 
    1444.0494    1444.6674    1447.6215    1456.9483    1457.8790    1463.2965 
    1799.8198    2940.9834    2958.3534    2958.7059    2971.9449    2977.7062 
    2987.3338    2998.6776    3003.6211    3020.6351    3029.2017    3034.4453 
    3043.0288    3070.5101    3103.3232 
   Torsion-projected frequencies/non-torsional frequencies (cm-1)
     203.6671     247.5144     263.4644     341.4124     404.1689     514.2152 
     569.4266     643.4278     720.4347     764.4273     834.5717     866.9838 
     897.9802     941.1150     965.5786    1016.5972    1046.3783    1073.2429 
    1094.1148    1112.4648    1148.1187    1174.3097    1183.8993    1209.5586 
    1240.0324    1259.5982    1290.5453    1300.4165    1338.8073    1372.9542 
    1375.3624    1381.6628    1414.4354    1433.4491    1439.9846    1443.9678 
    1444.6611    1447.6164    1456.9421    1457.8786    1463.2886    1799.8196 
    2940.9828    2958.3532    2958.7043    2971.9432    2977.7051    2987.3338 
    2998.6773    3003.6125    3020.6330    3029.1994    3034.4442    3043.0264 
    3070.5014    3103.3232 
   Product of consistently coupled torsional frequencies (in cm-1^ntor)  7.5170E+13
   Primitively coupled torsional frequencies (cm-1) (Not used in P.F. calculations)
      33.4042      47.0709      86.9741     132.4502     143.6002     181.7068 
     246.8099 
   Product of primitively coupled torsional frequencies (in cm-1^ntor)   1.1665E+14
   Effective coupled torsional barrier (kcal/mol)
        1.080        1.346        2.208        2.872        5.477        7.637 
        7.959 

   D matrix: 
   Columns are ordered to be consistent with the order of the torsion angles
   m-n        1             2             3             4             5
    1   2.297231E+01  1.714094E+01  1.572077E+01 -4.829040E+00  4.978351E+00
    2   1.714094E+01  5.391258E+01  9.253892E+00 -7.076575E+00  1.178318E+00
    3   1.572077E+01  9.253892E+00  3.451908E+01  3.387728E+00  8.550262E+00
    4  -4.829040E+00 -7.076575E+00  3.387728E+00  4.556207E+01 -1.422980E+01
    5   4.978351E+00  1.178318E+00  8.550262E+00 -1.422980E+01  1.887985E+01
    6   1.254386E+00 -2.072116E-01  5.391451E-01  7.834594E-01  1.644281E-02
    7   2.019245E-02 -3.610589E-01  8.693877E-01  2.357616E+00  1.387560E+00
   m-n        6             7
    1   1.254386E+00  2.019245E-02
    2  -2.072116E-01 -3.610589E-01
    3   5.391451E-01  8.693877E-01
    4   7.834594E-01  2.357616E+00
    5   1.644281E-02  1.387560E+00
    6   3.050749E+00  5.810892E-02
    7   5.810892E-02  3.115428E+00

   Eigenvalues of D matrix:
     7.2226E+01    4.9016E+01    3.6075E+01    1.1064E+01    8.2450E+00    2.8725E+00
     2.5145E+00
   Determinant of D matrix  4.168040E+034

          Uncoupled force constants (au), Pitzer moment of inertia (amu A^2),
   uncoupled torsional frequencies (cm-1), and uncoupled torsional barrier (kcal/mol)
   --------------------------------------------------------------------------------
   Torsion               1             2             3             4             5
   Force constant   2.29595E-02  2.07208E-02  4.18614E-02  1.09683E-02  4.33584E-02
   Moment          22.972       53.913       34.519       45.562       18.880
   Tor. Freq.        85.997       53.329       94.729       42.206      130.359
   Rot. barrier       4.034        3.641        7.355        1.927        7.618
   M_j,tau            2.673        2.673        2.673        2.673        2.673

   Torsion               6             7
   Force constant   2.07380E-02  7.97411E-03
   Moment           3.051        3.115
   Tor. Freq.       224.277      137.622
   Rot. barrier       2.892        1.112
   M_j,tau            3.000        3.000
   --------------------------------------------------------------------------------
   Potential Energy =   0.656 kcal/mol
   Weight =  2
   Overall rotational symmetry number =   1

                           ==========================
                                Structure   4
                           ==========================

   Normal-mode Frequencies (cm-1) 
   (Overall translation and rotation projected out)
       0.0000i      0.0000i      0.0000i      0.0000       0.0000       0.0000 
      32.5092      36.6233      83.0348     123.7650     140.0408     170.8989 
     203.9893     213.2915     269.2105     278.3493     335.5191     397.8482 
     519.7533     572.4353     643.2996     728.2391     766.8899     829.5102 
     864.5363     898.7235     934.8017     974.1485    1014.2932    1043.1529 
    1078.1098    1093.1735    1118.1145    1148.4552    1171.3099    1178.2269 
    1212.5024    1240.7416    1263.5162    1285.2269    1301.0481    1337.9866 
    1370.0142    1379.6139    1381.3460    1415.1508    1433.3387    1440.2342 
    1444.0581    1444.5737    1447.8968    1457.3165    1457.9528    1463.2676 
    1799.8928    2946.1167    2953.1430    2962.7801    2965.5142    2976.9151 
    2987.3452    2991.6928    3001.5286    3019.2943    3032.0915    3039.3903 
    3044.7168    3070.5375    3103.3459 
   Torsion-projected frequencies/non-torsional frequencies (cm-1)
     204.3378     248.2710     271.0585     334.9007     396.8706     519.6345 
     570.1211     642.8792     727.8677     766.3783     829.4278     864.4991 
     898.7131     934.7130     974.0892    1014.2117    1043.1375    1078.1050 
    1093.1470    1118.0968    1148.1464    1171.3014    1178.2225    1212.4809 
    1240.7388    1263.4670    1285.1767    1301.0267    1337.9780    1370.0112 
    1379.6133    1381.3282    1415.1403    1433.3384    1440.2339    1443.9782 
    1444.5669    1447.8928    1457.3116    1457.9520    1463.2654    1799.8926 
    2946.1158    2953.1423    2962.7786    2965.5133    2976.9146    2987.3452 
    2991.6912    3001.5215    3019.2920    3032.0894    3039.3894    3044.7128 
    3070.5286    3103.3459 
   Product of consistently coupled torsional frequencies (in cm-1^ntor)  7.0223E+13
   Primitively coupled torsional frequencies (cm-1) (Not used in P.F. calculations)
      36.5330      39.3076      90.4067     130.5901     143.3869     182.3682 
     244.9934 
   Product of primitively coupled torsional frequencies (in cm-1^ntor)   1.0861E+14
   Effective coupled torsional barrier (kcal/mol)
        1.085        1.406        2.142        2.908        5.704        7.934 
        8.260 

   D matrix: 
   Columns are ordered to be consistent with the order of the torsion angles
   m-n        1             2             3             4             5
    1   2.025831E+01  1.730363E+01  1.183329E+01  7.605976E+00  8.432874E-04
    2   1.730363E+01  6.238427E+01  6.734017E+00 -1.396750E+00 -1.497745E+00
    3   1.183329E+01  6.734017E+00  2.917253E+01  1.082410E+01  5.023361E+00
    4   7.605976E+00 -1.396750E+00  1.082410E+01  4.822446E+01 -1.321990E+01
    5   8.432874E-04 -1.497745E+00  5.023361E+00 -1.321990E+01  1.774459E+01
    6   1.386105E+00 -2.642033E-01  1.083561E+00 -2.623805E-01  3.270883E-01
    7   5.899788E-01 -1.376667E-01  1.162973E+00  2.635617E+00  1.377315E+00
   m-n        6             7
    1   1.386105E+00  5.899788E-01
    2  -2.642033E-01 -1.376667E-01
    3   1.083561E+00  1.162973E+00
    4  -2.623805E-01  2.635617E+00
    5   3.270883E-01  1.377315E+00
    6   3.090174E+00  5.052686E-03
    7   5.052686E-03  3.135668E+00

   Eigenvalues of D matrix:
     7.2223E+01    5.6499E+01    3.1122E+01    1.0146E+01    8.6260E+00    2.8782E+00
     2.5152E+00
   Determinant of D matrix  3.985685E+034

          Uncoupled force constants (au), Pitzer moment of inertia (amu A^2),
   uncoupled torsional frequencies (cm-1), and uncoupled torsional barrier (kcal/mol)
   --------------------------------------------------------------------------------
   Torsion               1             2             3             4             5
   Force constant   2.26298E-02  2.04523E-02  3.90401E-02  1.03190E-02  4.33862E-02
   Moment          20.258       62.384       29.173       48.224       17.745
   Tor. Freq.        90.917       49.254       99.512       39.791      134.508
   Rot. barrier       4.251        3.842        7.333        1.938        8.150
   M_j,tau            2.585        2.585        2.585        2.585        2.585

   Torsion               6             7
   Force constant   2.01332E-02  8.01358E-03
   Moment           3.090        3.136
   Tor. Freq.       219.569      137.516
   Rot. barrier       2.808        1.117
   M_j,tau            3.000        3.000
   --------------------------------------------------------------------------------
   Potential Energy =   0.699 kcal/mol
   Weight =  2
   Overall rotational symmetry number =   1

                           ==========================
                                Structure   5
                           ==========================

   Normal-mode Frequencies (cm-1) 
   (Overall translation and rotation projected out)
       0.0000i      0.0000       0.0000       0.0000       0.0000       0.0000 
      24.5118      49.6688      74.5942      87.0089     136.7974     161.6726 
     171.9365     227.5480     250.9831     267.0750     305.2959     427.9573 
     470.7824     570.6744     684.8492     720.9609     752.3742     832.8253 
     849.6367     908.1529     956.0203     962.6501    1031.3643    1042.1334 
    1080.5566    1099.2866    1115.6877    1148.5846    1175.3166    1177.9919 
    1210.9961    1239.3773    1263.4256    1286.4056    1295.9416    1320.8356 
    1366.9571    1376.3756    1389.1257    1417.0081    1439.0352    1440.7130 
    1443.9373    1448.2265    1450.7663    1454.9701    1458.2118    1462.8975 
    1801.6924    2941.8137    2953.6599    2958.4393    2968.8967    2976.0958 
    2982.9299    2986.9218    3001.5691    3014.1875    3032.5953    3034.6464 
    3041.7454    3069.9142    3102.6915 
   Torsion-projected frequencies/non-torsional frequencies (cm-1)
     154.8998     237.7774     266.7813     305.1823     427.8737     470.6858 
     567.6816     684.4323     719.7118     752.0752     832.7966     849.5660 
     908.1445     955.9716     962.6208    1031.3568    1042.1252    1080.5527 
    1099.2677    1115.6816    1148.2900    1175.3158    1177.9753    1210.9900 
    1239.3340    1263.4174    1286.3563    1295.9099    1320.8270    1366.9560 
    1376.3749    1389.1242    1417.0068    1439.0349    1440.7114    1443.8572 
    1448.2259    1450.7658    1454.9679    1458.2118    1462.8975    1801.6924 
    2941.8136    2953.6592    2958.4393    2968.8964    2976.0955    2982.9293 
    2986.9218    3001.5676    3014.1847    3032.5944    3034.6447    3041.7454 
    3069.9053    3102.6915 
   Product of consistently coupled torsional frequencies (in cm-1^ntor)  4.7087E+13
   Primitively coupled torsional frequencies (cm-1) (Not used in P.F. calculations)
      29.9358      51.7589      78.7031     115.5686     139.3150     180.4397 
     241.3834 
   Product of primitively coupled torsional frequencies (in cm-1^ntor)   8.5516E+13
   Effective coupled torsional barrier (kcal/mol)
        0.614        1.090        1.901        2.313        3.002        4.772 
        6.388 

   D matrix: 
   Columns are ordered to be consistent with the order of the torsion angles
   m-n        1             2             3             4             5
    1   2.280744E+01 -2.372239E+00 -7.690238E+00 -1.384140E+00 -1.804292E+00
    2  -2.372239E+00  2.269698E+01  5.289764E+00  1.408815E+01 -1.230556E+00
    3  -7.690238E+00  5.289764E+00  4.697577E+01  6.088624E+00  1.267443E+01
    4  -1.384140E+00  1.408815E+01  6.088624E+00  2.774357E+01 -8.286484E+00
    5  -1.804292E+00 -1.230556E+00  1.267443E+01 -8.286484E+00  1.825257E+01
    6   1.446388E+00  2.168268E+00  1.285058E-01  1.636251E+00 -3.606784E-01
    7  -2.292114E-01  9.247188E-01  1.337828E+00  1.484062E+00  1.780168E+00
   m-n        6             7
    1   1.446388E+00 -2.292114E-01
    2   2.168268E+00  9.247188E-01
    3   1.285058E-01  1.337828E+00
    4   1.636251E+00  1.484062E+00
    5  -3.606784E-01  1.780168E+00
    6   3.021273E+00  9.340489E-02
    7   9.340489E-02  3.079793E+00

   Eigenvalues of D matrix:
     5.6073E+01    4.0916E+01    2.0906E+01    7.1498E+00    2.6403E+00    2.4734E+00
     1.4418E+01
   Determinant of D matrix  1.599521E+034

          Uncoupled force constants (au), Pitzer moment of inertia (amu A^2),
   uncoupled torsional frequencies (cm-1), and uncoupled torsional barrier (kcal/mol)
   --------------------------------------------------------------------------------
   Torsion               1             2             3             4             5
   Force constant   2.18395E-02  2.30458E-02  1.66366E-02  4.84534E-03  4.24941E-02
   Moment          22.807       22.697       46.976       27.744       18.253
   Tor. Freq.        84.176       86.680       51.192       35.949      131.252
   Rot. barrier       3.234        3.413        2.464        0.718        6.293
   M_j,tau            2.911        2.911        2.911        2.911        2.911

   Torsion               6             7
   Force constant   2.03443E-02  8.04897E-03
   Moment           3.021        3.080
   Tor. Freq.       223.219      139.064
   Rot. barrier       2.837        1.122
   M_j,tau            3.000        3.000
   --------------------------------------------------------------------------------
   Potential Energy =   0.745 kcal/mol
   Weight =  2
   Overall rotational symmetry number =   1

                           ==========================
                                Structure   6
                           ==========================

   Normal-mode Frequencies (cm-1) 
   (Overall translation and rotation projected out)
       0.0000i      0.0000i      0.0000i      0.0000       0.0000       0.0001 
      21.6502      54.0386      82.6297      90.4216     125.6619     137.0186 
     176.0975     216.6202     269.7479     278.2749     323.0613     392.1378 
     492.1640     570.3893     688.1571     709.9271     750.4623     824.4098 
     864.9346     909.3813     953.3337     966.6822    1024.8205    1053.8328 
    1079.4231    1099.1082    1113.4621    1148.4796    1173.3697    1174.8485 
    1202.3303    1246.9858    1261.2651    1285.6423    1290.5032    1335.6709 
    1357.3215    1378.7977    1391.5893    1416.0112    1437.5517    1439.9685 
    1443.7319    1445.2827    1456.1584    1457.2736    1458.4131    1463.9864 
    1801.8677    2939.2860    2954.6990    2960.4235    2970.0155    2977.6557 
    2982.3953    2986.9487    2997.3835    3008.6793    3032.4530    3036.0185 
    3046.8748    3069.9098    3102.7142 
   Torsion-projected frequencies/non-torsional frequencies (cm-1)
     123.1116     243.5229     276.5055     322.5813     391.3390     491.8456 
     567.5185     688.1562     709.4431     749.7623     824.3008     864.9060 
     909.3802     953.1517     966.5833    1024.7885    1053.8322    1079.4186 
    1099.0702    1113.4442    1148.1859    1173.3568    1174.8452    1202.3145 
    1246.9539    1261.2473    1285.6023    1290.4772    1335.6654    1357.3172 
    1378.7941    1391.5852    1416.0107    1437.5502    1439.9680    1443.6493 
    1445.2798    1456.1557    1457.2702    1458.4126    1463.9716    1801.8677 
    2939.2859    2954.6989    2960.4219    2970.0152    2977.6552    2982.3938 
    2986.9487    2997.3831    3008.6747    3032.4509    3036.0176    3046.8720 
    3069.9010    3102.7142 
   Product of consistently coupled torsional frequencies (in cm-1^ntor)  5.2607E+13
   Primitively coupled torsional frequencies (cm-1) (Not used in P.F. calculations)
      25.1780      57.7327      93.0506     123.0544     138.9492     183.3887 
     241.3460 
   Product of primitively coupled torsional frequencies (in cm-1^ntor)   1.0236E+14
   Effective coupled torsional barrier (kcal/mol)
        0.626        1.063        1.939        2.374        2.831        4.824 
        6.457 

   D matrix: 
   Columns are ordered to be consistent with the order of the torsion angles
   m-n        1             2             3             4             5
    1   2.086116E+01  8.224741E+00  1.325453E+01  9.768408E+00  5.952837E-01
    2   8.224741E+00  3.932989E+01 -8.031984E-01  3.030071E+01 -8.074724E+00
    3   1.325453E+01 -8.031984E-01  2.855038E+01  1.160758E-02  9.043549E+00
    4   9.768408E+00  3.030071E+01  1.160758E-02  4.148473E+01 -1.405981E+01
    5   5.952837E-01 -8.074724E+00  9.043549E+00 -1.405981E+01  1.882024E+01
    6   1.297402E+00 -4.390582E-01  9.837635E-01 -4.448120E-03  2.109696E-01
    7   7.661888E-01  1.636497E+00  6.324352E-01  2.083730E+00  1.396587E+00
   m-n        6             7
    1   1.297402E+00  7.661888E-01
    2  -4.390582E-01  1.636497E+00
    3   9.837635E-01  6.324352E-01
    4  -4.448120E-03  2.083730E+00
    5   2.109696E-01  1.396587E+00
    6   3.091091E+00  1.587169E-02
    7   1.587169E-02  3.096683E+00

   Eigenvalues of D matrix:
     7.7802E+01    4.1270E+01    1.4987E+01    8.9877E+00    6.7554E+00    2.9609E+00
     2.4712E+00
   Determinant of D matrix  1.058948E+034

          Uncoupled force constants (au), Pitzer moment of inertia (amu A^2),
   uncoupled torsional frequencies (cm-1), and uncoupled torsional barrier (kcal/mol)
   --------------------------------------------------------------------------------
   Torsion               1             2             3             4             5
   Force constant   2.27116E-02  2.09106E-02  1.65495E-02  4.87226E-03  4.24778E-02
   Moment          20.861       39.330       28.550       41.485       18.820
   Tor. Freq.        89.755       62.723       65.493       29.480      129.233
   Rot. barrier       3.401        3.131        2.478        0.730        6.361
   M_j,tau            2.895        2.895        2.895        2.895        2.895

   Torsion               6             7
   Force constant   2.09240E-02  7.84905E-03
   Moment           3.091        3.097
   Tor. Freq.       223.806      136.951
   Rot. barrier       2.918        1.095
   M_j,tau            3.000        3.000
   --------------------------------------------------------------------------------
   Potential Energy =   0.746 kcal/mol
   Weight =  2
   Overall rotational symmetry number =   1

                           ==========================
                                Structure   7
                           ==========================

   Normal-mode Frequencies (cm-1) 
   (Overall translation and rotation projected out)
       0.0001i      0.0000i      0.0000i      0.0000       0.0000       0.0001 
      27.0781      43.8544      66.9533     126.7342     144.7591     172.6374 
     192.9497     234.9363     261.0434     285.2760     341.7554     421.5300 
     478.2587     577.0287     646.5882     714.6114     781.2242     836.5223 
     863.7364     894.0550     933.1191     968.1133    1026.4634    1042.0537 
    1067.7690    1095.2676    1114.7714    1148.3756    1171.8033    1178.0736 
    1206.2583    1240.8292    1261.6076    1285.4318    1294.9532    1349.2519 
    1366.3892    1376.3169    1379.6436    1419.6555    1433.0190    1440.4431 
    1444.0138    1445.1963    1451.4504    1454.6982    1457.7771    1463.8106 
    1799.2339    2948.6325    2958.0489    2960.2080    2966.8262    2979.5744 
    2985.7962    2987.3869    3009.1818    3022.1417    3034.9829    3038.8741 
    3040.8481    3070.4734    3103.4043 
   Torsion-projected frequencies/non-torsional frequencies (cm-1)
     174.6010     254.2954     280.8479     341.1832     421.2624     478.0293 
     574.9456     646.4798     712.8586     781.1559     836.5010     863.7109 
     894.0311     933.0907     968.0912    1026.4566    1042.0489    1067.7577 
    1095.2597    1114.7657    1148.0600    1171.7976    1178.0704    1206.2319 
    1240.8179    1261.5514    1285.3905    1294.9214    1349.2485    1366.3846 
    1376.3160    1379.6390    1419.6057    1433.0171    1440.4424    1443.9332 
    1445.1834    1451.4414    1454.6948    1457.7771    1463.8070    1799.2337 
    2948.6321    2958.0484    2960.2067    2966.8258    2979.5742    2985.7916 
    2987.3869    3009.1797    3022.1415    3034.9816    3038.8722    3040.8479 
    3070.4645    3103.4043 
   Product of consistently coupled torsional frequencies (in cm-1^ntor)  6.8844E+13
   Primitively coupled torsional frequencies (cm-1) (Not used in P.F. calculations)
      29.0947      49.0155      69.7069     135.2266     154.4971     201.7908 
     242.8680 
   Product of primitively coupled torsional frequencies (in cm-1^ntor)   1.0178E+14
   Effective coupled torsional barrier (kcal/mol)
        1.090        1.178        1.952        2.914        4.728        7.587 
        7.893 

   D matrix: 
   Columns are ordered to be consistent with the order of the torsion angles
   m-n        1             2             3             4             5
    1   2.533484E+01 -8.066833E+00 -1.914754E+01  9.561180E+00 -6.723144E+00
    2  -8.066833E+00  3.520255E+01  3.192270E+01 -1.227810E+01  9.162023E+00
    3  -1.914754E+01  3.192270E+01  6.655559E+01  3.252195E+00  1.559588E+01
    4   9.561180E+00 -1.227810E+01  3.252195E+00  4.852935E+01 -1.371869E+01
    5  -6.723144E+00  9.162023E+00  1.559588E+01 -1.371869E+01  2.006359E+01
    6   1.259982E+00  2.759847E+00  1.103305E+00  1.042184E-01  7.996667E-02
    7   1.947417E-01 -1.764378E-01  1.409803E+00  2.585165E+00  1.524298E+00
   m-n        6             7
    1   1.259982E+00  1.947417E-01
    2   2.759847E+00 -1.764378E-01
    3   1.103305E+00  1.409803E+00
    4   1.042184E-01  2.585165E+00
    5   7.996667E-02  1.524298E+00
    6   3.081581E+00  1.737290E-02
    7   1.737290E-02  3.141161E+00

   Eigenvalues of D matrix:
     9.9413E+01    5.5319E+01    2.1299E+01    1.4473E+01    6.2831E+00    2.6325E+00
     2.4893E+00
   Determinant of D matrix  3.457329E+034

          Uncoupled force constants (au), Pitzer moment of inertia (amu A^2),
   uncoupled torsional frequencies (cm-1), and uncoupled torsional barrier (kcal/mol)
   --------------------------------------------------------------------------------
   Torsion               1             2             3             4             5
   Force constant   2.05009E-02  2.08716E-02  3.62200E-02  9.99869E-03  4.37282E-02
   Moment          25.335       35.203       66.556       48.529       20.064
   Tor. Freq.        77.381       66.236       63.458       39.046      126.994
   Rot. barrier       3.649        3.715        6.447        1.780        7.783
   M_j,tau            2.655        2.655        2.655        2.655        2.655

   Torsion               6             7
   Force constant   2.04003E-02  8.06384E-03
   Moment           3.082        3.141
   Tor. Freq.       221.328      137.826
   Rot. barrier       2.845        1.124
   M_j,tau            3.000        3.000
   --------------------------------------------------------------------------------
   Potential Energy =   0.748 kcal/mol
   Weight =  2
   Overall rotational symmetry number =   1

                           ==========================
                                Structure   8
                           ==========================

   Normal-mode Frequencies (cm-1) 
   (Overall translation and rotation projected out)
       0.0000i      0.0000i      0.0000       0.0000       0.0000       0.0001 
      32.7889      51.3984      68.8060     120.0485     136.5658     154.2317 
     191.9003     215.1956     241.2940     297.0014     365.8598     380.2635 
     489.0626     594.4032     651.7217     712.9947     777.3869     841.9183 
     854.1502     907.9207     909.6409     990.0793    1025.1290    1051.2546 
    1072.4591    1101.8367    1115.2190    1148.5935    1177.9684    1185.4731 
    1210.5356    1250.4716    1272.5220    1288.2701    1293.7668    1336.8442 
    1341.0794    1375.5010    1381.6734    1422.1176    1433.8336    1441.9580 
    1442.7612    1443.4930    1451.8871    1454.9563    1457.7380    1462.9628 
    1801.5406    2941.3263    2952.5740    2959.0282    2968.1913    2975.3917 
    2980.7879    2987.0685    2996.2621    3020.6948    3035.0898    3041.6686 
    3048.4266    3070.2180    3102.4758 
   Torsion-projected frequencies/non-torsional frequencies (cm-1)
     164.6943     212.7006     294.9907     365.2706     380.2531     487.9566 
     593.9586     650.8925     711.4296     777.2766     841.8761     854.1435 
     907.8655     909.6201     990.0543    1025.1181    1051.2538    1072.4583 
    1101.8171    1115.2092    1148.2807    1177.9662    1185.4558    1210.5047 
    1250.4656    1272.4675    1288.2556    1293.7389    1336.8395    1341.0687 
    1375.5007    1381.6718    1422.0865    1433.8322    1441.9440    1442.7537 
    1443.4179    1451.8861    1454.9540    1457.7378    1462.9619    1801.5405 
    2941.3256    2952.5740    2959.0281    2968.1911    2975.3899    2980.7877 
    2987.0684    2996.2601    3020.6943    3035.0884    3041.6686    3048.4260 
    3070.2088    3102.4758 
   Product of consistently coupled torsional frequencies (in cm-1^ntor)  8.4729E+13
   Primitively coupled torsional frequencies (cm-1) (Not used in P.F. calculations)
      39.8015      65.2312      80.4462     130.7403     143.4623     185.8546 
     241.8269 
   Product of primitively coupled torsional frequencies (in cm-1^ntor)   1.7607E+14
   Effective coupled torsional barrier (kcal/mol)
        1.092        1.871        2.650        3.526        4.630        7.241 
        8.489 

   D matrix: 
   Columns are ordered to be consistent with the order of the torsion angles
   m-n        1             2             3             4             5
    1   2.183274E+01 -4.708536E+00  2.234888E+01  1.240263E+01 -7.344542E+00
    2  -4.708536E+00  2.830264E+01 -1.170043E+01 -1.370170E+01  8.408958E+00
    3   2.234888E+01 -1.170043E+01  5.171326E+01  3.082647E+01 -1.880863E+01
    4   1.240263E+01 -1.370170E+01  3.082647E+01  4.980709E+01 -1.339792E+01
    5  -7.344542E+00  8.408958E+00 -1.880863E+01 -1.339792E+01  2.006963E+01
    6   1.253649E+00  2.703882E+00  1.588371E+00  1.912288E-01 -9.852384E-02
    7   3.830131E-01 -3.645194E-01  8.802285E-01  2.665277E+00  1.564460E+00
   m-n        6             7
    1   1.253649E+00  3.830131E-01
    2   2.703882E+00 -3.645194E-01
    3   1.588371E+00  8.802285E-01
    4   1.912288E-01  2.665277E+00
    5  -9.852384E-02  1.564460E+00
    6   3.085855E+00  9.530374E-03
    7   9.530374E-03  3.148653E+00

   Eigenvalues of D matrix:
     1.0340E+02    2.6543E+01    2.1753E+01    1.2859E+01    8.2459E+00    2.5983E+00
     2.5622E+00
   Determinant of D matrix  2.087540E+034

          Uncoupled force constants (au), Pitzer moment of inertia (amu A^2),
   uncoupled torsional frequencies (cm-1), and uncoupled torsional barrier (kcal/mol)
   --------------------------------------------------------------------------------
   Torsion               1             2             3             4             5
   Force constant   2.07916E-02  2.07397E-02  3.54766E-02  1.22325E-02  4.39977E-02
   Moment          21.833       28.303       51.713       49.807       20.070
   Tor. Freq.        83.945       73.636       71.248       42.630      127.365
   Rot. barrier       3.988        3.978        6.805        2.346        8.439
   M_j,tau            2.558        2.558        2.558        2.558        2.558

   Torsion               6             7
   Force constant   2.01845E-02  8.07332E-03
   Moment           3.086        3.149
   Tor. Freq.       220.002      137.743
   Rot. barrier       2.815        1.126
   M_j,tau            3.000        3.000
   --------------------------------------------------------------------------------
   Potential Energy =   0.835 kcal/mol
   Weight =  2
   Overall rotational symmetry number =   1

                           ==========================
                                Structure   9
                           ==========================

   Normal-mode Frequencies (cm-1) 
   (Overall translation and rotation projected out)
       0.0000i      0.0000i      0.0000       0.0000       0.0000       0.0000 
      23.0846      47.7126      74.8238     101.8546     127.3332     138.6864 
     160.2003     215.3305     238.8904     286.8971     326.2148     388.4384 
     446.6068     635.0975     706.7962     717.3076     745.5966     821.3429 
     868.2527     891.4185     945.4440    1009.9537    1037.2070    1050.3323 
    1062.7779    1106.1938    1112.2277    1148.6128    1177.8682    1186.3566 
    1215.0987    1243.7968    1276.4764    1289.5436    1291.5077    1314.8985 
    1349.4262    1375.2386    1379.6360    1427.7169    1437.8319    1443.4363 
    1443.7924    1446.3144    1455.0898    1457.3380    1457.7536    1464.7937 
    1802.1659    2940.0832    2953.5916    2959.0012    2962.2950    2974.1768 
    2978.9221    2987.1056    2996.4572    3018.0864    3034.9463    3042.1565 
    3054.5464    3070.2447    3102.5935 
   Torsion-projected frequencies/non-torsional frequencies (cm-1)
     120.6981     201.5432     286.3938     325.5681     388.1910     445.6894 
     634.6065     705.7290     716.4307     745.1236     821.3156     868.2429 
     891.4098     945.3875    1009.9496    1037.2025    1050.3230    1062.7751 
    1106.1533    1112.2227    1148.3599    1177.8662    1186.3430    1215.0886 
    1243.7613    1276.4433    1289.5306    1291.4546    1314.8970    1349.4147 
    1375.2379    1379.6358    1427.6714    1437.8302    1443.3669    1443.7732 
    1446.3126    1455.0880    1457.3347    1457.7535    1464.7926    1802.1658 
    2940.0832    2953.5916    2959.0012    2962.2949    2974.1764    2978.9207 
    2987.1056    2996.4560    3018.0846    3034.9449    3042.1565    3054.5463 
    3070.2359    3102.5935 
   Product of consistently coupled torsional frequencies (in cm-1^ntor)  5.0783E+13
   Primitively coupled torsional frequencies (cm-1) (Not used in P.F. calculations)
      37.1928      52.3190     106.9399     130.6080     137.0297     159.6895 
     242.7390 
   Product of primitively coupled torsional frequencies (in cm-1^ntor)   1.4436E+14
   Effective coupled torsional barrier (kcal/mol)
        0.910        1.094        2.488        2.901        3.579        4.176 
        7.465 

   D matrix: 
   Columns are ordered to be consistent with the order of the torsion angles
   m-n        1             2             3             4             5
    1   2.265519E+01 -4.040748E+00  2.123099E+01  1.868232E+00 -2.509299E+00
    2  -4.040748E+00  2.193710E+01 -6.694314E+00  1.405109E+01 -2.441709E+00
    3   2.123099E+01 -6.694314E+00  4.072699E+01 -9.062441E-01 -4.467742E+00
    4   1.868232E+00  1.405109E+01 -9.062441E-01  2.645506E+01 -4.850255E+00
    5  -2.509299E+00 -2.441709E+00 -4.467742E+00 -4.850255E+00  1.668103E+01
    6   1.252043E+00  2.268646E+00  1.521537E+00  1.587402E+00 -5.370047E-01
    7  -4.529672E-02  8.676686E-01 -3.774801E-01  1.580623E+00  1.936706E+00
   m-n        6             7
    1   1.252043E+00 -4.529672E-02
    2   2.268646E+00  8.676686E-01
    3   1.521537E+00 -3.774801E-01
    4   1.587402E+00  1.580623E+00
    5  -5.370047E-01  1.936706E+00
    6   3.032672E+00  7.990719E-02
    7   7.990719E-02  3.095333E+00

   Eigenvalues of D matrix:
     5.7253E+01    3.9352E+01    1.5071E+01    1.0005E+01    7.7315E+00    2.5756E+00
     2.5956E+00
   Determinant of D matrix  8.697435E+033

          Uncoupled force constants (au), Pitzer moment of inertia (amu A^2),
   uncoupled torsional frequencies (cm-1), and uncoupled torsional barrier (kcal/mol)
   --------------------------------------------------------------------------------
   Torsion               1             2             3             4             5
   Force constant   2.06458E-02  2.01648E-02  2.03020E-02  5.75788E-03  4.37631E-02
   Moment          22.655       21.937       40.727       26.455       16.681
   Tor. Freq.        82.118       82.473       60.734       40.131      139.331
   Rot. barrier       3.485        3.403        3.426        0.972        7.386
   M_j,tau            2.727        2.727        2.727        2.727        2.727

   Torsion               6             7
   Force constant   2.01630E-02  8.09991E-03
   Moment           3.033        3.095
   Tor. Freq.       221.804      139.153
   Rot. barrier       2.812        1.130
   M_j,tau            3.000        3.000
   --------------------------------------------------------------------------------
   Potential Energy =   0.994 kcal/mol
   Weight =  2
   Overall rotational symmetry number =   1

                           ==========================
                                Structure  10
                           ==========================

   Normal-mode Frequencies (cm-1) 
   (Overall translation and rotation projected out)
       0.0000i      0.0000i      0.0000i      0.0000       0.0000       0.0001 
      30.2645      44.4127      85.4620     134.2489     147.4111     165.7567 
     204.1791     261.5650     288.2242     320.0495     354.9443     421.9300 
     499.8988     577.5906     644.9887     718.0319     777.7213     828.2100 
     868.7141     885.7011     939.8684     967.6144    1000.4143    1039.7252 
    1066.7833    1091.0356    1119.1687    1148.3003    1166.2437    1177.1944 
    1197.7274    1244.1899    1247.7422    1286.1385    1321.5719    1350.8897 
    1358.3324    1376.8972    1380.8042    1415.9826    1433.2664    1440.7439 
    1443.8829    1447.9847    1452.8806    1457.7067    1459.4530    1465.7891 
    1798.8397    2956.8456    2958.0271    2960.9186    2973.8901    2982.5923 
    2987.2917    2996.5265    3013.5105    3024.4600    3031.4249    3035.0218 
    3040.3797    3070.4264    3103.3603 
   Torsion-projected frequencies/non-torsional frequencies (cm-1)
     182.7250     259.1949     318.4891     354.3168     420.9318     499.1761 
     575.3154     644.5360     717.5073     777.5282     828.0415     868.5896 
     885.6032     939.8426     967.5409    1000.3194    1039.7027    1066.6790 
    1091.0294    1119.1557    1147.9822    1166.2356    1177.1932    1197.7087 
    1244.1838    1247.7013    1286.1216    1321.5701    1350.8880    1358.3275 
    1376.8908    1380.8018    1415.9522    1433.2580    1440.7428    1443.8013 
    1447.9373    1452.8451    1457.7067    1459.4352    1465.7789    1798.8392 
    2956.8444    2958.0254    2960.9164    2973.8860    2982.5907    2987.2917 
    2996.5251    3013.5082    3024.4586    3031.4226    3035.0206    3040.3782 
    3070.4176    3103.3603 
   Product of consistently coupled torsional frequencies (in cm-1^ntor)  1.2462E+14
   Primitively coupled torsional frequencies (cm-1) (Not used in P.F. calculations)
      32.6646      49.7375      89.9866     138.6617     167.5420     203.9469 
     282.8113 
   Product of primitively coupled torsional frequencies (in cm-1^ntor)   1.9590E+14
   Effective coupled torsional barrier (kcal/mol)
        1.085        1.393        2.882        5.438        8.078        8.524 
        9.028 

   D matrix: 
   Columns are ordered to be consistent with the order of the torsion angles
   m-n        1             2             3             4             5
    1   2.611224E+01  2.771698E+01  5.372153E+00 -4.162451E+00  1.631968E-01
    2   2.771698E+01  7.453616E+01  4.504328E+01 -1.365173E+01  1.056299E+01
    3   5.372153E+00  4.504328E+01  6.151693E+01  5.606067E+00  1.338253E+01
    4  -4.162451E+00 -1.365173E+01  5.606067E+00  4.302058E+01 -1.157506E+01
    5   1.631968E-01  1.056299E+01  1.338253E+01 -1.157506E+01  1.898052E+01
    6   1.438335E+00 -5.868366E-01 -3.633766E-01  8.169008E-01 -2.676146E-01
    7  -2.462368E-01 -1.212094E-01  1.429098E+00  2.333525E+00  1.601868E+00
   m-n        6             7
    1   1.438335E+00 -2.462368E-01
    2  -5.868366E-01 -1.212094E-01
    3  -3.633766E-01  1.429098E+00
    4   8.169008E-01  2.333525E+00
    5  -2.676146E-01  1.601868E+00
    6   3.071671E+00  4.052305E-02
    7   4.052305E-02  3.128216E+00

   Eigenvalues of D matrix:
     1.2374E+02    5.1698E+01    3.3169E+01    1.1062E+01    5.4930E+00    2.7055E+00
     2.4991E+00
   Determinant of D matrix  4.318093E+034

          Uncoupled force constants (au), Pitzer moment of inertia (amu A^2),
   uncoupled torsional frequencies (cm-1), and uncoupled torsional barrier (kcal/mol)
   --------------------------------------------------------------------------------
   Torsion               1             2             3             4             5
   Force constant   3.93267E-02  3.39412E-02  3.80443E-02  1.02597E-02  4.38207E-02
   Moment          26.112       74.536       61.517       43.021       18.981
   Tor. Freq.       105.567       58.048       67.648       42.008      130.705
   Rot. barrier       7.630        6.585        7.381        1.990        8.502
   M_j,tau            2.543        2.543        2.543        2.543        2.543

   Torsion               6             7
   Force constant   2.31206E-02  8.00446E-03
   Moment           3.072        3.128
   Tor. Freq.       236.003      137.601
   Rot. barrier       3.224        1.116
   M_j,tau            3.000        3.000
   --------------------------------------------------------------------------------
   Potential Energy =   1.040 kcal/mol
   Weight =  2
   Overall rotational symmetry number =   1

       List of zero-point inclusive energy (kcal/mol) for each structure
      ------------------------------------------------------------------
        Structure            Energy (T = 0 K)
      ------------------------------------------------------------------
          1                    125.03
          2                    124.96
          3                    125.79
          4                    125.83
          5                    125.69
          6                    125.69
          7                    125.88
          8                    125.93
          9                    126.00
         10                    126.40
      ZPE of the system =      124.96


     Note: The following SS-HO and SS-T include the Rot. P.F. and Boltzmann factor,
           but are calculated with weight = 1 for each structure. Weights are
           counted in MS partition functions. Zero of energy is set to the potential
           energy of global minimum.

            Partition function of structure    1
     ================================================================
          T(K)      Rot.          SS-HO           SS-T     SS-T/SS-HO
        600.00    2.0981E+006   3.8963E-032   5.2809E-032    1.355
        700.00    2.6439E+006   2.6679E-024   3.6848E-024    1.381
        800.00    3.2302E+006   3.9433E-018   5.4622E-018    1.385
        900.00    3.8544E+006   4.3855E-013   6.0178E-013    1.372
       1000.00    4.5143E+006   7.7686E-009   1.0457E-008    1.346
       1100.00    5.2081E+006   3.5367E-005   4.6336E-005    1.310
       1200.00    5.9342E+006   5.6995E-002   7.2220E-002    1.267
       1300.00    6.6913E+006   4.0630E+001   4.9539E+001    1.219
       1400.00    7.4780E+006   1.5039E+004   1.7572E+004    1.168
       1500.00    8.2933E+006   3.2541E+006   3.6312E+006    1.116
       1600.00    9.1364E+006   4.5024E+008   4.7853E+008    1.063
       1700.00    1.0006E+007   4.2695E+010   4.3126E+010    1.010
       1800.00    1.0902E+007   2.9304E+012   2.8084E+012    0.958
       1900.00    1.1823E+007   1.5208E+014   1.3810E+014    0.908
       2000.00    1.2768E+007   6.1832E+015   5.3144E+015    0.859

            Partition function of structure    2
     ================================================================
          T(K)      Rot.          SS-HO           SS-T     SS-T/SS-HO
        600.00    1.9307E+006   9.0485E-032   1.2920E-031    1.428
        700.00    2.4330E+006   6.2617E-024   8.8240E-024    1.409
        800.00    2.9725E+006   9.3307E-018   1.2745E-017    1.366
        900.00    3.5470E+006   1.0444E-012   1.3643E-012    1.306
       1000.00    4.1542E+006   1.8599E-008   2.2999E-008    1.237
       1100.00    4.7927E+006   8.5044E-005   9.8808E-005    1.162
       1200.00    5.4609E+006   1.3756E-001   1.4933E-001    1.086
       1300.00    6.1575E+006   9.8372E+001   9.9387E+001    1.010
       1400.00    6.8815E+006   3.6513E+004   3.4233E+004    0.938
       1500.00    7.6318E+006   7.9197E+006   6.8772E+006    0.868
       1600.00    8.4076E+006   1.0981E+009   8.8208E+008    0.803
       1700.00    9.2080E+006   1.0433E+011   7.7466E+010    0.743
       1800.00    1.0032E+007   7.1733E+012   4.9219E+012    0.686
       1900.00    1.0880E+007   3.7286E+014   2.3643E+014    0.634
       2000.00    1.1750E+007   1.5181E+016   8.8983E+015    0.586

            Partition function of structure    3
     ================================================================
          T(K)      Rot.          SS-HO           SS-T     SS-T/SS-HO
        600.00    1.8559E+006   1.8395E-032   2.4818E-032    1.349
        700.00    2.3387E+006   1.3713E-024   1.8661E-024    1.361
        800.00    2.8574E+006   2.1601E-018   2.9219E-018    1.353
        900.00    3.4095E+006   2.5240E-013   3.3572E-013    1.330
       1000.00    3.9933E+006   4.6511E-009   6.0323E-009    1.297
       1100.00    4.6070E+006   2.1867E-005   2.7472E-005    1.256
       1200.00    5.2493E+006   3.6196E-002   4.3814E-002    1.210
       1300.00    5.9190E+006   2.6392E+001   3.0649E+001    1.161
       1400.00    6.6149E+006   9.9598E+003   1.1057E+004    1.110
       1500.00    7.3362E+006   2.1914E+006   2.3190E+006    1.058
       1600.00    8.0819E+006   3.0765E+008   3.0963E+008    1.006
       1700.00    8.8513E+006   2.9551E+010   2.8232E+010    0.955
       1800.00    9.6437E+006   2.0515E+012   1.8578E+012    0.906
       1900.00    1.0458E+007   1.0756E+014   9.2220E+013    0.857
       2000.00    1.1295E+007   4.4131E+015   3.5794E+015    0.811

            Partition function of structure    4
     ================================================================
          T(K)      Rot.          SS-HO           SS-T     SS-T/SS-HO
        600.00    1.9237E+006   1.9481E-032   2.6264E-032    1.348
        700.00    2.4241E+006   1.4593E-024   1.9837E-024    1.359
        800.00    2.9617E+006   2.3069E-018   3.1165E-018    1.351
        900.00    3.5341E+006   2.7031E-013   3.5911E-013    1.329
       1000.00    4.1391E+006   4.9921E-009   6.4694E-009    1.296
       1100.00    4.7753E+006   2.3513E-005   2.9536E-005    1.256
       1200.00    5.4410E+006   3.8979E-002   4.7220E-002    1.211
       1300.00    6.1351E+006   2.8459E+001   3.3110E+001    1.163
       1400.00    6.8565E+006   1.0751E+004   1.1973E+004    1.114
       1500.00    7.6041E+006   2.3678E+006   2.5169E+006    1.063
       1600.00    8.3770E+006   3.3271E+008   3.3681E+008    1.012
       1700.00    9.1745E+006   3.1981E+010   3.0778E+010    0.962
       1800.00    9.9958E+006   2.2217E+012   2.0297E+012    0.914
       1900.00    1.0840E+007   1.1655E+014   1.0096E+014    0.866
       2000.00    1.1707E+007   4.7846E+015   3.9266E+015    0.821

            Partition function of structure    5
     ================================================================
          T(K)      Rot.          SS-HO           SS-T     SS-T/SS-HO
        600.00    2.0658E+006   4.6428E-032   5.2974E-032    1.141
        700.00    2.6032E+006   3.4777E-024   3.8680E-024    1.112
        800.00    3.1805E+006   5.4986E-018   5.8673E-018    1.067
        900.00    3.7951E+006   6.4447E-013   6.5209E-013    1.012
       1000.00    4.4449E+006   1.1906E-008   1.1325E-008    0.951
       1100.00    5.1281E+006   5.6096E-005   4.9850E-005    0.889
       1200.00    5.8430E+006   9.3026E-002   7.6875E-002    0.826
       1300.00    6.5884E+006   6.7940E+001   5.2040E+001    0.766
       1400.00    7.3630E+006   2.5676E+004   1.8188E+004    0.708
       1500.00    8.1658E+006   5.6564E+006   3.7000E+006    0.654
       1600.00    8.9959E+006   7.9504E+008   4.7981E+008    0.604
       1700.00    9.8523E+006   7.6444E+010   4.2548E+010    0.557
       1800.00    1.0734E+007   5.3120E+012   2.7267E+012    0.513
       1900.00    1.1641E+007   2.7874E+014   1.3199E+014    0.474
       2000.00    1.2572E+007   1.1446E+016   5.0018E+015    0.437

            Partition function of structure    6
     ================================================================
          T(K)      Rot.          SS-HO           SS-T     SS-T/SS-HO
        600.00    2.0150E+006   4.7603E-032   5.0867E-032    1.069
        700.00    2.5392E+006   3.5677E-024   3.7149E-024    1.041
        800.00    3.1023E+006   5.6431E-018   5.6347E-018    0.999
        900.00    3.7018E+006   6.6158E-013   6.2613E-013    0.946
       1000.00    4.3356E+006   1.2224E-008   1.0872E-008    0.889
       1100.00    5.0019E+006   5.7606E-005   4.7847E-005    0.831
       1200.00    5.6993E+006   9.5542E-002   7.3774E-002    0.772
       1300.00    6.4263E+006   6.9784E+001   4.9934E+001    0.716
       1400.00    7.1819E+006   2.6375E+004   1.7450E+004    0.662
       1500.00    7.9650E+006   5.8108E+006   3.5495E+006    0.611
       1600.00    8.7746E+006   8.1677E+008   4.6027E+008    0.564
       1700.00    9.6099E+006   7.8538E+010   4.0813E+010    0.520
       1800.00    1.0470E+007   5.4577E+012   2.6154E+012    0.479
       1900.00    1.1355E+007   2.8640E+014   1.2660E+014    0.442
       2000.00    1.2263E+007   1.1760E+016   4.7975E+015    0.408

            Partition function of structure    7
     ================================================================
          T(K)      Rot.          SS-HO           SS-T     SS-T/SS-HO
        600.00    2.0459E+006   2.2251E-032   3.1647E-032    1.422
        700.00    2.5781E+006   1.6775E-024   2.3871E-024    1.423
        800.00    3.1499E+006   2.6648E-018   3.7396E-018    1.403
        900.00    3.7585E+006   3.1344E-013   4.2921E-013    1.369
       1000.00    4.4021E+006   5.8067E-009   7.6960E-009    1.325
       1100.00    5.0786E+006   2.7420E-005   3.4954E-005    1.275
       1200.00    5.7867E+006   4.5553E-002   5.5576E-002    1.220
       1300.00    6.5249E+006   3.3318E+001   3.8749E+001    1.163
       1400.00    7.2920E+006   1.2606E+004   1.3932E+004    1.105
       1500.00    8.0871E+006   2.7801E+006   2.9124E+006    1.048
       1600.00    8.9091E+006   3.9109E+008   3.8758E+008    0.991
       1700.00    9.7573E+006   3.7631E+010   3.5227E+010    0.936
       1800.00    1.0631E+007   2.6166E+012   2.3110E+012    0.883
       1900.00    1.1529E+007   1.3738E+014   1.1437E+014    0.833
       2000.00    1.2451E+007   5.6437E+015   4.4267E+015    0.784

            Partition function of structure    8
     ================================================================
          T(K)      Rot.          SS-HO           SS-T     SS-T/SS-HO
        600.00    2.1301E+006   2.0415E-032   2.0632E-032    1.011
        700.00    2.6842E+006   1.5532E-024   1.6235E-024    1.045
        800.00    3.2795E+006   2.4841E-018   2.6399E-018    1.063
        900.00    3.9132E+006   2.9369E-013   3.1305E-013    1.066
       1000.00    4.5832E+006   5.4627E-009   5.7768E-009    1.057
       1100.00    5.2876E+006   2.5880E-005   2.6911E-005    1.040
       1200.00    6.0248E+006   4.3112E-002   4.3759E-002    1.015
       1300.00    6.7934E+006   3.1605E+001   3.1128E+001    0.985
       1400.00    7.5921E+006   1.1982E+004   1.1395E+004    0.951
       1500.00    8.4199E+006   2.6469E+006   2.4209E+006    0.915
       1600.00    9.2758E+006   3.7292E+008   3.2694E+008    0.877
       1700.00    1.0159E+007   3.5931E+010   3.0114E+010    0.838
       1800.00    1.1068E+007   2.5013E+012   1.9998E+012    0.799
       1900.00    1.2003E+007   1.3147E+014   1.0009E+014    0.761
       2000.00    1.2963E+007   5.4061E+015   3.9136E+015    0.724

            Partition function of structure    9
     ================================================================
          T(K)      Rot.          SS-HO           SS-T     SS-T/SS-HO
        600.00    2.1989E+006   4.6549E-032   3.5810E-032    0.769
        700.00    2.7709E+006   3.6234E-024   2.8011E-024    0.773
        800.00    3.3854E+006   5.8931E-018   4.4934E-018    0.762
        900.00    4.0396E+006   7.0578E-013   5.2320E-013    0.741
       1000.00    4.7312E+006   1.3262E-008   9.4529E-009    0.713
       1100.00    5.4583E+006   6.3352E-005   4.3050E-005    0.680
       1200.00    6.2193E+006   1.0625E-001   6.8390E-002    0.644
       1300.00    7.0127E+006   7.8341E+001   4.7526E+001    0.607
       1400.00    7.8372E+006   2.9845E+004   1.7002E+004    0.570
       1500.00    8.6918E+006   6.6206E+006   3.5320E+006    0.533
       1600.00    9.5753E+006   9.3616E+008   4.6676E+008    0.499
       1700.00    1.0487E+007   9.0489E+010   4.2106E+010    0.465
       1800.00    1.1426E+007   6.3172E+012   2.7409E+012    0.434
       1900.00    1.2391E+007   3.3286E+014   1.3459E+014    0.404
       2000.00    1.3382E+007   1.3719E+016   5.1680E+015    0.377

            Partition function of structure   10
     ================================================================
          T(K)      Rot.          SS-HO           SS-T     SS-T/SS-HO
        600.00    1.8272E+006   6.5094E-033   7.6728E-033    1.179
        700.00    2.3026E+006   5.1185E-025   6.1194E-025    1.196
        800.00    2.8132E+006   8.3893E-019   1.0082E-018    1.202
        900.00    3.3569E+006   1.0109E-013   1.2128E-013    1.200
       1000.00    3.9316E+006   1.9089E-009   2.2738E-009    1.191
       1100.00    4.5358E+006   9.1551E-006   1.0776E-005    1.177
       1200.00    5.1682E+006   1.5406E-002   1.7843E-002    1.158
       1300.00    5.8275E+006   1.1391E+001   1.2932E+001    1.135
       1400.00    6.5127E+006   4.3499E+003   4.8244E+003    1.109
       1500.00    7.2228E+006   9.6691E+005   1.0445E+006    1.080
       1600.00    7.9570E+006   1.3696E+008   1.4372E+008    1.049
       1700.00    8.7145E+006   1.3259E+010   1.3483E+010    1.017
       1800.00    9.4946E+006   9.2690E+011   9.1152E+011    0.983
       1900.00    1.0297E+007   4.8898E+013   4.6417E+013    0.949
       2000.00    1.1120E+007   2.0174E+015   1.8457E+015    0.915

     ================================================================
              Partition Functions Including All Structures
        -----------------------------------------------------------
        Zero of energy is set to potential energy of global minimum
        -----------------------------------------------------------
        T(K)    Elec.        Trans.              Con-rovib
                                            MS-LH    or     MS-T
        600.00  1.0000E+000  3.3954E+008  6.2368E-031  7.3618E-031
        700.00  1.0000E+000  4.9918E+008  4.6081E-023  5.3906E-023
        800.00  1.0000E+000  6.9701E+008  7.2196E-017  8.2513E-017
        900.00  1.0000E+000  9.3567E+008  8.4070E-012  9.2874E-012
       1000.00  1.0000E+000  1.2176E+009  1.5456E-007  1.6371E-007
       1100.00  1.0000E+000  1.5452E+009  7.2556E-004  7.3227E-004
       1200.00  1.0000E+000  1.9207E+009  1.1997E+000  1.1483E+000
       1300.00  1.0000E+000  2.3463E+009  8.7409E+002  7.9060E+002
       1400.00  1.0000E+000  2.8238E+009  3.2968E+005  2.8102E+005
       1500.00  1.0000E+000  3.3554E+009  7.2510E+007  5.8130E+007
       1600.00  1.0000E+000  3.9429E+009  1.0177E+010  7.6622E+009
       1700.00  1.0000E+000  4.5882E+009  9.7737E+011  6.9032E+011
       1800.00  1.0000E+000  5.2929E+009  6.7844E+013  4.4924E+013
       1900.00  1.0000E+000  6.0590E+009  3.5567E+015  2.2071E+015
       2000.00  1.0000E+000  6.8880E+009  1.4593E+017  8.4846E+016

             Total Partition Function (E + T + Con-rovib)
             ---------------------------------------------
                T(K)     E + T + MS-LH     E + T + MS-T
                600.00     2.1176E-022       2.4996E-022
                700.00     2.3003E-014       2.6909E-014
                800.00     5.0322E-008       5.7513E-008
                900.00     7.8662E-003       8.6899E-003
               1000.00     1.8820E+002       1.9934E+002
               1100.00     1.1212E+006       1.1315E+006
               1200.00     2.3043E+009       2.2055E+009
               1300.00     2.0508E+012       1.8549E+012
               1400.00     9.3096E+014       7.9354E+014
               1500.00     2.4330E+017       1.9505E+017
               1600.00     4.0128E+019       3.0211E+019
               1700.00     4.4843E+021       3.1673E+021
               1800.00     3.5909E+023       2.3778E+023
               1900.00     2.1550E+025       1.3373E+025
               2000.00     1.0051E+027       5.8441E+026

     ================================================================
              Partition Functions Including All Structures
        -----------------------------------------------------------
                    Zero of energy is set to ZPE
        -----------------------------------------------------------
        T(K)             Con-rovib                Total
                   MS-LH        MS-T       E+T+MS-LH    E+T+MS-T
        600.00  2.0352E+015  2.4024E+015  6.9105E+023  8.1571E+023
        700.00  4.7340E+016  5.5379E+016  2.3632E+025  2.7644E+025
        800.00  9.8573E+017  1.1266E+018  6.8707E+026  7.8525E+026
        900.00  1.8496E+019  2.0433E+019  1.7306E+028  1.9119E+028
       1000.00  3.1427E+020  3.3287E+020  3.8267E+029  4.0531E+029
       1100.00  4.8563E+021  4.9012E+021  7.5041E+030  7.5736E+030
       1200.00  6.8532E+022  6.5596E+022  1.3163E+032  1.2599E+032
       1300.00  8.8687E+023  8.0216E+023  2.0808E+033  1.8821E+033
       1400.00  1.0567E+025  9.0072E+024  2.9839E+034  2.5435E+034
       1500.00  1.1638E+026  9.3296E+025  3.9049E+035  3.1305E+035
       1600.00  1.1892E+027  8.9531E+026  4.6888E+036  3.5301E+036
       1700.00  1.1316E+028  7.9927E+027  5.1921E+037  3.6672E+037
       1800.00  1.0063E+029  6.6634E+028  5.3263E+038  3.5269E+038
       1900.00  8.3904E+029  5.2066E+029  5.0837E+039  3.1547E+039
       2000.00  6.5801E+030  3.8258E+030  4.5323E+040  2.6352E+040
     ================================================================

                     ==============================
                          Thermodynamic Functions
                      (Ideal gas at standard state)
                     ==============================
     T  - Temperature (Kelvin)        G  - Gibbs Free Energy (kcal/mol)
     E  - Thermal Energy (kcal/mol)   H  - Enthalpy (kcal/mol)
     S  - Entropy (cal/(mol-K))
     Cp - Heat Capacity at Constant Pressure (cal/(mol-K))
        -----------------------------------------------------------
        Zero of energy is set to potential energy of global minimum
        -----------------------------------------------------------

               Contribution from electronic P.F. 
     ================================================================
                  T          G          E          S
                600.00      -0.000      0.000      0.000
                700.00      -0.000      0.000      0.000
                800.00      -0.000      0.000      0.000
                900.00      -0.000      0.000      0.000
               1000.00      -0.000      0.000      0.000
               1100.00      -0.000      0.000      0.000
               1200.00      -0.000      0.000      0.000
               1300.00      -0.000      0.000      0.000
               1400.00      -0.000      0.000      0.000
               1500.00      -0.000      0.000      0.000
               1600.00      -0.000      0.000      0.000
               1700.00      -0.000      0.000      0.000
               1800.00      -0.000      0.000      0.000
               1900.00      -0.000      0.000      0.000
               2000.00      -0.000      0.000      0.000

               Contribution from translational P.F. 
     ================================================================
                  T          G          E          S
                600.00     -23.421      1.788     44.003
                700.00     -27.861      2.087     44.769
                800.00     -32.371      2.385     45.432
                900.00     -36.945      2.683     46.018
               1000.00     -41.573      2.981     46.541
               1100.00     -46.251      3.279     47.014
               1200.00     -50.974      3.577     47.447
               1300.00     -55.739      3.875     47.844
               1400.00     -60.542      4.173     48.213
               1500.00     -65.381      4.471     48.555
               1600.00     -70.253      4.769     48.876
               1700.00     -75.155      5.067     49.177
               1800.00     -80.087      5.365     49.461
               1900.00     -85.047      5.664     49.730
               2000.00     -90.033      5.962     49.985

        Contribution from conformational-rovibrational P.F. (MS-LH)
     ================================================================
                  T          G          E          S
                600.00      82.926    147.887    108.268
                700.00      71.544    155.043    119.285
                800.00      59.087    162.895    129.759
                900.00      45.610    171.338    139.698
               1000.00      31.165    180.290    149.125
               1100.00      15.801    189.678    158.070
               1200.00      -0.434    199.443    166.564
               1300.00     -17.498    209.534    174.640
               1400.00     -35.349    219.906    182.325
               1500.00     -53.951    230.522    189.649
               1600.00     -73.268    241.351    196.637
               1700.00     -93.268    252.366    203.314
               1800.00    -113.921    263.544    209.702
               1900.00    -135.199    274.864    215.823
               2000.00    -157.077    286.311    221.694

        Contribution from conformational-rovibrational P.F. (MS-T)
     ================================================================
                  T          G          E          S
                600.00      82.728    147.884    108.592
                700.00      71.326    154.880    119.362
                800.00      58.875    162.524    129.561
                900.00      45.432    170.720    139.209
               1000.00      31.051    179.386    148.336
               1100.00      15.781    188.455    156.977
               1200.00      -0.330    197.870    165.167
               1300.00     -17.238    207.583    172.939
               1400.00     -34.905    217.552    180.326
               1500.00     -53.292    227.743    187.357
               1600.00     -72.365    238.126    194.057
               1700.00     -92.093    248.677    200.453
               1800.00    -112.446    259.373    206.566
               1900.00    -133.398    270.197    212.418
               2000.00    -154.922    281.134    218.028

     Total (Translational + Electronic + conformational-rovib.(MS-LH))
     ======================================================================
              T          G          E          H          S          Cp
            600.00      59.505    149.675    150.868    152.271     72.670
            700.00      43.683    157.130    158.521    164.054     80.194
            800.00      26.716    165.279    166.869    175.191     86.595
            900.00       8.666    174.021    175.809    185.715     92.072
           1000.00     -10.408    183.270    185.258    195.666     96.777
           1100.00     -30.450    192.957    195.143    205.084    100.829
           1200.00     -51.409    203.020    205.405    214.011    104.325
           1300.00     -73.237    213.409    215.992    222.484    107.348
           1400.00     -95.891    224.079    226.861    230.537    109.968
           1500.00    -119.332    234.993    237.974    238.204    112.245
           1600.00    -143.520    246.121    249.300    245.513    114.229
           1700.00    -168.423    257.434    260.812    252.491    115.965
           1800.00    -194.008    268.909    272.486    259.164    117.488
           1900.00    -220.246    280.528    284.303    265.552    118.829
           2000.00    -247.110    292.272    296.247    271.678    120.015

     Total (Translational + Electronic + conformational-rovib.(MS-T))
     ======================================================================
              T          G          E          H          S          Cp
            600.00      59.307    149.672    150.865    152.595     71.305
            700.00      43.465    156.966    158.357    164.131     78.349
            800.00      26.504    164.909    166.499    174.994     84.317
            900.00       8.487    173.403    175.191    185.226     89.400
           1000.00     -10.522    182.367    184.354    194.876     93.748
           1100.00     -30.470    191.734    193.920    203.991     97.477
           1200.00     -51.304    201.447    203.832    212.613    100.681
           1300.00     -72.978    211.458    214.041    220.784    103.440
           1400.00     -95.447    221.725    224.507    228.539    105.822
           1500.00    -118.673    232.214    235.195    235.912    107.884
           1600.00    -142.618    242.896    246.075    242.933    109.674
           1700.00    -167.249    253.744    257.122    249.630    111.235
           1800.00    -192.534    264.739    268.316    256.027    112.600
           1900.00    -218.445    275.861    279.637    262.148    113.798
           2000.00    -244.955    287.096    291.070    268.013    114.854

                        --------------------------------
                         Zero of energy is set to ZPE
                        --------------------------------

     Total (Translational + Electronic + conformational-rovib.(MS-LH))
     ======================================================================
              T          G          E          H          S          Cp
            600.00     -65.450     24.720     25.912    152.271     72.670
            700.00     -81.272     32.175     33.566    164.054     80.194
            800.00     -98.239     40.324     41.914    175.191     86.595
            900.00    -116.289     49.066     50.854    185.715     92.072
           1000.00    -135.363     58.315     60.303    195.666     96.777
           1100.00    -155.405     68.002     70.188    205.084    100.829
           1200.00    -176.364     78.065     80.450    214.011    104.325
           1300.00    -198.192     88.454     91.037    222.484    107.348
           1400.00    -220.846     99.124    101.906    230.537    109.968
           1500.00    -244.287    110.038    113.019    238.204    112.245
           1600.00    -268.475    121.166    124.345    245.513    114.229
           1700.00    -293.378    132.479    135.857    252.491    115.965
           1800.00    -318.963    143.954    147.531    259.164    117.488
           1900.00    -345.201    155.573    159.348    265.552    118.829
           2000.00    -372.065    167.317    171.292    271.678    120.015

     Total (Translational + Electronic + conformational-rovib.(MS-T))
     ======================================================================
              T          G          E          H          S          Cp
            600.00     -65.648     24.717     25.910    152.595     71.305
            700.00     -81.490     32.011     33.402    164.131     78.349
            800.00     -98.451     39.954     41.544    174.994     84.317
            900.00    -116.468     48.448     50.236    185.226     89.400
           1000.00    -135.477     57.412     59.399    194.876     93.748
           1100.00    -155.425     66.779     68.965    203.991     97.477
           1200.00    -176.259     76.492     78.877    212.613    100.681
           1300.00    -197.933     86.503     89.086    220.784    103.440
           1400.00    -220.402     96.770     99.552    228.539    105.822
           1500.00    -243.628    107.259    110.240    235.912    107.884
           1600.00    -267.573    117.940    121.120    242.933    109.674
           1700.00    -292.204    128.789    132.167    249.630    111.235
           1800.00    -317.489    139.784    143.361    256.027    112.600
           1900.00    -343.400    150.906    154.682    262.148    113.798
           2000.00    -369.910    162.141    166.115    268.013    114.854
                   
 F factor (ratio of ro-vib partition functions):
     ================================================================
           T(K)    QMS-T/QSS-HO1   QMS-LH/QSS-HO1
             ---------------------------------------------
            600.00      18.894     16.007
            700.00      20.205     17.272
            800.00      20.925     18.309
            900.00      21.178     19.170
           1000.00      21.073     19.896
           1100.00      20.705     20.515
           1200.00      20.147     21.049
           1300.00      19.459     21.514
           1400.00      18.686     21.922
           1500.00      17.864     22.283
           1600.00      17.018     22.604
           1700.00      16.169     22.892
           1800.00      15.330     23.152
           1900.00      14.512     23.387
           2000.00      13.722     23.601

 ==============================End of MSTor output==============================
