
 *******************************************************************************

   MSTor 2023 program

   Jingjing Zheng, Wenqi Chen, Steven L. Mielke, Junwei Lucas Bao,
   Rubén Meana-Pañeda, Kenneth L. Clarkson, Xuefei Xu, and Donald G. Truhlar

   Department of Chemistry and Supercomputing Institute
   University of Minnesota, Minneapolis, Minnesota, USA

   Copyright 2013 - 2023
   Donald G. Truhlar and Regents of the University of Minnesota

   Citations: 
   MS-T(U) method
     J. Zheng, T. Yu, E. Papajak, I. M. Alecu, S. L. Mielke, and D. G. Truhlar,
     Phys. Chem. Chem. Phys. 13, 10885-10907 (2011).
   MS-T(C) method
     J. Zheng and D. G. Truhlar, J. Chem. Theory Comput. 9, 1356-1367 (2013).
   Dual-level MS-T method
     J. L. Bao, L. Xing, and D. G. Truhlar, J. Chem. Theory Comput. 13, 2511-2522 (2017).
   MS-T(CD) method
     W. Chen, P. Zhang, D. G. Truhlar, J. Zheng and X. Xu, J. Chem. Theory Comput. 18,
     7671-7682 (2022).
   MSTor 2023 program
     J. Zheng, W. Chen, S. L. Mielke, J. L. Bao, R. Meana-Pañeda, K. L. Clarkson, X. Xu, and D. G. Truhlar,
     MSTor 2023, Tsinghua University, Beijing and University of Minnesota, Minneapolis, 2023
     W. Chen, J. Zheng, D. G. Truhlar, and X. Xu,
     Comp. Phys. Comm.  in preparation.
     J. Zheng, R. Meana-Pañeda, and D. G. Truhlar,
     Comp. Phys. Comm. 184, 2032-2033 (2013).
     J. Zheng, S. L. Mielke, K. L Clarkson, and D. G. Truhlar,
     Comp. Phys. Comm. 183, 1803-1812 (2012).

 *******************************************************************************

                    Naming conventions for the MS methods
   -----------------------------------------------------------------------------
   Common name        Original or other names
   -----------------------------------------------------------------------------
   MS-LH         =    MS-HO (ref. 1)   =   MS-AS-HO (ref. 2)
   MS-T          =    MS-AS (ref. 1)   =   MS-AS-T  (ref. 2)
   -----------------------------------------------------------------------------
   Ref. 1: J. Zheng, T. Yu, E. Papajak, I. M. Alecu, S. L. Mielke, and
           D. G. Truhlar, Phys. Chem. Chem. Phys. 13, 10885 (2011).
   Ref. 2: T. Yu, J. Zheng, and D. G. Truhlar, Chem. Sci. 2, 2199 (2011)

   Calculation run on 03/05/2024 at 16:50:16  

   -----------------------------------------------------------------------------
   User-defined non-redundant internal coordinates is used.
   Redundant internal coordinates auto-generated by the program are prefered whenever possible.
   -----------------------------------------------------------------------------
  
   Number of structures:             1
   Number of frames:                 8
   Number of torsions:               7
   Method:                           MS-T(C)
   Frequency scaling factor:         0.951
   Delta T for finite difference:    0.5 K

The framechain input is missing or incomplete.  We will calculate det(D) from
 det(inverse(G_tor)). If the torsional coordinates have not been chosen very carefully
 your results may be incorrect.
   Internal coordinates
     Bonds:         01-02  01-21  01-22  01-23  03-04  04-05  04-16  05-13  05-14
     Bonds:         09-12  13-24  06-08  04-15  07-09  02-20  02-19  05-06  09-11
     Bonds:         02-03  03-18  06-07  09-10  03-17
     Angles:        02-01-22  02-03-04  03-02-19  04-05-13  05-06-07  05-06-08
     Angles:        06-05-14  07-09-12  10-09-11  15-04-16  21-01-23  03-04-15
     Angles:        19-02-20  04-05-06  06-07-09  05-04-15  05-13-24  07-09-10
     Angles:        02-03-18  04-03-17  02-01-21  01-02-20
     Dihedrals:     01-19-20-02  03-05-15-04  04-06-13-05  04-17-18-03
     Dihedrals:     05-07-08-06  06-13-14-05  07-11-12-09  10-11-12-09
     Dihedrals:     04-05-13-24  02-17-18-03  02-22-23-01  02-21-23-01
     Dihedrals:     05-15-16-04  01-03-19-02  04-03-02-01  05-04-03-02
     Dihedrals:     06-05-04-03  07-06-05-04  09-07-06-05  03-02-01-21
     Dihedrals:     06-07-09-10

   All moment output uses units of amu for masses and Angstroms for distances 

                           ==========================
                                Structure   1
                           ==========================

   Normal-mode Frequencies (cm-1) 
   (Overall translation and rotation projected out)
    1436.7206i      0.0000i      0.0000i      0.0000i      0.0000       0.0000 
       0.0000      44.0606      55.4509      69.5466     122.6984     134.9123 
     148.2796     168.7781     208.8592     239.8659     253.4154     285.5083 
     324.1564     352.7895     428.6202     501.5350     642.4637     681.4135 
     714.7743     771.4611     865.1176     865.4535     906.5104     942.8380 
     991.8981    1027.6597    1051.3581    1060.0270    1086.5794    1116.1924 
    1148.1265    1158.7370    1174.8184    1202.7144    1228.2586    1232.4810 
    1245.6097    1279.7092    1292.8004    1313.7471    1358.3552    1376.1408 
    1377.5309    1388.5186    1433.5553    1442.3116    1443.7841    1443.9263 
    1451.6208    1454.9312    1457.6307    1462.9592    1778.7456    2945.8380 
    2954.2560    2959.0428    2970.8758    2985.5020    2987.2862    3003.8592 
    3026.9187    3035.7563    3041.8387    3056.6345    3070.4031    3104.3252 
   Torsion-projected frequencies/non-torsional frequencies (cm-1)
    1436.7150i    149.8063     209.9690     251.5554     284.4402     322.2297 
     351.8557     427.5943     501.3749     642.3203     680.6328     713.3035 
     771.3573     865.0875     865.4217     906.4803     942.7980     991.8904 
    1027.6589    1051.3495    1060.0231    1086.5760    1116.1826    1147.8424 
    1158.7215    1174.8178    1202.6851    1228.2434    1232.4657    1245.6040 
    1279.6303    1292.7585    1313.7464    1358.3522    1376.1405    1377.5257 
    1388.5135    1433.5550    1442.3106    1443.7079    1443.9197    1451.6179 
    1454.9303    1457.6307    1462.9580    1778.7455    2945.8378    2954.2560 
    2959.0428    2970.8757    2985.5007    2987.2862    3003.8555    3026.9183 
    3035.7551    3041.8386    3056.6340    3070.3944    3104.3252 
   Product of consistently coupled torsional frequencies (in cm-1^ntor)  1.1514E+14
   Primitively coupled torsional frequencies (cm-1) (Not used in P.F. calculations)
      48.7775      60.4772      76.1904     130.9524     140.3386     176.0655 
     241.6098 
   Product of primitively coupled torsional frequencies (in cm-1^ntor)   1.7571E+14
   Effective coupled torsional barrier (kcal/mol)
        1.071        2.661        2.905        3.669        4.852        5.538 
        8.206 

   D matrix: 
   Columns are ordered to be consistent with the order of the torsion angles
   m-n        1             2             3             4             5
    1   1.966680E+01 -3.220699E+00  1.703086E+01  3.426992E+00  3.594619E+00
    2  -3.220699E+00  2.700318E+01 -7.409539E+00 -3.155590E+00 -2.674473E+00
    3   1.703086E+01 -7.409539E+00  3.809072E+01  7.234985E+00  8.548171E+00
    4   3.426992E+00 -3.155590E+00  7.234985E+00  4.982339E+01 -1.420140E+01
    5   3.594619E+00 -2.674473E+00  8.548171E+00 -1.420140E+01  1.935175E+01
    6   1.119530E+00  2.799868E+00  1.303061E+00  6.645814E-02  1.685282E-01
    7   5.054865E-01 -3.804281E-01  1.121077E+00  2.659409E+00  1.407248E+00
   m-n        6             7
    1   1.119530E+00  5.054865E-01
    2   2.799868E+00 -3.804281E-01
    3   1.303061E+00  1.121077E+00
    4   6.645814E-02  2.659409E+00
    5   1.685282E-01  1.407248E+00
    6   3.082451E+00  2.062946E-02
    7   2.062946E-02  3.139393E+00

   Eigenvalues of D matrix:
     5.9414E+01    5.0679E+01    2.4843E+01    1.1489E+01    8.5904E+00    2.5991E+00
     2.5438E+00
   Determinant of D matrix  2.417808E+034

          Uncoupled force constants (au), Pitzer moment of inertia (amu A^2),
   uncoupled torsional frequencies (cm-1), and uncoupled torsional barrier (kcal/mol)
   --------------------------------------------------------------------------------
   Torsion               1             2             3             4             5
   Force constant   2.14605E-02  2.15527E-02  2.68690E-02  1.67911E-02  4.18541E-02
   Moment          19.667       27.003       38.091       49.823       19.352
   Tor. Freq.        89.858       76.851       72.247       49.938      126.507
   Rot. barrier       4.172        4.190        5.224        3.265        8.137
   M_j,tau            2.541        2.541        2.541        2.541        2.541

   Torsion               6             7
   Force constant   2.01827E-02  7.88894E-03
   Moment           3.082        3.139
   Tor. Freq.       220.114      136.361
   Rot. barrier       2.814        1.100
   M_j,tau            3.000        3.000
   --------------------------------------------------------------------------------
   Potential Energy =   0.000 kcal/mol
   Weight =  1
   Overall rotational symmetry number =   1

       List of zero-point inclusive energy (kcal/mol) for each structure
      ------------------------------------------------------------------
        Structure            Energy (T = 0 K)
      ------------------------------------------------------------------
          1                    123.45
      ZPE of the system =      123.45


     Note: The following SS-HO and SS-T include the Rot. P.F. and Boltzmann factor,
           but are calculated with weight = 1 for each structure. Weights are
           counted in MS partition functions. Zero of energy is set to the potential
           energy of global minimum.

            Partition function of structure    1
     ================================================================
          T(K)      Rot.          SS-HO           SS-T     SS-T/SS-HO
        600.00    2.2086E+006   5.4356E-031   7.4134E-031    1.364
        700.00    2.7831E+006   3.9128E-023   5.6231E-023    1.437
        800.00    3.4004E+006   6.2746E-017   9.3314E-017    1.487
        900.00    4.0574E+006   7.6980E-012   1.1665E-011    1.515
       1000.00    4.7521E+006   1.5167E-007   2.3113E-007    1.524
       1100.00    5.4825E+006   7.7055E-004   1.1680E-003    1.516
       1200.00    6.2468E+006   1.3863E+000   2.0713E+000    1.494
       1300.00    7.0437E+006   1.1019E+003   1.6105E+003    1.462
       1400.00    7.8719E+006   4.5371E+005   6.4464E+005    1.421
       1500.00    8.7302E+006   1.0889E+008   1.4963E+008    1.374
       1600.00    9.6176E+006   1.6659E+010   2.2046E+010    1.323
       1700.00    1.0533E+007   1.7411E+012   2.2112E+012    1.270
       1800.00    1.1476E+007   1.3127E+014   1.5955E+014    1.215
       1900.00    1.2446E+007   7.4594E+015   8.6567E+015    1.160
       2000.00    1.3441E+007   3.3103E+017   3.6612E+017    1.106

     ================================================================
              Partition Functions Including All Structures
        -----------------------------------------------------------
        Zero of energy is set to potential energy of global minimum
        -----------------------------------------------------------
        T(K)    Elec.        Trans.              Con-rovib
                                            MS-LH    or     MS-T
        600.00  2.0000E+000  3.4350E+008  5.4356E-031  7.4134E-031
        700.00  2.0000E+000  5.0500E+008  3.9128E-023  5.6231E-023
        800.00  2.0000E+000  7.0513E+008  6.2746E-017  9.3314E-017
        900.00  2.0000E+000  9.4656E+008  7.6980E-012  1.1665E-011
       1000.00  2.0000E+000  1.2318E+009  1.5167E-007  2.3113E-007
       1100.00  2.0000E+000  1.5632E+009  7.7055E-004  1.1680E-003
       1200.00  2.0000E+000  1.9431E+009  1.3863E+000  2.0713E+000
       1300.00  2.0000E+000  2.3736E+009  1.1019E+003  1.6105E+003
       1400.00  2.0000E+000  2.8567E+009  4.5371E+005  6.4464E+005
       1500.00  2.0000E+000  3.3945E+009  1.0889E+008  1.4963E+008
       1600.00  2.0000E+000  3.9888E+009  1.6659E+010  2.2046E+010
       1700.00  2.0000E+000  4.6416E+009  1.7411E+012  2.2112E+012
       1800.00  2.0000E+000  5.3546E+009  1.3127E+014  1.5955E+014
       1900.00  2.0000E+000  6.1295E+009  7.4594E+015  8.6567E+015
       2000.00  2.0000E+000  6.9682E+009  3.3103E+017  3.6612E+017

             Total Partition Function (E + T + Con-rovib)
             ---------------------------------------------
                T(K)     E + T + MS-LH     E + T + MS-T
                600.00     3.7342E-022       5.0929E-022
                700.00     3.9519E-014       5.6793E-014
                800.00     8.8487E-008       1.3160E-007
                900.00     1.4573E-002       2.2083E-002
               1000.00     3.7366E+002       5.6942E+002
               1100.00     2.4091E+006       3.6517E+006
               1200.00     5.3875E+009       8.0494E+009
               1300.00     5.2308E+012       7.6450E+012
               1400.00     2.5922E+015       3.6831E+015
               1500.00     7.3927E+017       1.0159E+018
               1600.00     1.3290E+020       1.7588E+020
               1700.00     1.6162E+022       2.0527E+022
               1800.00     1.4058E+024       1.7086E+024
               1900.00     9.1446E+025       1.0612E+026
               2000.00     4.6133E+027       5.1024E+027

     ================================================================
              Partition Functions Including All Structures
        -----------------------------------------------------------
                    Zero of energy is set to ZPE
        -----------------------------------------------------------
        T(K)             Con-rovib                Total
                   MS-LH        MS-T       E+T+MS-LH    E+T+MS-T
        600.00  5.0029E+014  6.8232E+014  3.4369E+023  4.6875E+023
        700.00  1.3584E+016  1.9522E+016  1.3720E+025  1.9717E+025
        800.00  3.3156E+017  4.9309E+017  4.6759E+026  6.9538E+026
        900.00  7.2838E+018  1.1037E+019  1.3789E+028  2.0895E+028
       1000.00  1.4431E+020  2.1991E+020  3.5552E+029  5.4177E+029
       1100.00  2.5858E+021  3.9197E+021  8.0846E+030  1.2255E+031
       1200.00  4.2058E+022  6.2838E+022  1.6345E+032  2.4420E+032
       1300.00  6.2336E+023  9.1107E+023  2.9592E+033  4.3250E+033
       1400.00  8.4538E+024  1.2011E+025  4.8299E+034  6.8625E+034
       1500.00  1.0534E+026  1.4475E+026  7.1515E+035  9.8271E+035
       1600.00  1.2110E+027  1.6026E+027  9.6610E+036  1.2785E+037
       1700.00  1.2896E+028  1.6378E+028  1.1971E+038  1.5204E+038
       1800.00  1.2769E+029  1.5520E+029  1.3674E+039  1.6620E+039
       1900.00  1.1799E+030  1.3693E+030  1.4465E+040  1.6786E+040
       2000.00  1.0211E+031  1.1293E+031  1.4230E+041  1.5739E+041
     ================================================================

                     ==============================
                          Thermodynamic Functions
                      (Ideal gas at standard state)
                     ==============================
     T  - Temperature (Kelvin)        G  - Gibbs Free Energy (kcal/mol)
     E  - Thermal Energy (kcal/mol)   H  - Enthalpy (kcal/mol)
     S  - Entropy (cal/(mol-K))
     Cp - Heat Capacity at Constant Pressure (cal/(mol-K))
        -----------------------------------------------------------
        Zero of energy is set to potential energy of global minimum
        -----------------------------------------------------------

               Contribution from electronic P.F. 
     ================================================================
                  T          G          E          S
                600.00      -0.826      0.000      1.377
                700.00      -0.964      0.000      1.377
                800.00      -1.102      0.000      1.377
                900.00      -1.240      0.000      1.377
               1000.00      -1.377      0.000      1.377
               1100.00      -1.515      0.000      1.377
               1200.00      -1.653      0.000      1.377
               1300.00      -1.791      0.000      1.377
               1400.00      -1.928      0.000      1.377
               1500.00      -2.066      0.000      1.377
               1600.00      -2.204      0.000      1.377
               1700.00      -2.342      0.000      1.377
               1800.00      -2.479      0.000      1.377
               1900.00      -2.617      0.000      1.377
               2000.00      -2.755      0.000      1.377

               Contribution from translational P.F. 
     ================================================================
                  T          G          E          S
                600.00     -23.435      1.788     44.026
                700.00     -27.877      2.087     44.792
                800.00     -32.390      2.385     45.455
                900.00     -36.965      2.683     46.041
               1000.00     -41.596      2.981     46.564
               1100.00     -46.276      3.279     47.037
               1200.00     -51.002      3.577     47.470
               1300.00     -55.769      3.875     47.867
               1400.00     -60.575      4.173     48.236
               1500.00     -65.415      4.471     48.578
               1600.00     -70.289      4.769     48.899
               1700.00     -75.195      5.067     49.200
               1800.00     -80.129      5.365     49.484
               1900.00     -85.091      5.664     49.753
               2000.00     -90.079      5.962     50.008

        Contribution from conformational-rovibrational P.F. (MS-LH)
     ================================================================
                  T          G          E          S
                600.00      83.090    147.450    107.266
                700.00      71.772    155.073    119.002
                800.00      59.310    163.406    130.120
                900.00      45.768    172.339    140.635
               1000.00      31.202    181.781    150.579
               1100.00      15.670    191.658    159.989
               1200.00      -0.779    201.907    168.905
               1300.00     -18.096    212.476    177.363
               1400.00     -36.237    223.321    185.399
               1500.00     -55.163    234.405    193.045
               1600.00     -74.835    245.697    200.332
               1700.00     -95.218    257.170    207.287
               1800.00    -116.282    268.801    213.935
               1900.00    -137.996    280.570    220.298
               2000.00    -160.332    292.462    226.397

        Contribution from conformational-rovibrational P.F. (MS-T)
     ================================================================
                  T          G          E          S
                600.00      82.720    147.895    108.624
                700.00      71.267    155.490    120.318
                800.00      58.679    163.738    131.323
                900.00      45.024    172.530    141.672
               1000.00      30.365    181.778    151.413
               1100.00      14.760    191.413    160.594
               1200.00      -1.736    201.378    169.262
               1300.00     -19.076    211.625    177.463
               1400.00     -37.215    222.113    185.234
               1500.00     -56.110    232.810    192.614
               1600.00     -75.725    243.687    199.633
               1700.00     -96.026    254.721    206.322
               1800.00    -116.980    265.892    212.706
               1900.00    -138.558    277.182    218.810
               2000.00    -160.733    288.577    224.655

     Total (Translational + Electronic + conformational-rovib.(MS-LH))
     ======================================================================
              T          G          E          H          S          Cp
            600.00      58.829    149.238    150.431    152.670     77.209
            700.00      42.931    157.159    158.550    165.171     84.958
            800.00      25.819    165.791    167.381    176.953     91.467
            900.00       7.563    175.022    176.811    188.053     96.978
           1000.00     -11.771    184.762    186.749    198.520    101.673
           1100.00     -32.122    194.937    197.123    208.404    105.690
           1200.00     -53.434    205.484    207.868    217.752    109.138
           1300.00     -75.656    216.351    218.934    226.608    112.108
           1400.00     -98.740    227.494    230.276    235.012    114.673
           1500.00    -122.644    238.877    241.857    243.001    116.897
           1600.00    -147.328    250.466    253.646    250.609    118.831
           1700.00    -172.754    262.237    265.615    257.865    120.520
           1800.00    -198.890    274.166    277.743    264.796    122.000
           1900.00    -225.704    286.234    290.009    271.428    123.301
           2000.00    -253.166    298.424    302.398    277.782    124.451

     Total (Translational + Electronic + conformational-rovib.(MS-T))
     ======================================================================
              T          G          E          H          S          Cp
            600.00      58.459    149.683    150.876    154.028     77.220
            700.00      42.426    157.577    158.968    166.488     84.390
            800.00      25.188    166.123    167.712    178.156     90.326
            900.00       6.819    175.212    177.001    189.090     95.296
           1000.00     -12.608    184.759    186.746    199.354     99.493
           1100.00     -33.031    194.692    196.878    209.008    103.057
           1200.00     -54.391    204.955    207.340    218.109    106.098
           1300.00     -76.636    215.500    218.083    226.707    108.704
           1400.00     -99.718    226.286    229.069    234.847    110.945
           1500.00    -123.592    237.281    240.262    242.569    112.881
           1600.00    -148.219    248.457    251.636    249.909    114.559
           1700.00    -173.562    259.789    263.167    256.899    116.020
           1800.00    -199.588    271.257    274.834    263.568    117.297
           1900.00    -226.266    282.845    286.621    269.940    118.418
           2000.00    -253.567    294.539    298.513    276.040    119.406

                        --------------------------------
                         Zero of energy is set to ZPE
                        --------------------------------

     Total (Translational + Electronic + conformational-rovib.(MS-LH))
     ======================================================================
              T          G          E          H          S          Cp
            600.00     -64.617     25.792     26.985    152.670     77.209
            700.00     -80.515     33.713     35.104    165.171     84.958
            800.00     -97.627     42.345     43.935    176.953     91.467
            900.00    -115.883     51.576     53.365    188.053     96.978
           1000.00    -135.217     61.316     63.303    198.520    101.673
           1100.00    -155.568     71.491     73.677    208.404    105.690
           1200.00    -176.880     82.038     84.422    217.752    109.138
           1300.00    -199.102     92.905     95.488    226.608    112.108
           1400.00    -222.186    104.048    106.830    235.012    114.673
           1500.00    -246.090    115.431    118.412    243.001    116.897
           1600.00    -270.774    127.021    130.200    250.609    118.831
           1700.00    -296.200    138.791    142.170    257.865    120.520
           1800.00    -322.336    150.720    154.297    264.796    122.000
           1900.00    -349.150    162.788    166.564    271.428    123.301
           2000.00    -376.612    174.978    178.952    277.782    124.451

     Total (Translational + Electronic + conformational-rovib.(MS-T))
     ======================================================================
              T          G          E          H          S          Cp
            600.00     -64.987     26.237     27.430    154.028     77.220
            700.00     -81.020     34.131     35.522    166.488     84.390
            800.00     -98.258     42.677     44.267    178.156     90.326
            900.00    -116.626     51.766     53.555    189.090     95.296
           1000.00    -136.054     61.313     63.300    199.354     99.493
           1100.00    -156.477     71.246     73.432    209.008    103.057
           1200.00    -177.837     81.509     83.894    218.109    106.098
           1300.00    -200.082     92.054     94.637    226.707    108.704
           1400.00    -223.164    102.841    105.623    234.847    110.945
           1500.00    -247.038    113.835    116.816    242.569    112.881
           1600.00    -271.665    125.011    128.190    249.909    114.559
           1700.00    -297.008    136.343    139.721    256.899    116.020
           1800.00    -323.034    147.811    151.388    263.568    117.297
           1900.00    -349.712    159.400    163.175    269.940    118.418
           2000.00    -377.013    171.093    175.067    276.040    119.406
                   
 F factor (ratio of ro-vib partition functions):
     ================================================================
           T(K)    QMS-T/QSS-HO1   QMS-LH/QSS-HO1
             ---------------------------------------------
            600.00       1.364      1.000
            700.00       1.437      1.000
            800.00       1.487      1.000
            900.00       1.515      1.000
           1000.00       1.524      1.000
           1100.00       1.516      1.000
           1200.00       1.494      1.000
           1300.00       1.462      1.000
           1400.00       1.421      1.000
           1500.00       1.374      1.000
           1600.00       1.323      1.000
           1700.00       1.270      1.000
           1800.00       1.215      1.000
           1900.00       1.160      1.000
           2000.00       1.106      1.000

 ==============================End of MSTor output==============================
