
 *******************************************************************************

   MSTor 2023 program

   Jingjing Zheng, Wenqi Chen, Steven L. Mielke, Junwei Lucas Bao,
   Rubén Meana-Pañeda, Kenneth L. Clarkson, Xuefei Xu, and Donald G. Truhlar

   Department of Chemistry and Supercomputing Institute
   University of Minnesota, Minneapolis, Minnesota, USA

   Copyright 2013 - 2023
   Donald G. Truhlar and Regents of the University of Minnesota

   Citations: 
   MS-T(U) method
     J. Zheng, T. Yu, E. Papajak, I. M. Alecu, S. L. Mielke, and D. G. Truhlar,
     Phys. Chem. Chem. Phys. 13, 10885-10907 (2011).
   MS-T(C) method
     J. Zheng and D. G. Truhlar, J. Chem. Theory Comput. 9, 1356-1367 (2013).
   Dual-level MS-T method
     J. L. Bao, L. Xing, and D. G. Truhlar, J. Chem. Theory Comput. 13, 2511-2522 (2017).
   MS-T(CD) method
     W. Chen, P. Zhang, D. G. Truhlar, J. Zheng and X. Xu, J. Chem. Theory Comput. 18,
     7671-7682 (2022).
   MSTor 2023 program
     J. Zheng, W. Chen, S. L. Mielke, J. L. Bao, R. Meana-Pañeda, K. L. Clarkson, X. Xu, and D. G. Truhlar,
     MSTor 2023, Tsinghua University, Beijing and University of Minnesota, Minneapolis, 2023
     W. Chen, J. Zheng, D. G. Truhlar, and X. Xu,
     Comp. Phys. Comm.  in preparation.
     J. Zheng, R. Meana-Pañeda, and D. G. Truhlar,
     Comp. Phys. Comm. 184, 2032-2033 (2013).
     J. Zheng, S. L. Mielke, K. L Clarkson, and D. G. Truhlar,
     Comp. Phys. Comm. 183, 1803-1812 (2012).

 *******************************************************************************

                    Naming conventions for the MS methods
   -----------------------------------------------------------------------------
   Common name        Original or other names
   -----------------------------------------------------------------------------
   MS-LH         =    MS-HO (ref. 1)   =   MS-AS-HO (ref. 2)
   MS-T          =    MS-AS (ref. 1)   =   MS-AS-T  (ref. 2)
   -----------------------------------------------------------------------------
   Ref. 1: J. Zheng, T. Yu, E. Papajak, I. M. Alecu, S. L. Mielke, and
           D. G. Truhlar, Phys. Chem. Chem. Phys. 13, 10885 (2011).
   Ref. 2: T. Yu, J. Zheng, and D. G. Truhlar, Chem. Sci. 2, 2199 (2011)

   Calculation run on 02/19/2024 at 19:49:45  

   -----------------------------------------------------------------------------
   User-defined non-redundant internal coordinates is used.
   Redundant internal coordinates auto-generated by the program are prefered whenever possible.
   -----------------------------------------------------------------------------
  
   Number of structures:            12
   Number of frames:                 8
   Number of torsions:               7
   Method:                           MS-T(C)
   Frequency scaling factor:         0.951
   Delta T for finite difference:    0.5 K

The framechain input is missing or incomplete.  We will calculate det(D) from
 det(inverse(G_tor)). If the torsional coordinates have not been chosen very carefully
 your results may be incorrect.
   Internal coordinates
     Bonds:         01-02  01-21  01-22  01-23  03-04  04-05  04-16  05-13  05-14
     Bonds:         09-12  13-24  06-08  04-15  07-09  02-20  02-19  05-06  09-11
     Bonds:         02-03  03-18  06-07  09-10  03-17
     Angles:        02-01-22  02-03-04  03-02-19  04-05-13  05-06-07  05-06-08
     Angles:        06-05-14  07-09-12  10-09-11  15-04-16  21-01-23  03-04-15
     Angles:        19-02-20  04-05-06  06-07-09  05-04-15  05-13-24  07-09-10
     Angles:        02-03-18  04-03-17  02-01-21  01-02-20
     Dihedrals:     01-19-20-02  03-05-15-04  04-06-13-05  04-17-18-03
     Dihedrals:     05-07-08-06  06-13-14-05  07-11-12-09  10-11-12-09
     Dihedrals:     04-05-13-24  02-17-18-03  02-22-23-01  02-21-23-01
     Dihedrals:     05-15-16-04  01-03-19-02  04-03-02-01  05-04-03-02
     Dihedrals:     06-05-04-03  07-06-05-04  09-07-06-05  03-02-01-21
     Dihedrals:     06-07-09-10

   All moment output uses units of amu for masses and Angstroms for distances 

                           ==========================
                                Structure   1
                           ==========================

   Normal-mode Frequencies (cm-1) 
   (Overall translation and rotation projected out)
    1436.7206i      0.0000i      0.0000i      0.0000i      0.0000       0.0000 
       0.0000      44.0606      55.4509      69.5466     122.6984     134.9123 
     148.2796     168.7781     208.8592     239.8659     253.4154     285.5083 
     324.1564     352.7895     428.6202     501.5350     642.4637     681.4135 
     714.7743     771.4611     865.1176     865.4535     906.5104     942.8380 
     991.8981    1027.6597    1051.3581    1060.0270    1086.5794    1116.1924 
    1148.1265    1158.7370    1174.8184    1202.7144    1228.2586    1232.4810 
    1245.6097    1279.7092    1292.8004    1313.7471    1358.3552    1376.1408 
    1377.5309    1388.5186    1433.5553    1442.3116    1443.7841    1443.9263 
    1451.6208    1454.9312    1457.6307    1462.9592    1778.7456    2945.8380 
    2954.2560    2959.0428    2970.8758    2985.5020    2987.2862    3003.8592 
    3026.9187    3035.7563    3041.8387    3056.6345    3070.4031    3104.3252 
   Torsion-projected frequencies/non-torsional frequencies (cm-1)
    1436.7150i    149.8063     209.9690     251.5554     284.4402     322.2297 
     351.8557     427.5943     501.3749     642.3203     680.6328     713.3035 
     771.3573     865.0875     865.4217     906.4803     942.7980     991.8904 
    1027.6589    1051.3495    1060.0231    1086.5760    1116.1826    1147.8424 
    1158.7215    1174.8178    1202.6851    1228.2434    1232.4657    1245.6040 
    1279.6303    1292.7585    1313.7464    1358.3522    1376.1405    1377.5257 
    1388.5135    1433.5550    1442.3106    1443.7079    1443.9197    1451.6179 
    1454.9303    1457.6307    1462.9580    1778.7455    2945.8378    2954.2560 
    2959.0428    2970.8757    2985.5007    2987.2862    3003.8555    3026.9183 
    3035.7551    3041.8386    3056.6340    3070.3944    3104.3252 
   Product of consistently coupled torsional frequencies (in cm-1^ntor)  1.1514E+14
   Primitively coupled torsional frequencies (cm-1) (Not used in P.F. calculations)
      48.7775      60.4772      76.1904     130.9524     140.3386     176.0655 
     241.6098 
   Product of primitively coupled torsional frequencies (in cm-1^ntor)   1.7571E+14
   Effective coupled torsional barrier (kcal/mol)
        1.071        2.661        2.905        3.669        4.852        5.538 
        8.206 

   D matrix: 
   Columns are ordered to be consistent with the order of the torsion angles
   m-n        1             2             3             4             5
    1   1.966680E+01 -3.220699E+00  1.703086E+01  3.426992E+00  3.594619E+00
    2  -3.220699E+00  2.700318E+01 -7.409539E+00 -3.155590E+00 -2.674473E+00
    3   1.703086E+01 -7.409539E+00  3.809072E+01  7.234985E+00  8.548171E+00
    4   3.426992E+00 -3.155590E+00  7.234985E+00  4.982339E+01 -1.420140E+01
    5   3.594619E+00 -2.674473E+00  8.548171E+00 -1.420140E+01  1.935175E+01
    6   1.119530E+00  2.799868E+00  1.303061E+00  6.645814E-02  1.685282E-01
    7   5.054865E-01 -3.804281E-01  1.121077E+00  2.659409E+00  1.407248E+00
   m-n        6             7
    1   1.119530E+00  5.054865E-01
    2   2.799868E+00 -3.804281E-01
    3   1.303061E+00  1.121077E+00
    4   6.645814E-02  2.659409E+00
    5   1.685282E-01  1.407248E+00
    6   3.082451E+00  2.062946E-02
    7   2.062946E-02  3.139393E+00

   Eigenvalues of D matrix:
     5.9414E+01    5.0679E+01    2.4843E+01    1.1489E+01    8.5904E+00    2.5991E+00
     2.5438E+00
   Determinant of D matrix  2.417808E+034

          Uncoupled force constants (au), Pitzer moment of inertia (amu A^2),
   uncoupled torsional frequencies (cm-1), and uncoupled torsional barrier (kcal/mol)
   --------------------------------------------------------------------------------
   Torsion               1             2             3             4             5
   Force constant   2.14605E-02  2.15527E-02  2.68690E-02  1.67911E-02  4.18541E-02
   Moment          19.667       27.003       38.091       49.823       19.352
   Tor. Freq.        89.858       76.851       72.247       49.938      126.507
   Rot. barrier       4.172        4.190        5.224        3.265        8.137
   M_j,tau            2.541        2.541        2.541        2.541        2.541

   Torsion               6             7
   Force constant   2.01827E-02  7.88894E-03
   Moment           3.082        3.139
   Tor. Freq.       220.114      136.361
   Rot. barrier       2.814        1.100
   M_j,tau            3.000        3.000
   --------------------------------------------------------------------------------
   Potential Energy =   0.000 kcal/mol
   Weight =  1
   Overall rotational symmetry number =   1

                           ==========================
                                Structure   2
                           ==========================

   Normal-mode Frequencies (cm-1) 
   (Overall translation and rotation projected out)
    1446.1340i      0.0001i      0.0000i      0.0000       0.0000       0.0000 
       0.0001      45.1718      47.3564      76.7450     102.7681     121.1655 
     135.8329     167.9108     199.5023     237.8307     263.6906     302.4402 
     312.0970     330.0193     401.1254     492.1424     677.7933     703.4101 
     706.3466     748.9838     847.0351     878.8734     915.4554     944.9357 
    1001.3609    1034.1508    1060.3986    1063.6521    1077.4991    1118.2414 
    1148.2006    1165.4697    1172.8820    1196.5353    1213.3031    1229.0606 
    1247.9267    1266.5234    1290.1125    1313.0572    1360.7086    1369.1155 
    1378.6615    1396.2337    1432.6150    1442.1946    1443.3825    1444.6488 
    1452.4287    1455.0484    1457.8347    1463.7004    1781.5884    2941.3334 
    2947.2268    2955.8495    2959.0829    2977.3175    2987.0858    2998.2716 
    3016.1742    3034.9657    3042.5731    3055.8076    3070.1756    3103.8656 
   Torsion-projected frequencies/non-torsional frequencies (cm-1)
    1446.1312i     89.7150     197.6051     263.3565     301.1222     308.0315 
     328.8396     400.8941     492.0925     677.2598     703.2198     704.9253 
     748.5982     846.9752     878.8720     915.4340     944.8464    1001.3596 
    1034.1500    1060.3923    1063.6481    1077.4918    1118.2407    1147.9198 
    1165.4651    1172.8787    1196.5315    1213.2718    1229.0254    1247.9232 
    1266.4937    1290.0650    1313.0570    1360.7032    1369.1150    1378.6614 
    1396.2312    1432.5956    1442.1920    1443.3001    1444.6475    1452.4252 
    1455.0466    1457.8345    1463.6997    1781.5882    2941.3334    2947.2265 
    2955.8495    2959.0829    2977.3171    2987.0858    2998.2708    3016.1726 
    3034.9643    3042.5731    3055.8072    3070.1670    3103.8656 
   Product of consistently coupled torsional frequencies (in cm-1^ntor)  1.2824E+14
   Primitively coupled torsional frequencies (cm-1) (Not used in P.F. calculations)
      48.7603      49.2092     105.9723     126.7253     137.7023     177.5196 
     242.1993 
   Product of primitively coupled torsional frequencies (in cm-1^ntor)   1.9078E+14
   Effective coupled torsional barrier (kcal/mol)
        1.058        2.137        2.569        2.837        3.621        4.410 
        7.733 

   D matrix: 
   Columns are ordered to be consistent with the order of the torsion angles
   m-n        1             2             3             4             5
    1   2.167379E+01 -5.562115E+00  1.932501E+01 -5.782158E-01  4.455287E+00
    2  -5.562115E+00  2.480513E+01 -9.824142E+00  1.654205E+01 -6.923427E+00
    3   1.932501E+01 -9.824142E+00  3.729060E+01 -5.924647E+00  1.139122E+01
    4  -5.782158E-01  1.654205E+01 -5.924647E+00  3.233879E+01 -1.264578E+01
    5   4.455287E+00 -6.923427E+00  1.139122E+01 -1.264578E+01  1.956132E+01
    6   9.846989E-01  2.396193E+00  9.874434E-01  1.577465E+00 -1.528775E-01
    7   2.946238E-01  6.975567E-01  3.953110E-01  1.500763E+00  1.539080E+00
   m-n        6             7
    1   9.846989E-01  2.946238E-01
    2   2.396193E+00  6.975567E-01
    3   9.874434E-01  3.953110E-01
    4   1.577465E+00  1.500763E+00
    5  -1.528775E-01  1.539080E+00
    6   3.015627E+00  1.032980E-01
    7   1.032980E-01  3.065261E+00

   Eigenvalues of D matrix:
     6.6724E+01    3.8079E+01    1.5463E+01    8.5707E+00    7.7950E+00    2.5869E+00
     2.5312E+00
   Determinant of D matrix  8.513660E+033

          Uncoupled force constants (au), Pitzer moment of inertia (amu A^2),
   uncoupled torsional frequencies (cm-1), and uncoupled torsional barrier (kcal/mol)
   --------------------------------------------------------------------------------
   Torsion               1             2             3             4             5
   Force constant   2.07219E-02  1.96200E-02  1.62307E-02  1.34810E-02  4.20409E-02
   Moment          21.674       24.805       37.291       32.339       19.561
   Tor. Freq.        84.111       76.504       56.751       55.540      126.108
   Rot. barrier       3.785        3.584        2.965        2.462        7.679
   M_j,tau            2.621        2.621        2.621        2.621        2.621

   Torsion               6             7
   Force constant   2.01154E-02  7.79316E-03
   Moment           3.016        3.065
   Tor. Freq.       222.168      137.160
   Rot. barrier       2.805        1.087
   M_j,tau            3.000        3.000
   --------------------------------------------------------------------------------
   Potential Energy =   0.361 kcal/mol
   Weight =  1
   Overall rotational symmetry number =   1

                           ==========================
                                Structure   3
                           ==========================

   Normal-mode Frequencies (cm-1) 
   (Overall translation and rotation projected out)
    1436.4495i      0.0000i      0.0000i      0.0000i      0.0000       0.0000 
       0.0000      35.2846      50.6867      69.5563     122.4051     139.0463 
     164.3120     170.9841     226.8353     241.7500     265.0326     286.8531 
     325.7958     353.2831     445.1036     502.4910     645.2160     686.5873 
     717.5328     785.9907     838.7096     866.8363     902.4235     948.9780 
     969.4018    1025.3603    1045.2441    1066.8648    1083.3310    1115.4118 
    1143.2359    1148.1032    1174.4941    1200.8156    1227.6021    1236.7719 
    1250.7929    1283.9496    1291.8985    1318.3403    1363.2586    1369.0850 
    1376.5658    1389.6133    1433.0596    1441.9281    1443.5574    1445.3716 
    1451.1487    1454.7444    1457.5648    1463.5924    1778.6125    2948.7401 
    2958.5702    2960.4876    2971.3745    2985.0729    2987.2193    3010.5312 
    3029.5314    3035.8906    3042.0431    3067.4878    3070.2713    3104.2546 
   Torsion-projected frequencies/non-torsional frequencies (cm-1)
    1436.4460i    165.1671     228.7254     260.6447     285.1687     323.2241 
     351.1440     444.6168     501.9052     644.9590     685.9943     715.7684 
     785.9379     838.6946     866.7658     902.3891     948.9526     969.3653 
    1025.3531    1045.2384    1066.8567    1083.3275    1115.4057    1143.2276 
    1147.8195    1174.4936    1200.7958    1227.5858    1236.7340    1250.7552 
    1283.8824    1291.8776    1318.3373    1363.2550    1369.0813    1376.5650 
    1389.6119    1433.0573    1441.9266    1443.4775    1445.3596    1451.1410 
    1454.7422    1457.5648    1463.5901    1778.6124    2948.7397    2958.5699 
    2960.4871    2971.3743    2985.0710    2987.2193    3010.5299    3029.5311 
    3035.8891    3042.0431    3067.4872    3070.2626    3104.2546 
   Product of consistently coupled torsional frequencies (in cm-1^ntor)  9.0172E+13
   Primitively coupled torsional frequencies (cm-1) (Not used in P.F. calculations)
      37.4669      53.5370      72.5002     132.5157     148.2913     187.9557 
     241.5078 
   Product of primitively coupled torsional frequencies (in cm-1^ntor)   1.2972E+14
   Effective coupled torsional barrier (kcal/mol)
        1.062        2.370        2.704        3.157        4.740        6.518 
        7.990 

   D matrix: 
   Columns are ordered to be consistent with the order of the torsion angles
   m-n        1             2             3             4             5
    1   2.532615E+01 -8.068200E+00 -1.905596E+01  8.931280E+00 -6.666485E+00
    2  -8.068200E+00  3.536338E+01  3.130777E+01 -1.151627E+01  9.023289E+00
    3  -1.905596E+01  3.130777E+01  6.697603E+01  4.326735E+00  1.483935E+01
    4   8.931280E+00 -1.151627E+01  4.326735E+00  4.870538E+01 -1.362308E+01
    5  -6.666485E+00  9.023289E+00  1.483935E+01 -1.362308E+01  2.011757E+01
    6   1.265820E+00  2.760610E+00  1.072869E+00  1.291957E-01  6.335684E-02
    7   1.572219E-01 -1.344344E-01  1.409132E+00  2.594421E+00  1.521547E+00
   m-n        6             7
    1   1.265820E+00  1.572219E-01
    2   2.760610E+00 -1.344344E-01
    3   1.072869E+00  1.409132E+00
    4   1.291957E-01  2.594421E+00
    5   6.335684E-02  1.521547E+00
    6   3.081234E+00  1.829062E-02
    7   1.829062E-02  3.142334E+00

   Eigenvalues of D matrix:
     9.8356E+01    5.6146E+01    2.1406E+01    1.4524E+01    7.1196E+00    2.6363E+00
     2.5249E+00
   Determinant of D matrix  4.030202E+034

          Uncoupled force constants (au), Pitzer moment of inertia (amu A^2),
   uncoupled torsional frequencies (cm-1), and uncoupled torsional barrier (kcal/mol)
   --------------------------------------------------------------------------------
   Torsion               1             2             3             4             5
   Force constant   2.13448E-02  2.20882E-02  2.78538E-02  1.69793E-02  4.19115E-02
   Moment          25.326       35.363       66.976       48.705       20.118
   Tor. Freq.        78.971       67.984       55.474       50.790      124.161
   Rot. barrier       4.037        4.178        5.268        3.211        7.927
   M_j,tau            2.576        2.576        2.576        2.576        2.576

   Torsion               6             7
   Force constant   2.02943E-02  7.81879E-03
   Moment           3.081        3.142
   Tor. Freq.       220.765      135.690
   Rot. barrier       2.830        1.090
   M_j,tau            3.000        3.000
   --------------------------------------------------------------------------------
   Potential Energy =   0.679 kcal/mol
   Weight =  1
   Overall rotational symmetry number =   1

                           ==========================
                                Structure   4
                           ==========================

   Normal-mode Frequencies (cm-1) 
   (Overall translation and rotation projected out)
    1439.4635i      0.0000i      0.0000i      0.0000i      0.0000       0.0000 
       0.0000      37.5653      48.6166      68.8223     119.4244     134.5804 
     163.9461     177.3098     209.7759     227.7156     274.4638     290.7282 
     329.9598     382.2535     411.6307     514.2877     642.6176     681.3577 
     723.6048     767.5013     852.0181     870.1785     901.4738     947.7624 
     962.1495    1018.3942    1054.1317    1071.7382    1078.2025    1110.7464 
    1148.0710    1159.7377    1173.7778    1193.3356    1228.5708    1238.8332 
    1245.7416    1284.0835    1291.7344    1335.9615    1349.5844    1375.0900 
    1378.4443    1388.4741    1432.1275    1441.7124    1443.6345    1444.2287 
    1447.5280    1456.9489    1457.7220    1463.3406    1778.9200    2946.7270 
    2959.4471    2959.8256    2977.6820    2987.2620    2999.9488    3003.9365 
    3030.2072    3035.9138    3044.1369    3056.4300    3070.3718    3104.2276 
   Torsion-projected frequencies/non-torsional frequencies (cm-1)
    1439.4577i    187.0573     210.7310     253.5118     288.3700     329.5072 
     379.6064     410.5663     513.9695     642.3374     680.6772     723.2247 
     767.0365     851.9554     870.1381     901.4108     947.7546     962.0110 
    1018.3493    1054.0941    1071.7358    1078.1819    1110.7412    1147.7882 
    1159.7241    1173.7764    1193.3102    1228.5512    1238.8138    1245.6883 
    1284.0497    1291.6887    1335.9513    1349.5780    1375.0819    1378.4408 
    1388.4660    1432.1264    1441.7106    1443.5518    1444.2229    1447.5214 
    1456.9418    1457.7211    1463.3307    1778.9198    2946.7267    2959.4469 
    2959.8241    2977.6790    2987.2620    2999.9485    3003.9334    3030.2049 
    3035.9123    3044.1344    3056.4290    3070.3631    3104.2276 
   Product of consistently coupled torsional frequencies (in cm-1^ntor)  7.8854E+13
   Primitively coupled torsional frequencies (cm-1) (Not used in P.F. calculations)
      39.5892      54.0342      75.7710     126.4859     137.6544     176.3783 
     245.8128 
   Product of primitively coupled torsional frequencies (in cm-1^ntor)   1.2236E+14
   Effective coupled torsional barrier (kcal/mol)
        1.056        2.227        2.923        3.319        5.741        6.289 
        8.360 

   D matrix: 
   Columns are ordered to be consistent with the order of the torsion angles
   m-n        1             2             3             4             5
    1   2.308044E+01  1.693537E+01  1.592486E+01 -4.387154E+00  4.708948E+00
    2   1.693537E+01  5.397476E+01  8.816138E+00 -6.411883E+00  7.642051E-01
    3   1.592486E+01  8.816138E+00  3.518571E+01  3.338708E+00  8.333082E+00
    4  -4.387154E+00 -6.411883E+00  3.338708E+00  4.570792E+01 -1.406591E+01
    5   4.708948E+00  7.642051E-01  8.333082E+00 -1.406591E+01  1.918795E+01
    6   1.265760E+00 -2.059372E-01  5.804795E-01  7.622398E-01 -2.206749E-02
    7   3.534866E-02 -3.234223E-01  8.362986E-01  2.367167E+00  1.407487E+00
   m-n        6             7
    1   1.265760E+00  3.534866E-02
    2  -2.059372E-01 -3.234223E-01
    3   5.804795E-01  8.362986E-01
    4   7.622398E-01  2.367167E+00
    5  -2.206749E-02  1.407487E+00
    6   3.056113E+00  5.378804E-02
    7   5.378804E-02  3.118149E+00

   Eigenvalues of D matrix:
     7.1456E+01    4.9523E+01    3.6954E+01    1.1353E+01    8.6037E+00    2.8835E+00
     2.5381E+00
   Determinant of D matrix  4.630522E+034

          Uncoupled force constants (au), Pitzer moment of inertia (amu A^2),
   uncoupled torsional frequencies (cm-1), and uncoupled torsional barrier (kcal/mol)
   --------------------------------------------------------------------------------
   Torsion               1             2             3             4             5
   Force constant   2.28488E-02  2.18162E-02  2.73933E-02  1.69974E-02  4.17740E-02
   Moment          23.080       53.975       35.186       45.708       19.188
   Tor. Freq.        85.588       54.689       75.900       52.457      126.924
   Rot. barrier       4.532        4.328        5.434        3.372        8.287
   M_j,tau            2.515        2.515        2.515        2.515        2.515

   Torsion               6             7
   Force constant   2.06305E-02  7.77391E-03
   Moment           3.056        3.118
   Tor. Freq.       223.499      135.824
   Rot. barrier       2.877        1.084
   M_j,tau            3.000        3.000
   --------------------------------------------------------------------------------
   Potential Energy =   0.683 kcal/mol
   Weight =  1
   Overall rotational symmetry number =   1

                           ==========================
                                Structure   5
                           ==========================

   Normal-mode Frequencies (cm-1) 
   (Overall translation and rotation projected out)
    1439.5907i      0.0001i      0.0000i      0.0000i      0.0000       0.0000 
       0.0000      38.1829      47.2451      68.8702     118.5211     135.4391 
     164.2784     182.7190     208.8741     229.0472     273.8208     292.6842 
     326.7221     380.2785     407.5773     520.5732     642.5787     680.7406 
     730.3705     769.8587     849.0661     865.5084     901.8723     941.9085 
     971.2882    1016.9313    1049.9761    1075.7225    1078.1497    1118.4276 
    1147.8244    1149.3252    1174.4480    1199.7909    1230.1790    1232.0135 
    1252.5846    1280.2535    1292.4549    1334.9542    1348.1381    1375.2131 
    1379.5713    1388.7827    1432.3807    1442.0817    1443.7520    1444.3077 
    1447.8336    1457.1405    1457.6708    1463.1590    1778.8080    2950.0113 
    2954.8850    2963.3800    2970.2353    2987.1942    2993.6449    3002.4467 
    3033.1120    3040.4370    3045.2945    3056.7057    3070.3302    3104.1837 
   Torsion-projected frequencies/non-torsional frequencies (cm-1)
    1439.5847i    193.3303     210.4323     254.9413     289.1452     326.2688 
     377.5231     406.3706     520.3466     642.2892     680.0751     729.9858 
     769.3711     849.0011     865.4729     901.8481     941.7828     971.2498 
    1016.8873    1049.9596    1075.7164    1078.1199    1118.4085    1147.6118 
    1149.2405    1174.4474    1199.7529    1230.1614    1231.9936    1252.5446 
    1280.2168    1292.4209    1334.9449    1348.1325    1375.2023    1379.5705 
    1388.7695    1432.3802    1442.0813    1443.6729    1444.3001    1447.8286 
    1457.1346    1457.6704    1463.1557    1778.8078    2950.0109    2954.8847 
    2963.3781    2970.2343    2987.1942    2993.6444    3002.4440    3033.1091 
    3040.4361    3045.2911    3056.7044    3070.3214    3104.1837 
   Product of consistently coupled torsional frequencies (in cm-1^ntor)  7.7739E+13
   Primitively coupled torsional frequencies (cm-1) (Not used in P.F. calculations)
      41.8332      49.7440      77.6731     126.1196     138.4242     176.9100 
     244.3259 
   Product of primitively coupled torsional frequencies (in cm-1^ntor)   1.2197E+14
   Effective coupled torsional barrier (kcal/mol)
        1.068        2.272        3.036        3.433        5.408        6.365 
        8.567 

   D matrix: 
   Columns are ordered to be consistent with the order of the torsion angles
   m-n        1             2             3             4             5
    1   2.070930E+01  1.724136E+01  1.228243E+01  7.813472E+00 -4.650994E-01
    2   1.724136E+01  6.222305E+01  6.043168E+00 -4.564483E-01 -2.131413E+00
    3   1.228243E+01  6.043168E+00  3.002418E+01  1.080215E+01  4.678396E+00
    4   7.813472E+00 -4.564483E-01  1.080215E+01  4.852104E+01 -1.333573E+01
    5  -4.650994E-01 -2.131413E+00  4.678396E+00 -1.333573E+01  1.813766E+01
    6   1.389835E+00 -2.879745E-01  1.093501E+00 -2.527654E-01  3.207539E-01
    7   5.755805E-01 -9.424494E-02  1.123839E+00  2.636732E+00  1.382577E+00
   m-n        6             7
    1   1.389835E+00  5.755805E-01
    2  -2.879745E-01 -9.424494E-02
    3   1.093501E+00  1.123839E+00
    4  -2.527654E-01  2.636732E+00
    5   3.207539E-01  1.382577E+00
    6   3.090129E+00  5.016789E-03
    7   5.016789E-03  3.136749E+00

   Eigenvalues of D matrix:
     7.2557E+01    5.6263E+01    3.2090E+01    1.0677E+01    8.8310E+00    2.8859E+00
     2.5387E+00
   Determinant of D matrix  4.482484E+034

          Uncoupled force constants (au), Pitzer moment of inertia (amu A^2),
   uncoupled torsional frequencies (cm-1), and uncoupled torsional barrier (kcal/mol)
   --------------------------------------------------------------------------------
   Torsion               1             2             3             4             5
   Force constant   2.27798E-02  2.25717E-02  2.53400E-02  1.66063E-02  4.18305E-02
   Moment          20.709       62.223       30.024       48.521       18.138
   Tor. Freq.        90.219       51.810       79.027       50.324      130.636
   Rot. barrier       4.627        4.585        5.147        3.373        8.497
   M_j,tau            2.486        2.486        2.486        2.486        2.486

   Torsion               6             7
   Force constant   2.02289E-02  7.86013E-03
   Moment           3.090        3.137
   Tor. Freq.       220.092      136.170
   Rot. barrier       2.821        1.096
   M_j,tau            3.000        3.000
   --------------------------------------------------------------------------------
   Potential Energy =   0.708 kcal/mol
   Weight =  1
   Overall rotational symmetry number =   1

                           ==========================
                                Structure   6
                           ==========================

   Normal-mode Frequencies (cm-1) 
   (Overall translation and rotation projected out)
    1427.3826i      0.0000i      0.0000i      0.0000i      0.0000i      0.0000i
       0.0000      40.2744      68.7109      93.1955     111.1362     134.8769 
     157.5058     187.7158     233.7560     238.9748     257.4877     291.2658 
     331.3519     348.7398     442.4284     496.4620     644.1202     689.3946 
     723.7742     797.3542     837.2945     873.9734     906.6412     942.1466 
     961.9684    1024.3018    1047.8632    1064.8376    1087.1771    1115.0026 
    1148.2951    1159.2085    1173.4275    1197.4110    1230.8135    1238.1381 
    1242.3739    1288.3001    1295.6862    1315.1077    1360.5520    1368.0236 
    1378.2372    1388.9448    1434.7185    1440.4821    1443.1634    1443.8838 
    1448.8993    1455.0721    1457.6710    1462.1571    1780.0919    2943.7911 
    2956.0985    2957.4666    2972.9588    2985.7393    2987.2095    3006.1759 
    3027.0696    3033.8412    3041.8713    3052.1072    3070.4525    3104.1210 
   Torsion-projected frequencies/non-torsional frequencies (cm-1)
    1427.3635i    184.9411     236.4002     248.8066     290.2696     330.7648 
     346.1148     442.2145     495.8317     643.9654     688.7783     721.8847 
     797.3369     837.2248     873.9457     906.6134     942.1392     961.9069 
    1024.2887    1047.8511    1064.8315    1087.1686    1114.9918    1148.0085 
    1159.1991    1173.4266    1197.3986    1230.7691    1238.1261    1242.3516 
    1288.2508    1295.6641    1315.1027    1360.5450    1368.0218    1378.2361 
    1388.9418    1434.7152    1440.4801    1443.1177    1443.8418    1448.8971 
    1455.0710    1457.6709    1462.1536    1780.0914    2943.7910    2956.0949 
    2957.4664    2972.9587    2985.7389    2987.2095    3006.1738    3027.0693 
    3033.8399    3041.8712    3052.1067    3070.4436    3104.1210 
   Product of consistently coupled torsional frequencies (in cm-1^ntor)  1.5404E+14
   Primitively coupled torsional frequencies (cm-1) (Not used in P.F. calculations)
      45.1202      71.2102      98.9184     121.9666     138.1878     174.7794 
     244.1615 
   Product of primitively coupled torsional frequencies (in cm-1^ntor)   2.2860E+14
   Effective coupled torsional barrier (kcal/mol)
        1.069        2.527        2.793        4.911        6.099        7.868 
       10.554 

   D matrix: 
   Columns are ordered to be consistent with the order of the torsion angles
   m-n        1             2             3             4             5
    1   1.947624E+01 -1.961774E-01 -8.969474E-01 -1.077925E+01  2.373520E+00
    2  -1.961774E-01  2.695025E+01  3.908950E+00  1.547941E+01 -4.164832E+00
    3  -8.969474E-01  3.908950E+00  6.561294E+01  8.859200E+00  1.330272E+01
    4  -1.077925E+01  1.547941E+01  8.859200E+00  4.983843E+01 -1.389056E+01
    5   2.373520E+00 -4.164832E+00  1.330272E+01 -1.389056E+01  2.020783E+01
    6   1.383685E+00  2.724190E+00  1.063907E+00  1.463665E-01  4.872008E-02
    7  -6.070116E-01  8.445002E-01  1.636578E+00  2.674752E+00  1.505662E+00
   m-n        6             7
    1   1.383685E+00 -6.070116E-01
    2   2.724190E+00  8.445002E-01
    3   1.063907E+00  1.636578E+00
    4   1.463665E-01  2.674752E+00
    5   4.872008E-02  1.505662E+00
    6   3.075058E+00  1.898477E-02
    7   1.898477E-02  3.148292E+00

   Eigenvalues of D matrix:
     7.3122E+01    6.1934E+01    2.3222E+01    1.4877E+01    9.9784E+00    2.6310E+00
     2.5436E+00
   Determinant of D matrix  5.175503E+034

          Uncoupled force constants (au), Pitzer moment of inertia (amu A^2),
   uncoupled torsional frequencies (cm-1), and uncoupled torsional barrier (kcal/mol)
   --------------------------------------------------------------------------------
   Torsion               1             2             3             4             5
   Force constant   3.14712E-02  2.86434E-02  5.10835E-02  1.91049E-02  4.24001E-02
   Moment          19.476       26.950       65.613       49.838       20.208
   Tor. Freq.       109.348       88.682       75.902       53.259      124.603
   Rot. barrier       5.811        5.289        9.432        3.528        7.829
   M_j,tau            2.607        2.607        2.607        2.607        2.607

   Torsion               6             7
   Force constant   2.03237E-02  7.87586E-03
   Moment           3.075        3.148
   Tor. Freq.       221.146      136.056
   Rot. barrier       2.834        1.098
   M_j,tau            3.000        3.000
   --------------------------------------------------------------------------------
   Potential Energy =   0.735 kcal/mol
   Weight =  1
   Overall rotational symmetry number =   1

                           ==========================
                                Structure   7
                           ==========================

   Normal-mode Frequencies (cm-1) 
   (Overall translation and rotation projected out)
    1438.2324i      0.0000i      0.0000i      0.0000i      0.0000i      0.0000 
       0.0000      44.8431      53.9002      70.1315     120.4586     135.1055 
     151.9304     169.3993     211.8600     240.2978     255.8708     285.2455 
     324.6596     367.1927     430.2689     523.4241     614.0253     689.0520 
     715.2389     775.5811     852.7926     866.0966     903.5143     920.2919 
     994.6873    1019.8134    1053.1514    1076.2993    1091.3361    1118.3462 
    1148.5702    1156.6703    1179.5287    1205.0147    1228.2170    1238.7586 
    1270.0151    1283.8990    1292.8848    1314.6368    1349.5490    1364.7578 
    1376.8836    1379.1226    1433.2947    1442.5509    1442.9891    1443.6671 
    1452.0535    1454.8810    1457.6223    1462.9735    1781.2876    2947.1514 
    2955.0053    2959.6341    2971.6911    2981.8065    2987.3561    3001.3260 
    3027.1732    3036.1494    3042.4942    3067.9824    3070.8282    3103.3472 
   Torsion-projected frequencies/non-torsional frequencies (cm-1)
    1438.2275i    148.3289     210.3689     253.0556     284.4995     323.4010 
     366.1487     429.3961     523.1659     613.9162     688.1035     713.8342 
     775.4752     852.7878     866.0513     903.4586     920.2488     994.6678 
    1019.7993    1053.1508    1076.2990    1091.3229    1118.3340    1148.2818 
    1156.6524    1179.5278    1204.9847    1228.1932    1238.7525    1269.9627 
    1283.8808    1292.8496    1314.6336    1349.5434    1364.7536    1376.8834 
    1379.1174    1433.2943    1442.5086    1442.9877    1443.6217    1452.0523 
    1454.8796    1457.6221    1462.9727    1781.2875    2947.1509    2955.0052 
    2959.6341    2971.6911    2981.8050    2987.3561    3001.3228    3027.1722 
    3036.1480    3042.4942    3067.9815    3070.8190    3103.3472 
   Product of consistently coupled torsional frequencies (in cm-1^ntor)  1.1905E+14
   Primitively coupled torsional frequencies (cm-1) (Not used in P.F. calculations)
      46.6993      68.0989      78.9432     131.5053     142.3781     178.9361 
     241.0695 
   Product of primitively coupled torsional frequencies (in cm-1^ntor)   2.0276E+14
   Effective coupled torsional barrier (kcal/mol)
        1.095        2.677        3.311        4.231        5.721        7.901 
        9.861 

   D matrix: 
   Columns are ordered to be consistent with the order of the torsion angles
   m-n        1             2             3             4             5
    1   2.205809E+01 -5.035618E+00  2.268249E+01  1.210420E+01 -7.152869E+00
    2  -5.035618E+00  2.876772E+01 -1.248414E+01 -1.163905E+01  6.851304E+00
    3   2.268249E+01 -1.248414E+01  5.235886E+01  2.933331E+01 -1.763793E+01
    4   1.210420E+01 -1.163905E+01  2.933331E+01  4.727042E+01 -1.139706E+01
    5  -7.152869E+00  6.851304E+00 -1.763793E+01 -1.139706E+01  1.874257E+01
    6   1.229108E+00  2.718944E+00  1.522107E+00  3.364259E-01 -2.072934E-01
    7   3.732661E-01 -3.081024E-01  8.412788E-01  2.598371E+00  1.605779E+00
   m-n        6             7
    1   1.229108E+00  3.732661E-01
    2   2.718944E+00 -3.081024E-01
    3   1.522107E+00  8.412788E-01
    4   3.364259E-01  2.598371E+00
    5  -2.072934E-01  1.605779E+00
    6   3.084992E+00  1.356329E-02
    7   1.356329E-02  3.146981E+00

   Eigenvalues of D matrix:
     1.0008E+02    2.5486E+01    2.3237E+01    1.2881E+01    8.5739E+00    2.5990E+00
     2.5714E+00
   Determinant of D matrix  2.166936E+034

          Uncoupled force constants (au), Pitzer moment of inertia (amu A^2),
   uncoupled torsional frequencies (cm-1), and uncoupled torsional barrier (kcal/mol)
   --------------------------------------------------------------------------------
   Torsion               1             2             3             4             5
   Force constant   2.13410E-02  2.14264E-02  3.13202E-02  1.77310E-02  4.27664E-02
   Moment          22.058       28.768       52.359       47.270       18.743
   Tor. Freq.        84.611       74.238       66.531       52.684      129.940
   Rot. barrier       4.896        4.916        7.185        4.068        9.811
   M_j,tau            2.339        2.339        2.339        2.339        2.339

   Torsion               6             7
   Force constant   2.00447E-02  8.06906E-03
   Moment           3.085        3.147
   Tor. Freq.       219.269      137.743
   Rot. barrier       2.795        1.125
   M_j,tau            3.000        3.000
   --------------------------------------------------------------------------------
   Potential Energy =   0.890 kcal/mol
   Weight =  1
   Overall rotational symmetry number =   1

                           ==========================
                                Structure   8
                           ==========================

   Normal-mode Frequencies (cm-1) 
   (Overall translation and rotation projected out)
    1446.0763i      0.0000i      0.0000i      0.0000i      0.0000       0.0000 
       0.0000      25.6141      55.8865      76.4999      79.0021     132.3884 
     151.8981     184.9585     223.6389     248.1302     267.0341     292.2035 
     308.5398     333.3242     446.9280     478.7855     669.9064     697.4121 
     724.3064     774.7574     839.3564     856.2417     909.7884     959.3249 
     963.0440    1030.8933    1046.1375    1074.8824    1085.8478    1112.4636 
    1148.2240    1156.8692    1173.6303    1205.0862    1215.5472    1232.5498 
    1246.9014    1281.2536    1288.8096    1318.9589    1355.2674    1368.8144 
    1377.2031    1394.6092    1434.1117    1441.6961    1443.4947    1444.0951 
    1449.5449    1455.0867    1457.7810    1462.7111    1781.1946    2941.7702 
    2948.2098    2956.0710    2959.5867    2983.7861    2987.0742    3005.5570 
    3025.7760    3035.7676    3042.9576    3068.5423    3070.2044    3103.8723 
   Torsion-projected frequencies/non-torsional frequencies (cm-1)
    1446.0733i    169.4131     231.0186     266.8940     290.1735     304.8623 
     331.4046     446.8320     478.4978     669.2549     696.8520     723.1833 
     774.6205     839.3306     856.1746     909.7651     959.3132     963.0131 
    1030.8866    1046.1281    1074.8709    1085.8465    1112.4605    1147.9386 
    1156.8597    1173.6279    1205.0795    1215.5130    1232.5185    1246.8720 
    1281.2328    1288.7639    1318.9501    1355.2617    1368.8127    1377.2027 
    1394.6065    1434.0992    1441.6932    1443.4154    1444.0904    1449.5439 
    1455.0851    1457.7808    1462.7110    1781.1945    2941.7699    2948.2094 
    2956.0704    2959.5867    2983.7854    2987.0742    3005.5563    3025.7758 
    3035.7660    3042.9576    3068.5409    3070.1956    3103.8723 
   Product of consistently coupled torsional frequencies (in cm-1^ntor)  4.7027E+13
   Primitively coupled torsional frequencies (cm-1) (Not used in P.F. calculations)
      28.8460      58.7613      80.0267     110.2982     137.3760     175.7224 
     241.0692 
   Product of primitively coupled torsional frequencies (in cm-1^ntor)   8.7068E+13
   Effective coupled torsional barrier (kcal/mol)
        0.998        1.083        2.300        2.571        3.254        5.515 
        7.286 

   D matrix: 
   Columns are ordered to be consistent with the order of the torsion angles
   m-n        1             2             3             4             5
    1   2.289413E+01 -2.616535E+00 -9.065835E+00  4.911982E-01 -3.304220E+00
    2  -2.616535E+00  2.348638E+01  7.817800E+00  1.121831E+01  6.716880E-01
    3  -9.065835E+00  7.817800E+00  5.034508E+01  6.310531E+00  1.142014E+01
    4   4.911982E-01  1.121831E+01  6.310531E+00  2.794936E+01 -7.645489E+00
    5  -3.304220E+00  6.716880E-01  1.142014E+01 -7.645489E+00  1.801830E+01
    6   1.422289E+00  2.233163E+00  2.758877E-01  1.558011E+00 -3.656439E-01
    7  -1.789722E-01  8.174485E-01  1.293986E+00  1.527575E+00  1.798596E+00
   m-n        6             7
    1   1.422289E+00 -1.789722E-01
    2   2.233163E+00  8.174485E-01
    3   2.758877E-01  1.293986E+00
    4   1.558011E+00  1.527575E+00
    5  -3.656439E-01  1.798596E+00
    6   3.028594E+00  8.726102E-02
    7   8.726102E-02  3.085200E+00

   Eigenvalues of D matrix:
     5.9959E+01    3.7688E+01    2.0422E+01    1.6655E+01    8.9106E+00    2.6430E+00
     2.5295E+00
   Determinant of D matrix  2.268046E+034

          Uncoupled force constants (au), Pitzer moment of inertia (amu A^2),
   uncoupled torsional frequencies (cm-1), and uncoupled torsional barrier (kcal/mol)
   --------------------------------------------------------------------------------
   Torsion               1             2             3             4             5
   Force constant   2.22138E-02  2.07211E-02  1.23918E-02  1.34280E-02  4.20640E-02
   Moment          22.894       23.486       50.345       27.949       18.018
   Tor. Freq.        84.733       80.799       42.677       59.625      131.433
   Rot. barrier       3.820        3.564        2.131        2.309        7.234
   M_j,tau            2.701        2.701        2.701        2.701        2.701

   Torsion               6             7
   Force constant   2.03306E-02  7.98973E-03
   Moment           3.029        3.085
   Tor. Freq.       222.874      138.430
   Rot. barrier       2.835        1.114
   M_j,tau            3.000        3.000
   --------------------------------------------------------------------------------
   Potential Energy =   0.927 kcal/mol
   Weight =  1
   Overall rotational symmetry number =   1

                           ==========================
                                Structure   9
                           ==========================

   Normal-mode Frequencies (cm-1) 
   (Overall translation and rotation projected out)
    1445.4746i      0.0000i      0.0000i      0.0000       0.0000       0.0000 
       0.0001      34.3847      53.9247      81.8447      96.3182     126.4581 
     135.6725     169.6075     217.1577     264.3145     271.9324     311.1024 
     320.1865     329.9566     396.1773     502.0753     678.8162     701.5365 
     716.1942     754.9367     846.6810     865.6296     912.6431     952.8790 
     967.3250    1022.7310    1058.1193    1075.8586    1080.9409    1113.4760 
    1148.2640    1157.7625    1171.7642    1197.2045    1213.2178    1229.5090 
    1252.6238    1270.1001    1287.6773    1336.3640    1355.2880    1363.7848 
    1379.8612    1395.7119    1431.9200    1441.5594    1443.5040    1444.8743 
    1449.9753    1457.5308    1457.9156    1463.9693    1781.5100    2939.9165 
    2948.8118    2955.1970    2961.6902    2987.1138    2989.1463    2999.1503 
    3026.5556    3037.7426    3046.6654    3055.8266    3070.1994    3103.9034 
   Torsion-projected frequencies/non-torsional frequencies (cm-1)
    1445.4720i    131.4758     240.0085     270.6939     307.7462     319.4583 
     325.7482     395.0165     501.7796     678.3609     701.3237     715.8722 
     754.2652     846.5820     865.6017     912.6338     952.7473     967.2558 
    1022.6959    1058.1126    1075.8457    1080.9384    1113.4513    1147.9830 
    1157.7557    1171.7595    1197.1837    1213.2063    1229.4744    1252.5628 
    1270.0784    1287.6546    1336.3585    1355.2844    1363.7764    1379.8581 
    1395.7043    1431.9038    1441.5574    1443.4224    1444.8702    1449.9636 
    1457.5264    1457.9150    1463.9571    1781.5098    2939.9161    2948.8116 
    2955.1970    2961.6885    2987.1138    2989.1457    2999.1499    3026.5520 
    3037.7418    3046.6633    3055.8260    3070.1908    3103.9034 
   Product of consistently coupled torsional frequencies (in cm-1^ntor)  8.0310E+13
   Primitively coupled torsional frequencies (cm-1) (Not used in P.F. calculations)
      35.6013      58.8843      96.9463     120.9154     138.0572     177.5545 
     240.9677 
   Product of primitively coupled torsional frequencies (in cm-1^ntor)   1.4515E+14
   Effective coupled torsional barrier (kcal/mol)
        1.073        2.230        2.379        2.756        3.642        5.995 
        8.099 

   D matrix: 
   Columns are ordered to be consistent with the order of the torsion angles
   m-n        1             2             3             4             5
    1   2.128648E+01  8.820232E+00  1.407580E+01  1.071818E+01 -8.910815E-01
    2   8.820232E+00  4.142705E+01  4.139463E-01  2.906824E+01 -8.005415E+00
    3   1.407580E+01  4.139463E-01  3.014768E+01  1.224863E+00  7.184737E+00
    4   1.071818E+01  2.906824E+01  1.224863E+00  4.224804E+01 -1.390678E+01
    5  -8.910815E-01 -8.005415E+00  7.184737E+00 -1.390678E+01  1.885952E+01
    6   1.318797E+00 -4.217902E-01  1.025676E+00 -8.562298E-02  2.698362E-01
    7   7.472885E-01  1.539318E+00  6.202578E-01  2.139042E+00  1.396851E+00
   m-n        6             7
    1   1.318797E+00  7.472885E-01
    2  -4.217902E-01  1.539318E+00
    3   1.025676E+00  6.202578E-01
    4  -8.562298E-02  2.139042E+00
    5   2.698362E-01  1.396851E+00
    6   3.090931E+00  1.339128E-02
    7   1.339128E-02  3.101974E+00

   Eigenvalues of D matrix:
     7.8662E+01    4.1343E+01    1.7012E+01    9.5691E+00    8.0833E+00    2.9591E+00
     2.5332E+00
   Determinant of D matrix  1.588989E+034

          Uncoupled force constants (au), Pitzer moment of inertia (amu A^2),
   uncoupled torsional frequencies (cm-1), and uncoupled torsional barrier (kcal/mol)
   --------------------------------------------------------------------------------
   Torsion               1             2             3             4             5
   Force constant   2.32374E-02  2.09302E-02  1.60811E-02  1.35139E-02  4.20453E-02
   Moment          21.286       41.427       30.148       42.248       18.860
   Tor. Freq.        89.877       61.143       62.826       48.651      128.440
   Rot. barrier       4.446        4.004        3.077        2.585        8.044
   M_j,tau            2.561        2.561        2.561        2.561        2.561

   Torsion               6             7
   Force constant   2.09063E-02  7.90445E-03
   Moment           3.091        3.102
   Tor. Freq.       223.717      137.316
   Rot. barrier       2.915        1.102
   M_j,tau            3.000        3.000
   --------------------------------------------------------------------------------
   Potential Energy =   0.940 kcal/mol
   Weight =  1
   Overall rotational symmetry number =   1

                           ==========================
                                Structure  10
                           ==========================

   Normal-mode Frequencies (cm-1) 
   (Overall translation and rotation projected out)
    1444.6836i      0.0000i      0.0000i      0.0000i      0.0000       0.0000 
       0.0001      34.3678      53.0221      81.5092      97.6824     120.8824 
     136.9825     172.0428     217.4137     264.5705     270.0707     311.4216 
     318.4230     329.2859     399.3201     498.0252     677.0157     700.6765 
     712.3011     758.4882     847.1456     867.6361     915.0798     953.8653 
     962.9405    1023.7992    1061.4248    1069.2015    1082.8813    1115.2286 
    1148.2129    1156.4308    1172.5063    1197.1819    1214.2362    1228.6407 
    1248.7855    1271.1564    1289.1591    1336.3398    1357.5401    1364.4385 
    1378.7891    1395.4701    1431.3860    1441.8153    1443.4308    1444.4612 
    1449.5771    1457.3987    1457.8620    1463.8521    1781.3606    2944.2104 
    2956.2658    2958.9123    2961.7309    2987.0311    2989.3364    2999.4865 
    3014.9329    3036.4366    3045.2479    3055.0472    3070.1199    3103.8235 
   Torsion-projected frequencies/non-torsional frequencies (cm-1)
    1444.6800i    132.3134     241.6479     264.9973     308.1341     317.2187 
     327.2187     398.3611     497.7308     676.5142     700.4776     711.9825 
     757.8287     847.0519     867.5968     915.0576     953.7747     962.8245 
    1023.7581    1061.4173    1069.1819    1082.8635    1115.2149    1147.9321 
    1156.4253    1172.5030    1197.1729    1214.2086    1228.5970    1248.7376 
    1271.1356    1289.1336    1336.3333    1357.5261    1364.4354    1378.7859 
    1395.4668    1431.3699    1441.8130    1443.3500    1444.4538    1449.5698 
    1457.3945    1457.8618    1463.8390    1781.3604    2944.2100    2956.2646 
    2958.9120    2961.7253    2987.0311    2989.3362    2999.4862    3014.9312 
    3036.4355    3045.2464    3055.0468    3070.1113    3103.8235 
   Product of consistently coupled torsional frequencies (in cm-1^ntor)  7.7860E+13
   Primitively coupled torsional frequencies (cm-1) (Not used in P.F. calculations)
      35.5222      58.0467      96.4686     122.2450     137.3163     177.1179 
     241.4708 
   Product of primitively coupled torsional frequencies (in cm-1^ntor)   1.4281E+14
   Effective coupled torsional barrier (kcal/mol)
        1.067        1.991        2.239        2.631        3.427        5.589 
        7.508 

   D matrix: 
   Columns are ordered to be consistent with the order of the torsion angles
   m-n        1             2             3             4             5
    1   2.111997E+01  8.939932E+00  1.375541E+01  8.210021E+00  1.546336E+00
    2   8.939932E+00  4.076904E+01  4.529349E-01  2.894470E+01 -7.838906E+00
    3   1.375541E+01  4.529349E-01  2.983076E+01 -3.812575E-01  8.761664E+00
    4   8.210021E+00  2.894470E+01 -3.812575E-01  4.143830E+01 -1.360775E+01
    5   1.546336E+00 -7.838906E+00  8.761664E+00 -1.360775E+01  1.924406E+01
    6   1.294249E+00 -4.432148E-01  9.654919E-01  1.074678E-01  9.994351E-02
    7   7.019159E-01  1.533609E+00  5.894533E-01  2.088380E+00  1.444382E+00
   m-n        6             7
    1   1.294249E+00  7.019159E-01
    2  -4.432148E-01  1.533609E+00
    3   9.654919E-01  5.894533E-01
    4   1.074678E-01  2.088380E+00
    5   9.994351E-02  1.444382E+00
    6   3.090197E+00  1.760079E-02
    7   1.760079E-02  3.100603E+00

   Eigenvalues of D matrix:
     7.6642E+01    4.2877E+01    1.5316E+01    1.0006E+01    8.2637E+00    2.9539E+00
     2.5346E+00
   Determinant of D matrix  1.543428E+034

          Uncoupled force constants (au), Pitzer moment of inertia (amu A^2),
   uncoupled torsional frequencies (cm-1), and uncoupled torsional barrier (kcal/mol)
   --------------------------------------------------------------------------------
   Torsion               1             2             3             4             5
   Force constant   2.26590E-02  2.03195E-02  1.67451E-02  1.34170E-02  4.19570E-02
   Moment          21.120       40.769       29.831       41.438       19.244
   Tor. Freq.        89.100       60.729       64.449       48.948      127.016
   Rot. barrier       4.025        3.610        2.975        2.384        7.454
   M_j,tau            2.658        2.658        2.658        2.658        2.658

   Torsion               6             7
   Force constant   2.08541E-02  7.86586E-03
   Moment           3.090        3.101
   Tor. Freq.       223.464      137.011
   Rot. barrier       2.908        1.097
   M_j,tau            3.000        3.000
   --------------------------------------------------------------------------------
   Potential Energy =   0.981 kcal/mol
   Weight =  1
   Overall rotational symmetry number =   1

                           ==========================
                                Structure  11
                           ==========================

   Normal-mode Frequencies (cm-1) 
   (Overall translation and rotation projected out)
    1453.3552i      0.0001i      0.0000i      0.0000i      0.0000       0.0000 
       0.0000      43.4171      58.2201      63.7105     129.9474     135.8727 
     151.4230     165.0712     197.1220     238.9199     267.5917     294.0190 
     320.8320     348.1613     408.7904     540.3654     646.0826     673.9919 
     711.5002     765.8264     859.2810     865.6564     909.5969     923.2588 
     990.8048    1029.3914    1054.9570    1062.4045    1085.0568    1111.7194 
    1147.7173    1150.5929    1176.1496    1203.0372    1220.5768    1230.7110 
    1245.5677    1273.9762    1291.1237    1327.4597    1367.2581    1372.2789 
    1378.2027    1392.9656    1424.5072    1441.9676    1443.7515    1445.5861 
    1452.6964    1454.9196    1457.8334    1463.7036    1779.3081    2945.6567 
    2948.0904    2957.7661    2959.3812    2986.1278    2987.1186    2999.5420 
    3026.3095    3036.1441    3041.5002    3057.9430    3070.1070    3104.0634 
   Torsion-projected frequencies/non-torsional frequencies (cm-1)
    1453.3381i    157.4616     196.5419     265.4079     291.3789     319.2847 
     347.3804     408.0248     540.2676     645.8844     673.1291     709.8866 
     765.6647     859.2536     865.6011     909.5898     923.1916     990.7942 
    1029.3888    1054.9520    1062.3923    1085.0449    1111.7098    1147.4939 
    1150.5394    1176.1484    1203.0107    1220.5674    1230.7059    1245.5592 
    1273.9310    1291.0815    1327.4485    1367.2546    1372.2767    1378.2011 
    1392.9623    1424.4935    1441.9662    1443.6736    1445.5838    1452.6926 
    1454.9181    1457.8332    1463.7025    1779.3074    2945.6561    2948.0903 
    2957.7651    2959.3810    2986.1266    2987.1186    2999.5402    3026.2991 
    3036.1424    3041.5000    3057.9424    3070.0982    3104.0634 
   Product of consistently coupled torsional frequencies (in cm-1^ntor)  1.1158E+14
   Primitively coupled torsional frequencies (cm-1) (Not used in P.F. calculations)
      47.1293      65.4916      71.3642     134.0804     143.8300     171.6593 
     241.6912 
   Product of primitively coupled torsional frequencies (in cm-1^ntor)   1.7624E+14
   Effective coupled torsional barrier (kcal/mol)
        1.060        2.348        2.658        3.205        4.420        7.735 
        8.172 

   D matrix: 
   Columns are ordered to be consistent with the order of the torsion angles
   m-n        1             2             3             4             5
    1   2.007965E+01 -4.286890E+00  1.765655E+01  4.041954E+00  2.964856E+00
    2  -4.286890E+00  2.818031E+01 -8.376512E+00 -5.049737E+00  5.174016E-01
    3   1.765655E+01 -8.376512E+00  3.879323E+01  1.014737E+01  5.049790E+00
    4   4.041954E+00 -5.049737E+00  1.014737E+01  4.938678E+01 -1.387673E+01
    5   2.964856E+00  5.174016E-01  5.049790E+00 -1.387673E+01  1.755214E+01
    6   1.076498E+00  2.790901E+00  1.318125E+00  9.931013E-04  3.594647E-01
    7   5.194883E-01 -3.629747E-01  1.151573E+00  2.666477E+00  1.329379E+00
   m-n        6             7
    1   1.076498E+00  5.194883E-01
    2   2.790901E+00 -3.629747E-01
    3   1.318125E+00  1.151573E+00
    4   9.931013E-04  2.666477E+00
    5   3.594647E-01  1.329379E+00
    6   3.077200E+00  2.513175E-02
    7   2.513175E-02  3.136293E+00

   Eigenvalues of D matrix:
     6.4018E+01    4.5921E+01    2.5210E+01    1.0908E+01    9.0122E+00    2.6009E+00
     2.5357E+00
   Determinant of D matrix  2.380052E+034

          Uncoupled force constants (au), Pitzer moment of inertia (amu A^2),
   uncoupled torsional frequencies (cm-1), and uncoupled torsional barrier (kcal/mol)
   --------------------------------------------------------------------------------
   Torsion               1             2             3             4             5
   Force constant   2.08394E-02  1.91134E-02  3.74503E-02  1.67671E-02  4.09696E-02
   Moment          20.080       28.180       38.793       49.387       17.552
   Tor. Freq.        87.634       70.844       84.519       50.122      131.423
   Rot. barrier       3.961        3.633        7.118        3.187        7.787
   M_j,tau            2.570        2.570        2.570        2.570        2.570

   Torsion               6             7
   Force constant   2.02657E-02  7.80548E-03
   Moment           3.077        3.136
   Tor. Freq.       220.754      135.705
   Rot. barrier       2.826        1.088
   M_j,tau            3.000        3.000
   --------------------------------------------------------------------------------
   Potential Energy =   0.992 kcal/mol
   Weight =  1
   Overall rotational symmetry number =   1

                           ==========================
                                Structure  12
                           ==========================

   Normal-mode Frequencies (cm-1) 
   (Overall translation and rotation projected out)
    1440.4353i      0.0001i      0.0000i      0.0000i      0.0000       0.0000 
       0.0000      37.8610      52.6416      75.2057     131.1441     141.4015 
     162.1067     184.4271     221.8004     274.0749     285.0386     302.4058 
     331.3079     389.6898     434.9419     511.4625     642.1381     683.8724 
     720.6166     786.7195     830.2790     871.5866     899.6164     940.8263 
     971.7623    1002.8273    1044.5062    1064.6387    1081.1691    1117.1966 
    1141.0143    1148.1792    1172.9188    1188.1876    1227.8701    1234.1188 
    1243.3851    1280.2463    1309.9052    1335.3760    1349.2109    1371.1693 
    1377.5857    1390.0233    1432.4826    1441.9046    1443.5996    1446.7299 
    1450.0727    1457.6350    1458.3255    1464.2023    1778.3752    2957.2080 
    2958.9600    2961.1896    2981.6187    2987.1881    2998.1240    3015.2308 
    3030.8843    3033.7600    3041.5612    3058.9500    3070.2313    3104.2101 
   Torsion-projected frequencies/non-torsional frequencies (cm-1)
    1440.4312i    166.6789     227.7739     284.1077     295.3604     326.8064 
     388.2331     433.8731     510.3029     641.4989     683.2302     720.1344 
     786.5313     830.1462     871.3548     899.5392     940.8153     971.6627 
    1002.7427    1044.4808    1064.5424    1081.1574    1117.1900    1141.0075 
    1147.8941    1172.9163    1188.1730    1227.8463    1234.0645    1243.3668 
    1280.2223    1309.9015    1335.3701    1349.2080    1371.1624    1377.5822 
    1390.0214    1432.4756    1441.9039    1443.5198    1446.6856    1450.0619 
    1457.6350    1458.3181    1464.1925    1778.3750    2957.2065    2958.9587 
    2961.1884    2981.6147    2987.1881    2998.1232    3015.2297    3030.8840 
    3033.7573    3041.5597    3058.9493    3070.2225    3104.2101 
   Product of consistently coupled torsional frequencies (in cm-1^ntor)  1.4033E+14
   Primitively coupled torsional frequencies (cm-1) (Not used in P.F. calculations)
      40.0050      55.5167      80.4334     136.7285     163.5660     190.4415 
     275.4728 
   Product of primitively coupled torsional frequencies (in cm-1^ntor)   2.0959E+14
   Effective coupled torsional barrier (kcal/mol)
        1.075        2.875        3.113        5.752        7.722        8.032 
        8.938 

   D matrix: 
   Columns are ordered to be consistent with the order of the torsion angles
   m-n        1             2             3             4             5
    1   2.638887E+01  2.755923E+01  3.682020E+00 -3.694307E+00  2.659821E-02
    2   2.755923E+01  7.393515E+01  4.225923E+01 -1.239666E+01  1.001897E+01
    3   3.682020E+00  4.225923E+01  6.097420E+01  6.317286E+00  1.267899E+01
    4  -3.694307E+00 -1.239666E+01  6.317286E+00  4.314896E+01 -1.146497E+01
    5   2.659821E-02  1.001897E+01  1.267899E+01 -1.146497E+01  1.900036E+01
    6   1.426716E+00 -5.776506E-01 -2.750437E-01  7.923490E-01 -2.632168E-01
    7  -2.193834E-01 -7.122014E-02  1.405275E+00  2.341226E+00  1.598382E+00
   m-n        6             7
    1   1.426716E+00 -2.193834E-01
    2  -5.776506E-01 -7.122014E-02
    3  -2.750437E-01  1.405275E+00
    4   7.923490E-01  2.341226E+00
    5  -2.632168E-01  1.598382E+00
    6   3.073009E+00  3.892174E-02
    7   3.892174E-02  3.129265E+00

   Eigenvalues of D matrix:
     1.1965E+02    5.2526E+01    3.4832E+01    1.1359E+01    6.0471E+00    2.7137E+00
     2.5273E+00
   Determinant of D matrix  5.107852E+034

          Uncoupled force constants (au), Pitzer moment of inertia (amu A^2),
   uncoupled torsional frequencies (cm-1), and uncoupled torsional barrier (kcal/mol)
   --------------------------------------------------------------------------------
   Torsion               1             2             3             4             5
   Force constant   3.60846E-02  3.36068E-02  2.85787E-02  1.68437E-02  4.19551E-02
   Moment          26.389       73.935       60.974       43.149       19.000
   Tor. Freq.       100.590       57.995       58.892       53.745      127.825
   Rot. barrier       7.632        7.108        6.044        3.562        8.873
   M_j,tau            2.436        2.436        2.436        2.436        2.436

   Torsion               6             7
   Force constant   2.28346E-02  7.91792E-03
   Moment           3.073        3.129
   Tor. Freq.       234.488      136.833
   Rot. barrier       3.184        1.104
   M_j,tau            3.000        3.000
   --------------------------------------------------------------------------------
   Potential Energy =   1.037 kcal/mol
   Weight =  1
   Overall rotational symmetry number =   1

       List of zero-point inclusive energy (kcal/mol) for each structure
      ------------------------------------------------------------------
        Structure            Energy (T = 0 K)
      ------------------------------------------------------------------
          1                    123.45
          2                    123.63
          3                    124.21
          4                    124.21
          5                    124.24
          6                    124.31
          7                    124.39
          8                    124.32
          9                    124.33
         10                    124.36
         11                    124.38
         12                    124.75
      ZPE of the system =      123.45


     Note: The following SS-HO and SS-T include the Rot. P.F. and Boltzmann factor,
           but are calculated with weight = 1 for each structure. Weights are
           counted in MS partition functions. Zero of energy is set to the potential
           energy of global minimum.

            Partition function of structure    1
     ================================================================
          T(K)      Rot.          SS-HO           SS-T     SS-T/SS-HO
        600.00    2.2086E+006   5.4356E-031   7.4134E-031    1.364
        700.00    2.7831E+006   3.9128E-023   5.6231E-023    1.437
        800.00    3.4004E+006   6.2746E-017   9.3314E-017    1.487
        900.00    4.0574E+006   7.6980E-012   1.1665E-011    1.515
       1000.00    4.7521E+006   1.5167E-007   2.3113E-007    1.524
       1100.00    5.4825E+006   7.7055E-004   1.1680E-003    1.516
       1200.00    6.2468E+006   1.3863E+000   2.0713E+000    1.494
       1300.00    7.0437E+006   1.1019E+003   1.6105E+003    1.462
       1400.00    7.8719E+006   4.5371E+005   6.4464E+005    1.421
       1500.00    8.7302E+006   1.0889E+008   1.4963E+008    1.374
       1600.00    9.6176E+006   1.6659E+010   2.2046E+010    1.323
       1700.00    1.0533E+007   1.7411E+012   2.2112E+012    1.270
       1800.00    1.1476E+007   1.3127E+014   1.5955E+014    1.215
       1900.00    1.2446E+007   7.4594E+015   8.6567E+015    1.160
       2000.00    1.3441E+007   3.3103E+017   3.6612E+017    1.106

            Partition function of structure    2
     ================================================================
          T(K)      Rot.          SS-HO           SS-T     SS-T/SS-HO
        600.00    2.0385E+006   6.6149E-031   1.0254E-030    1.550
        700.00    2.5688E+006   4.9196E-023   7.9182E-023    1.610
        800.00    3.1384E+006   8.0866E-017   1.3207E-016    1.633
        900.00    3.7449E+006   1.0116E-011   1.6464E-011    1.628
       1000.00    4.3861E+006   2.0247E-007   3.2376E-007    1.599
       1100.00    5.0602E+006   1.0421E-003   1.6191E-003    1.554
       1200.00    5.7656E+006   1.8955E+000   2.8369E+000    1.497
       1300.00    6.5012E+006   1.5208E+003   2.1777E+003    1.432
       1400.00    7.2655E+006   6.3129E+005   8.6038E+005    1.363
       1500.00    8.0577E+006   1.5260E+008   1.9713E+008    1.292
       1600.00    8.8768E+006   2.3492E+010   2.8676E+010    1.221
       1700.00    9.7218E+006   2.4688E+012   2.8409E+012    1.151
       1800.00    1.0592E+007   1.8707E+014   2.0256E+014    1.083
       1900.00    1.1487E+007   1.0678E+016   1.0866E+016    1.018
       2000.00    1.2406E+007   4.7582E+017   4.5458E+017    0.955

            Partition function of structure    3
     ================================================================
          T(K)      Rot.          SS-HO           SS-T     SS-T/SS-HO
        600.00    2.1333E+006   2.9021E-031   4.2712E-031    1.472
        700.00    2.6883E+006   2.2751E-023   3.4937E-023    1.536
        800.00    3.2845E+006   3.8894E-017   6.1189E-017    1.573
        900.00    3.9192E+006   5.0149E-012   7.9632E-012    1.588
       1000.00    4.5902E+006   1.0281E-007   1.6278E-007    1.583
       1100.00    5.2957E+006   5.3956E-004   8.4326E-004    1.563
       1200.00    6.0340E+006   9.9735E-001   1.5260E+000    1.530
       1300.00    6.8037E+006   8.1103E+002   1.2067E+003    1.488
       1400.00    7.6037E+006   3.4054E+005   4.8996E+005    1.439
       1500.00    8.4327E+006   8.3129E+007   1.1514E+008    1.385
       1600.00    9.2899E+006   1.2907E+010   1.7145E+010    1.328
       1700.00    1.0174E+007   1.3666E+012   1.7358E+012    1.270
       1800.00    1.1085E+007   1.0424E+014   1.2628E+014    1.212
       1900.00    1.2022E+007   5.9848E+015   6.9025E+015    1.153
       2000.00    1.2983E+007   2.6807E+017   2.9387E+017    1.096

            Partition function of structure    4
     ================================================================
          T(K)      Rot.          SS-HO           SS-T     SS-T/SS-HO
        600.00    1.9708E+006   2.8597E-031   3.7943E-031    1.327
        700.00    2.4835E+006   2.2451E-023   3.1045E-023    1.383
        800.00    3.0342E+006   3.8421E-017   5.4463E-017    1.418
        900.00    3.6206E+006   4.9581E-012   7.1070E-012    1.433
       1000.00    4.2405E+006   1.0171E-007   1.4577E-007    1.433
       1100.00    4.8922E+006   5.3408E-004   7.5810E-004    1.419
       1200.00    5.5743E+006   9.8762E-001   1.3776E+000    1.395
       1300.00    6.2854E+006   8.0340E+002   1.0940E+003    1.362
       1400.00    7.0244E+006   3.3744E+005   4.4611E+005    1.322
       1500.00    7.7903E+006   8.2391E+007   1.0527E+008    1.278
       1600.00    8.5821E+006   1.2795E+010   1.5742E+010    1.230
       1700.00    9.3992E+006   1.3550E+012   1.6001E+012    1.181
       1800.00    1.0241E+007   1.0337E+014   1.1687E+014    1.131
       1900.00    1.1106E+007   5.9357E+015   6.4117E+015    1.080
       2000.00    1.1994E+007   2.6590E+017   2.7396E+017    1.030

            Partition function of structure    5
     ================================================================
          T(K)      Rot.          SS-HO           SS-T     SS-T/SS-HO
        600.00    2.0264E+006   2.8313E-031   3.7054E-031    1.309
        700.00    2.5535E+006   2.2294E-023   3.0490E-023    1.368
        800.00    3.1198E+006   3.8236E-017   5.3745E-017    1.406
        900.00    3.7227E+006   4.9423E-012   7.0415E-012    1.425
       1000.00    4.3601E+006   1.0152E-007   1.4492E-007    1.427
       1100.00    5.0302E+006   5.3364E-004   7.5584E-004    1.416
       1200.00    5.7315E+006   9.8769E-001   1.3769E+000    1.394
       1300.00    6.4626E+006   8.0406E+002   1.0958E+003    1.363
       1400.00    7.2225E+006   3.3793E+005   4.4772E+005    1.325
       1500.00    8.0099E+006   8.2557E+007   1.0584E+008    1.282
       1600.00    8.8241E+006   1.2827E+010   1.5850E+010    1.236
       1700.00    9.6642E+006   1.3590E+012   1.6134E+012    1.187
       1800.00    1.0529E+007   1.0371E+014   1.1799E+014    1.138
       1900.00    1.1419E+007   5.9574E+015   6.4807E+015    1.088
       2000.00    1.2332E+007   2.6696E+017   2.7720E+017    1.038

            Partition function of structure    6
     ================================================================
          T(K)      Rot.          SS-HO           SS-T     SS-T/SS-HO
        600.00    2.0189E+006   1.3766E-031   1.7716E-031    1.287
        700.00    2.5441E+006   1.0828E-023   1.4505E-023    1.340
        800.00    3.1083E+006   1.8554E-017   2.5536E-017    1.376
        900.00    3.7089E+006   2.3966E-012   3.3521E-012    1.399
       1000.00    4.3439E+006   4.9203E-008   6.9300E-008    1.408
       1100.00    5.0115E+006   2.5852E-004   3.6380E-004    1.407
       1200.00    5.7102E+006   4.7834E-001   6.6806E-001    1.397
       1300.00    6.4387E+006   3.8931E+002   5.3653E+002    1.378
       1400.00    7.1957E+006   1.6359E+005   2.2138E+005    1.353
       1500.00    7.9803E+006   3.9961E+007   5.2874E+007    1.323
       1600.00    8.7915E+006   6.2083E+009   8.0027E+009    1.289
       1700.00    9.6284E+006   6.5770E+011   8.2336E+011    1.252
       1800.00    1.0490E+007   5.0190E+013   6.0859E+013    1.213
       1900.00    1.1377E+007   2.8831E+015   3.3784E+015    1.172
       2000.00    1.2286E+007   1.2919E+017   1.4602E+017    1.130

            Partition function of structure    7
     ================================================================
          T(K)      Rot.          SS-HO           SS-T     SS-T/SS-HO
        600.00    2.2438E+006   2.3714E-031   2.6804E-031    1.130
        700.00    2.8275E+006   1.9046E-023   2.2592E-023    1.186
        800.00    3.4546E+006   3.3151E-017   4.0694E-017    1.228
        900.00    4.1221E+006   4.3346E-012   5.4401E-012    1.255
       1000.00    4.8279E+006   8.9862E-008   1.1412E-007    1.270
       1100.00    5.5699E+006   4.7592E-004   6.0618E-004    1.274
       1200.00    6.3464E+006   8.8642E-001   1.1238E+000    1.268
       1300.00    7.1560E+006   7.2547E+002   9.0959E+002    1.254
       1400.00    7.9974E+006   3.0630E+005   3.7769E+005    1.233
       1500.00    8.8694E+006   7.5129E+007   9.0679E+007    1.207
       1600.00    9.7710E+006   1.1714E+010   1.3784E+010    1.177
       1700.00    1.0701E+007   1.2449E+012   1.4231E+012    1.143
       1800.00    1.1659E+007   9.5264E+013   1.0550E+014    1.107
       1900.00    1.2644E+007   5.4858E+015   5.8703E+015    1.070
       2000.00    1.3655E+007   2.4637E+017   2.5422E+017    1.032

            Partition function of structure    8
     ================================================================
          T(K)      Rot.          SS-HO           SS-T     SS-T/SS-HO
        600.00    2.1468E+006   4.9257E-031   5.8837E-031    1.195
        700.00    2.7052E+006   3.9485E-023   4.7141E-023    1.194
        800.00    3.3052E+006   6.8645E-017   8.0461E-017    1.172
        900.00    3.9439E+006   8.9686E-012   1.0183E-011    1.135
       1000.00    4.6191E+006   1.8584E-007   2.0235E-007    1.089
       1100.00    5.3290E+006   9.8393E-004   1.0195E-003    1.036
       1200.00    6.0720E+006   1.8323E+000   1.7960E+000    0.980
       1300.00    6.8466E+006   1.4995E+003   1.3843E+003    0.923
       1400.00    7.6516E+006   6.3308E+005   5.4860E+005    0.867
       1500.00    8.4859E+006   1.5528E+008   1.2600E+008    0.811
       1600.00    9.3484E+006   2.4213E+010   1.8363E+010    0.758
       1700.00    1.0238E+007   2.5734E+012   1.8218E+012    0.708
       1800.00    1.1155E+007   1.9695E+014   1.3005E+014    0.660
       1900.00    1.2097E+007   1.1342E+016   6.9823E+015    0.616
       2000.00    1.3065E+007   5.0946E+017   2.9232E+017    0.574

            Partition function of structure    9
     ================================================================
          T(K)      Rot.          SS-HO           SS-T     SS-T/SS-HO
        600.00    2.0932E+006   3.3823E-031   4.2037E-031    1.243
        700.00    2.6377E+006   2.7125E-023   3.4861E-023    1.285
        800.00    3.2227E+006   4.7173E-017   6.1395E-017    1.301
        900.00    3.8454E+006   6.1650E-012   7.9938E-012    1.297
       1000.00    4.5038E+006   1.2778E-007   1.6298E-007    1.275
       1100.00    5.1960E+006   6.7666E-004   8.4052E-004    1.242
       1200.00    5.9205E+006   1.2603E+000   1.5127E+000    1.200
       1300.00    6.6757E+006   1.0315E+003   1.1889E+003    1.153
       1400.00    7.4606E+006   4.3558E+005   4.7968E+005    1.101
       1500.00    8.2741E+006   1.0686E+008   1.1200E+008    1.048
       1600.00    9.1151E+006   1.6664E+010   1.6574E+010    0.995
       1700.00    9.9829E+006   1.7712E+012   1.6677E+012    0.942
       1800.00    1.0877E+007   1.3557E+014   1.2062E+014    0.890
       1900.00    1.1795E+007   7.8084E+015   6.5556E+015    0.840
       2000.00    1.2739E+007   3.5075E+017   2.7760E+017    0.791

            Partition function of structure   10
     ================================================================
          T(K)      Rot.          SS-HO           SS-T     SS-T/SS-HO
        600.00    2.1218E+006   3.4591E-031   4.3486E-031    1.257
        700.00    2.6738E+006   2.7871E-023   3.5988E-023    1.291
        800.00    3.2667E+006   4.8642E-017   6.3138E-017    1.298
        900.00    3.8980E+006   6.3745E-012   8.1816E-012    1.283
       1000.00    4.5654E+006   1.3241E-007   1.6592E-007    1.253
       1100.00    5.2670E+006   7.0248E-004   8.5097E-004    1.211
       1200.00    6.0013E+006   1.3104E+000   1.5228E+000    1.162
       1300.00    6.7669E+006   1.0739E+003   1.1901E+003    1.108
       1400.00    7.5625E+006   4.5399E+005   4.7756E+005    1.052
       1500.00    8.3871E+006   1.1148E+008   1.1091E+008    0.995
       1600.00    9.2396E+006   1.7399E+010   1.6327E+010    0.938
       1700.00    1.0119E+007   1.8508E+012   1.6347E+012    0.883
       1800.00    1.1025E+007   1.4176E+014   1.1767E+014    0.830
       1900.00    1.1957E+007   8.1695E+015   6.3663E+015    0.779
       2000.00    1.2913E+007   3.6717E+017   2.6841E+017    0.731

            Partition function of structure   11
     ================================================================
          T(K)      Rot.          SS-HO           SS-T     SS-T/SS-HO
        600.00    2.1088E+006   2.3676E-031   3.1545E-031    1.332
        700.00    2.6574E+006   1.9078E-023   2.6435E-023    1.386
        800.00    3.2468E+006   3.3301E-017   4.7125E-017    1.415
        900.00    3.8742E+006   4.3648E-012   6.2175E-012    1.424
       1000.00    4.5375E+006   9.0680E-008   1.2851E-007    1.417
       1100.00    5.2349E+006   4.8116E-004   6.7208E-004    1.397
       1200.00    5.9647E+006   8.9768E-001   1.2263E+000    1.366
       1300.00    6.7256E+006   7.3580E+002   9.7693E+002    1.328
       1400.00    7.5164E+006   3.1109E+005   3.9937E+005    1.284
       1500.00    8.3359E+006   7.6397E+007   9.4434E+007    1.236
       1600.00    9.1832E+006   1.1925E+010   1.4144E+010    1.186
       1700.00    1.0057E+007   1.2686E+012   1.4398E+012    1.135
       1800.00    1.0958E+007   9.7176E+013   1.0529E+014    1.083
       1900.00    1.1884E+007   5.6009E+015   5.7826E+015    1.032
       2000.00    1.2834E+007   2.5175E+017   2.4732E+017    0.982

            Partition function of structure   12
     ================================================================
          T(K)      Rot.          SS-HO           SS-T     SS-T/SS-HO
        600.00    1.9213E+006   1.0001E-031   1.2225E-031    1.222
        700.00    2.4211E+006   8.2249E-024   1.0500E-023    1.277
        800.00    2.9580E+006   1.4573E-017   1.9225E-017    1.319
        900.00    3.5296E+006   1.9318E-012   2.6097E-012    1.351
       1000.00    4.1339E+006   4.0489E-008   5.5562E-008    1.372
       1100.00    4.7693E+006   2.1635E-004   2.9943E-004    1.384
       1200.00    5.4342E+006   4.0594E-001   5.6300E-001    1.387
       1300.00    6.1274E+006   3.3430E+002   4.6194E+002    1.382
       1400.00    6.8478E+006   1.4189E+005   1.9434E+005    1.370
       1500.00    7.5945E+006   3.4960E+007   4.7249E+007    1.352
       1600.00    8.3665E+006   5.4723E+009   7.2683E+009    1.328
       1700.00    9.1629E+006   5.8356E+011   7.5901E+011    1.301
       1800.00    9.9832E+006   4.4793E+013   5.6875E+013    1.270
       1900.00    1.0827E+007   2.5864E+015   3.1973E+015    1.236
       2000.00    1.1692E+007   1.1644E+017   1.3980E+017    1.201

     ================================================================
              Partition Functions Including All Structures
        -----------------------------------------------------------
        Zero of energy is set to potential energy of global minimum
        -----------------------------------------------------------
        T(K)    Elec.        Trans.              Con-rovib
                                            MS-LH    or     MS-T
        600.00  2.0000E+000  3.4350E+008  3.9526E-030  5.2703E-030
        700.00  2.0000E+000  5.0500E+008  3.0748E-022  4.2391E-022
        800.00  2.0000E+000  7.0513E+008  5.2320E-016  7.3236E-016
        900.00  2.0000E+000  9.4656E+008  6.7265E-011  9.4219E-011
       1000.00  2.0000E+000  1.2318E+009  1.3764E-006  1.9071E-006
       1100.00  2.0000E+000  1.5632E+009  7.2150E-003  9.7968E-003
       1200.00  2.0000E+000  1.9431E+009  1.3326E+001  1.7601E+001
       1300.00  2.0000E+000  2.3736E+009  1.0831E+004  1.3833E+004
       1400.00  2.0000E+000  2.8567E+009  4.5464E+006  5.5874E+006
       1500.00  2.0000E+000  3.3945E+009  1.1096E+009  1.3072E+009
       1600.00  2.0000E+000  3.9888E+009  1.7228E+011  1.9392E+011
       1700.00  2.0000E+000  4.6416E+009  1.8241E+013  1.9571E+013
       1800.00  2.0000E+000  5.3546E+009  1.3913E+015  1.4201E+015
       1900.00  2.0000E+000  6.1295E+009  7.9892E+016  7.7450E+016
       2000.00  2.0000E+000  6.9682E+009  3.5789E+018  3.2914E+018

             Total Partition Function (E + T + Con-rovib)
             ---------------------------------------------
                T(K)     E + T + MS-LH     E + T + MS-T
                600.00     2.7154E-021       3.6206E-021
                700.00     3.1055E-013       4.2814E-013
                800.00     7.3785E-007       1.0328E-006
                900.00     1.2734E-001       1.7837E-001
               1000.00     3.3910E+003       4.6983E+003
               1100.00     2.2557E+007       3.0629E+007
               1200.00     5.1787E+010       6.8402E+010
               1300.00     5.1416E+013       6.5667E+013
               1400.00     2.5975E+016       3.1923E+016
               1500.00     7.5332E+018       8.8742E+018
               1600.00     1.3744E+021       1.5470E+021
               1700.00     1.6933E+023       1.8168E+023
               1800.00     1.4900E+025       1.5208E+025
               1900.00     9.7940E+026       9.4947E+026
               2000.00     4.9877E+028       4.5870E+028

     ================================================================
              Partition Functions Including All Structures
        -----------------------------------------------------------
                    Zero of energy is set to ZPE
        -----------------------------------------------------------
        T(K)             Con-rovib                Total
                   MS-LH        MS-T       E+T+MS-LH    E+T+MS-T
        600.00  3.6380E+015  4.8507E+015  2.4993E+024  3.3324E+024
        700.00  1.0675E+017  1.4717E+017  1.0781E+026  1.4864E+026
        800.00  2.7647E+018  3.8699E+018  3.8989E+027  5.4576E+027
        900.00  6.3646E+019  8.9150E+019  1.2049E+029  1.6877E+029
       1000.00  1.3096E+021  1.8145E+021  3.2264E+030  4.4702E+030
       1100.00  2.4212E+022  3.2877E+022  7.5699E+031  1.0279E+032
       1200.00  4.0428E+023  5.3399E+023  1.5711E+033  2.0752E+033
       1300.00  6.1273E+024  7.8256E+024  2.9087E+034  3.7149E+034
       1400.00  8.4712E+025  1.0411E+026  4.8399E+035  5.9481E+035
       1500.00  1.0734E+027  1.2645E+027  7.2873E+036  8.5846E+036
       1600.00  1.2523E+028  1.4097E+028  9.9906E+037  1.1246E+038
       1700.00  1.3511E+029  1.4496E+029  1.2542E+039  1.3457E+039
       1800.00  1.3534E+030  1.3814E+030  1.4494E+040  1.4793E+040
       1900.00  1.2637E+031  1.2251E+031  1.5492E+041  1.5019E+041
       2000.00  1.1039E+032  1.0153E+032  1.5385E+042  1.4149E+042
     ================================================================

                     ==============================
                          Thermodynamic Functions
                      (Ideal gas at standard state)
                     ==============================
     T  - Temperature (Kelvin)        G  - Gibbs Free Energy (kcal/mol)
     E  - Thermal Energy (kcal/mol)   H  - Enthalpy (kcal/mol)
     S  - Entropy (cal/(mol-K))
     Cp - Heat Capacity at Constant Pressure (cal/(mol-K))
        -----------------------------------------------------------
        Zero of energy is set to potential energy of global minimum
        -----------------------------------------------------------

               Contribution from electronic P.F. 
     ================================================================
                  T          G          E          S
                600.00      -0.826      0.000      1.377
                700.00      -0.964      0.000      1.377
                800.00      -1.102      0.000      1.377
                900.00      -1.240      0.000      1.377
               1000.00      -1.377      0.000      1.377
               1100.00      -1.515      0.000      1.377
               1200.00      -1.653      0.000      1.377
               1300.00      -1.791      0.000      1.377
               1400.00      -1.928      0.000      1.377
               1500.00      -2.066      0.000      1.377
               1600.00      -2.204      0.000      1.377
               1700.00      -2.342      0.000      1.377
               1800.00      -2.479      0.000      1.377
               1900.00      -2.617      0.000      1.377
               2000.00      -2.755      0.000      1.377

               Contribution from translational P.F. 
     ================================================================
                  T          G          E          S
                600.00     -23.435      1.788     44.026
                700.00     -27.877      2.087     44.792
                800.00     -32.390      2.385     45.455
                900.00     -36.965      2.683     46.041
               1000.00     -41.596      2.981     46.564
               1100.00     -46.276      3.279     47.037
               1200.00     -51.002      3.577     47.470
               1300.00     -55.769      3.875     47.867
               1400.00     -60.575      4.173     48.236
               1500.00     -65.415      4.471     48.578
               1600.00     -70.289      4.769     48.899
               1700.00     -75.195      5.067     49.200
               1800.00     -80.129      5.365     49.484
               1900.00     -85.091      5.664     49.753
               2000.00     -90.079      5.962     50.008

        Contribution from conformational-rovibrational P.F. (MS-LH)
     ================================================================
                  T          G          E          S
                600.00      80.724    148.090    112.275
                700.00      68.904    155.727    124.034
                800.00      55.939    164.072    135.167
                900.00      41.891    173.013    145.692
               1000.00      26.819    182.462    155.642
               1100.00      10.780    192.344    165.058
               1200.00      -6.176    202.597    173.977
               1300.00     -24.000    213.170    182.439
               1400.00     -42.649    224.019    190.477
               1500.00     -62.082    235.106    198.126
               1600.00     -82.262    246.400    205.414
               1700.00    -103.154    257.875    212.370
               1800.00    -124.726    269.508    219.019
               1900.00    -146.949    281.279    225.383
               2000.00    -169.794    293.173    231.484

        Contribution from conformational-rovibrational P.F. (MS-T)
     ================================================================
                  T          G          E          S
                600.00      80.381    148.404    113.371
                700.00      68.457    155.957    125.000
                800.00      55.404    164.166    135.952
                900.00      41.288    172.924    146.262
               1000.00      26.171    182.146    155.975
               1100.00      10.111    191.763    165.137
               1200.00      -6.839    201.715    173.795
               1300.00     -24.632    211.954    181.989
               1400.00     -43.223    222.440    189.759
               1500.00     -62.571    233.138    197.139
               1600.00     -82.639    244.019    204.161
               1700.00    -103.392    255.059    210.854
               1800.00    -124.799    266.238    217.243
               1900.00    -146.831    277.539    223.353
               2000.00    -169.461    288.945    229.203

     Total (Translational + Electronic + conformational-rovib.(MS-LH))
     ======================================================================
              T          G          E          H          S          Cp
            600.00      56.463    149.878    151.071    157.679     77.381
            700.00      40.063    157.814    159.205    170.203     85.083
            800.00      22.447    166.457    168.046    181.999     91.561
            900.00       3.686    175.696    177.484    193.110     97.052
           1000.00     -16.154    185.443    187.430    203.584    101.733
           1100.00     -37.011    195.623    197.809    213.473    105.739
           1200.00     -58.831    206.174    208.559    222.825    109.180
           1300.00     -81.560    217.045    219.629    231.684    112.143
           1400.00    -105.152    228.192    230.974    240.090    114.704
           1500.00    -129.564    239.577    242.558    248.081    116.924
           1600.00    -154.756    251.170    254.349    255.691    118.855
           1700.00    -180.690    262.943    266.321    262.948    120.541
           1800.00    -207.334    274.874    278.451    269.881    122.018
           1900.00    -234.657    286.943    290.719    276.513    123.318
           2000.00    -262.628    299.135    303.109    282.869    124.466

     Total (Translational + Electronic + conformational-rovib.(MS-T))
     ======================================================================
              T          G          E          H          S          Cp
            600.00      56.120    150.193    151.385    158.775     76.805
            700.00      39.616    158.044    159.435    171.170     83.972
            800.00      21.912    166.550    168.140    182.785     89.959
            900.00       3.083    175.607    177.395    193.680     94.999
           1000.00     -16.802    185.127    187.114    203.916     99.267
           1100.00     -37.680    195.041    197.227    213.552    102.899
           1200.00     -59.494    205.292    207.676    222.642    105.999
           1300.00     -82.192    215.829    218.412    231.234    108.655
           1400.00    -105.726    226.613    229.395    239.372    110.938
           1500.00    -130.053    237.609    240.590    247.095    112.908
           1600.00    -155.132    248.788    251.968    254.437    114.614
           1700.00    -180.929    260.127    263.505    261.431    116.097
           1800.00    -207.408    271.604    275.181    268.105    117.391
           1900.00    -234.540    283.202    286.978    274.483    118.525
           2000.00    -262.296    294.907    298.881    280.588    119.523

                        --------------------------------
                         Zero of energy is set to ZPE
                        --------------------------------

     Total (Translational + Electronic + conformational-rovib.(MS-LH))
     ======================================================================
              T          G          E          H          S          Cp
            600.00     -66.983     26.432     27.625    157.679     77.381
            700.00     -83.383     34.368     35.759    170.203     85.083
            800.00    -100.999     43.011     44.600    181.999     91.561
            900.00    -119.760     52.250     54.039    193.110     97.052
           1000.00    -139.600     61.997     63.984    203.584    101.733
           1100.00    -160.457     72.177     74.363    213.473    105.739
           1200.00    -182.276     82.728     85.113    222.825    109.180
           1300.00    -205.006     93.599     96.183    231.684    112.143
           1400.00    -228.598    104.746    107.528    240.090    114.704
           1500.00    -253.010    116.131    119.112    248.081    116.924
           1600.00    -278.202    127.724    130.903    255.691    118.855
           1700.00    -304.136    139.497    142.875    262.948    120.541
           1800.00    -330.780    151.428    155.005    269.881    122.018
           1900.00    -358.102    163.497    167.273    276.513    123.318
           2000.00    -386.074    175.689    179.663    282.869    124.466

     Total (Translational + Electronic + conformational-rovib.(MS-T))
     ======================================================================
              T          G          E          H          S          Cp
            600.00     -67.326     26.747     27.939    158.775     76.805
            700.00     -83.830     34.598     35.989    171.170     83.972
            800.00    -101.534     43.105     44.694    182.785     89.959
            900.00    -120.363     52.161     53.949    193.680     94.999
           1000.00    -140.248     61.681     63.668    203.916     99.267
           1100.00    -161.126     71.596     73.781    213.552    102.899
           1200.00    -182.940     81.846     84.230    222.642    105.999
           1300.00    -205.638     92.383     94.967    231.234    108.655
           1400.00    -229.172    103.167    105.949    239.372    110.938
           1500.00    -253.499    114.163    117.144    247.095    112.908
           1600.00    -278.578    125.342    128.522    254.437    114.614
           1700.00    -304.375    136.681    140.059    261.431    116.097
           1800.00    -330.854    148.158    151.735    268.105    117.391
           1900.00    -357.986    159.756    163.532    274.483    118.525
           2000.00    -385.742    171.461    175.435    280.588    119.523
                   
 F factor (ratio of ro-vib partition functions):
     ================================================================
           T(K)    QMS-T/QSS-HO1   QMS-LH/QSS-HO1
             ---------------------------------------------
            600.00       9.696      7.272
            700.00      10.834      7.858
            800.00      11.672      8.338
            900.00      12.239      8.738
           1000.00      12.574      9.075
           1100.00      12.714      9.363
           1200.00      12.696      9.612
           1300.00      12.554      9.830
           1400.00      12.315     10.021
           1500.00      12.004     10.190
           1600.00      11.640     10.341
           1700.00      11.241     10.477
           1800.00      10.818     10.599
           1900.00      10.383     10.710
           2000.00       9.943     10.811

 ==============================End of MSTor output==============================
